
时间:'2019-04-24 14:03:27'----请求的origin:'http://localhost:9528'----请求的浏览器:'chrome的版本是：73.0.3683.103'----请求的referer:'http://localhost:9528/'----请求的IP:'null'----请求的主机:'localhost:8088'----请求URL:'/girl/updateTop'
时间:'2019-04-24 14:04:14'----请求的origin:'http://localhost:9528'----请求的浏览器:'chrome的版本是：73.0.3683.103'----请求的referer:'http://localhost:9528/'----请求的IP:'null'----请求的主机:'localhost:8088'----请求URL:'/admin/info'
时间:'2019-04-24 14:04:15'----请求的origin:'undefined'----请求的浏览器:'chrome的版本是：73.0.3683.103'----请求的referer:'http://localhost:9528/'----请求的IP:'null'----请求的主机:'localhost:8088'----请求URL:'/img/16a10119cb14.jpg'
时间:'2019-04-24 14:04:15'----请求的origin:'http://localhost:9528'----请求的浏览器:'chrome的版本是：73.0.3683.103'----请求的referer:'http://localhost:9528/'----请求的IP:'null'----请求的主机:'localhost:8088'----请求URL:'/girl/getDetail'
时间:'2019-04-24 14:04:16'----请求的origin:'http://localhost:9528'----请求的浏览器:'chrome的版本是：73.0.3683.103'----请求的referer:'http://localhost:9528/'----请求的IP:'null'----请求的主机:'localhost:8088'----请求URL:'/girl/updateTop'
时间:'2019-04-24 14:04:24'----请求的origin:'http://localhost:9528'----请求的浏览器:'chrome的版本是：73.0.3683.103'----请求的referer:'http://localhost:9528/'----请求的IP:'null'----请求的主机:'localhost:8088'----请求URL:'/spider/getSipderConfig'
时间:'2019-04-24 14:04:25'----请求的origin:'http://localhost:9528'----请求的浏览器:'chrome的版本是：73.0.3683.103'----请求的referer:'http://localhost:9528/'----请求的IP:'null'----请求的主机:'localhost:8088'----请求URL:'/girl/list'
时间:'2019-04-24 14:04:48'----请求的origin:'http://localhost:9528'----请求的浏览器:'chrome的版本是：73.0.3683.103'----请求的referer:'http://localhost:9528/'----请求的IP:'null'----请求的主机:'localhost:8088'----请求URL:'/girl/getDetail'
时间:'2019-04-24 14:04:54'----请求的origin:'http://localhost:9528'----请求的浏览器:'chrome的版本是：73.0.3683.103'----请求的referer:'http://localhost:9528/'----请求的IP:'null'----请求的主机:'localhost:8088'----请求URL:'/girl/updateTop'
时间:'2019-04-24 14:08:47'----请求的origin:'http://localhost:9528'----请求的浏览器:'chrome的版本是：73.0.3683.103'----请求的referer:'http://localhost:9528/'----请求的IP:'null'----请求的主机:'localhost:8088'----请求URL:'/girl/updateTop'
时间:'2019-04-24 14:09:08'----请求的origin:'http://localhost:9528'----请求的浏览器:'chrome的版本是：73.0.3683.103'----请求的referer:'http://localhost:9528/'----请求的IP:'null'----请求的主机:'localhost:8088'----请求URL:'/girl/updateTop'
时间:'2019-04-24 14:09:14'----请求的origin:'http://localhost:9528'----请求的浏览器:'chrome的版本是：73.0.3683.103'----请求的referer:'http://localhost:9528/'----请求的IP:'null'----请求的主机:'localhost:8088'----请求URL:'/spider/getSipderConfig'
时间:'2019-04-24 14:09:14'----请求的origin:'http://localhost:9528'----请求的浏览器:'chrome的版本是：73.0.3683.103'----请求的referer:'http://localhost:9528/'----请求的IP:'null'----请求的主机:'localhost:8088'----请求URL:'/girl/list'
时间:'2019-04-24 14:09:18'----请求的origin:'http://localhost:9528'----请求的浏览器:'chrome的版本是：73.0.3683.103'----请求的referer:'http://localhost:9528/'----请求的IP:'null'----请求的主机:'localhost:8088'----请求URL:'/girl/updateTop'
时间:'2019-04-24 14:09:56'----请求的origin:'http://localhost:9528'----请求的浏览器:'chrome的版本是：73.0.3683.103'----请求的referer:'http://localhost:9528/'----请求的IP:'null'----请求的主机:'localhost:8088'----请求URL:'/admin/info'
时间:'2019-04-24 14:09:56'----请求的origin:'undefined'----请求的浏览器:'chrome的版本是：73.0.3683.103'----请求的referer:'http://localhost:9528/'----请求的IP:'null'----请求的主机:'localhost:8088'----请求URL:'/img/16a10119cb14.jpg'
时间:'2019-04-24 14:09:56'----请求的origin:'http://localhost:9528'----请求的浏览器:'chrome的版本是：73.0.3683.103'----请求的referer:'http://localhost:9528/'----请求的IP:'null'----请求的主机:'localhost:8088'----请求URL:'/spider/getSipderConfig'
时间:'2019-04-24 14:09:56'----请求的origin:'http://localhost:9528'----请求的浏览器:'chrome的版本是：73.0.3683.103'----请求的referer:'http://localhost:9528/'----请求的IP:'null'----请求的主机:'localhost:8088'----请求URL:'/girl/list'
时间:'2019-04-24 14:10:00'----请求的origin:'http://localhost:9528'----请求的浏览器:'chrome的版本是：73.0.3683.103'----请求的referer:'http://localhost:9528/'----请求的IP:'null'----请求的主机:'localhost:8088'----请求URL:'/girl/getDetail'
时间:'2019-04-24 14:10:05'----请求的origin:'http://localhost:9528'----请求的浏览器:'chrome的版本是：73.0.3683.103'----请求的referer:'http://localhost:9528/'----请求的IP:'null'----请求的主机:'localhost:8088'----请求URL:'/girl/updateTop'
时间:'2019-04-24 14:10:17'----请求的origin:'http://localhost:9528'----请求的浏览器:'chrome的版本是：73.0.3683.103'----请求的referer:'http://localhost:9528/'----请求的IP:'null'----请求的主机:'localhost:8088'----请求URL:'/admin/info'
时间:'2019-04-24 14:10:17'----请求的origin:'undefined'----请求的浏览器:'chrome的版本是：73.0.3683.103'----请求的referer:'http://localhost:9528/'----请求的IP:'null'----请求的主机:'localhost:8088'----请求URL:'/img/16a10119cb14.jpg'
时间:'2019-04-24 14:10:17'----请求的origin:'http://localhost:9528'----请求的浏览器:'chrome的版本是：73.0.3683.103'----请求的referer:'http://localhost:9528/'----请求的IP:'null'----请求的主机:'localhost:8088'----请求URL:'/spider/getSipderConfig'
时间:'2019-04-24 14:10:17'----请求的origin:'http://localhost:9528'----请求的浏览器:'chrome的版本是：73.0.3683.103'----请求的referer:'http://localhost:9528/'----请求的IP:'null'----请求的主机:'localhost:8088'----请求URL:'/girl/list'
时间:'2019-04-24 14:10:37'----请求的origin:'http://localhost:9528'----请求的浏览器:'chrome的版本是：73.0.3683.103'----请求的referer:'http://localhost:9528/'----请求的IP:'null'----请求的主机:'localhost:8088'----请求URL:'/girl/getDetail'
时间:'2019-04-24 14:10:38'----请求的origin:'http://localhost:9528'----请求的浏览器:'chrome的版本是：73.0.3683.103'----请求的referer:'http://localhost:9528/'----请求的IP:'null'----请求的主机:'localhost:8088'----请求URL:'/girl/updateTop'
时间:'2019-04-24 14:10:42'----请求的origin:'http://localhost:9528'----请求的浏览器:'chrome的版本是：73.0.3683.103'----请求的referer:'http://localhost:9528/'----请求的IP:'null'----请求的主机:'localhost:8088'----请求URL:'/admin/info'
时间:'2019-04-24 14:10:43'----请求的origin:'undefined'----请求的浏览器:'chrome的版本是：73.0.3683.103'----请求的referer:'http://localhost:9528/'----请求的IP:'null'----请求的主机:'localhost:8088'----请求URL:'/img/16a10119cb14.jpg'
时间:'2019-04-24 14:10:43'----请求的origin:'http://localhost:9528'----请求的浏览器:'chrome的版本是：73.0.3683.103'----请求的referer:'http://localhost:9528/'----请求的IP:'null'----请求的主机:'localhost:8088'----请求URL:'/spider/getSipderConfig'
时间:'2019-04-24 14:10:43'----请求的origin:'http://localhost:9528'----请求的浏览器:'chrome的版本是：73.0.3683.103'----请求的referer:'http://localhost:9528/'----请求的IP:'null'----请求的主机:'localhost:8088'----请求URL:'/girl/list'
时间:'2019-04-24 14:12:04'----请求的origin:'http://localhost:9528'----请求的浏览器:'chrome的版本是：73.0.3683.103'----请求的referer:'http://localhost:9528/'----请求的IP:'null'----请求的主机:'localhost:8088'----请求URL:'/girl/getDetail'
时间:'2019-04-24 14:12:07'----请求的origin:'http://localhost:9528'----请求的浏览器:'chrome的版本是：73.0.3683.103'----请求的referer:'http://localhost:9528/'----请求的IP:'null'----请求的主机:'localhost:8088'----请求URL:'/spider/getSipderConfig'
时间:'2019-04-24 14:12:07'----请求的origin:'http://localhost:9528'----请求的浏览器:'chrome的版本是：73.0.3683.103'----请求的referer:'http://localhost:9528/'----请求的IP:'null'----请求的主机:'localhost:8088'----请求URL:'/girl/list'
时间:'2019-04-24 14:12:15'----请求的origin:'http://localhost:9528'----请求的浏览器:'chrome的版本是：73.0.3683.103'----请求的referer:'http://localhost:9528/'----请求的IP:'null'----请求的主机:'localhost:8088'----请求URL:'/girl/getDetail'
时间:'2019-04-24 14:12:18'----请求的origin:'http://localhost:9528'----请求的浏览器:'chrome的版本是：73.0.3683.103'----请求的referer:'http://localhost:9528/'----请求的IP:'null'----请求的主机:'localhost:8088'----请求URL:'/spider/getSipderConfig'
时间:'2019-04-24 14:12:18'----请求的origin:'http://localhost:9528'----请求的浏览器:'chrome的版本是：73.0.3683.103'----请求的referer:'http://localhost:9528/'----请求的IP:'null'----请求的主机:'localhost:8088'----请求URL:'/girl/list'
时间:'2019-04-24 14:12:23'----请求的origin:'http://localhost:9528'----请求的浏览器:'chrome的版本是：73.0.3683.103'----请求的referer:'http://localhost:9528/'----请求的IP:'null'----请求的主机:'localhost:8088'----请求URL:'/girl/updateTop'
时间:'2019-04-24 14:16:36'----请求的origin:'http://localhost:9528'----请求的浏览器:'chrome的版本是：73.0.3683.103'----请求的referer:'http://localhost:9528/'----请求的IP:'null'----请求的主机:'localhost:8088'----请求URL:'/admin/info'
时间:'2019-04-24 14:16:37'----请求的origin:'undefined'----请求的浏览器:'chrome的版本是：73.0.3683.103'----请求的referer:'http://localhost:9528/'----请求的IP:'null'----请求的主机:'localhost:8088'----请求URL:'/img/16a10119cb14.jpg'
时间:'2019-04-24 14:16:37'----请求的origin:'http://localhost:9528'----请求的浏览器:'chrome的版本是：73.0.3683.103'----请求的referer:'http://localhost:9528/'----请求的IP:'null'----请求的主机:'localhost:8088'----请求URL:'/girl/getDetail'
时间:'2019-04-24 14:16:43'----请求的origin:'http://localhost:9528'----请求的浏览器:'chrome的版本是：73.0.3683.103'----请求的referer:'http://localhost:9528/'----请求的IP:'null'----请求的主机:'localhost:8088'----请求URL:'/spider/getSipderConfig'
时间:'2019-04-24 14:16:43'----请求的origin:'http://localhost:9528'----请求的浏览器:'chrome的版本是：73.0.3683.103'----请求的referer:'http://localhost:9528/'----请求的IP:'null'----请求的主机:'localhost:8088'----请求URL:'/girl/list'
时间:'2019-04-24 14:17:14'----请求的origin:'http://localhost:9528'----请求的浏览器:'chrome的版本是：73.0.3683.103'----请求的referer:'http://localhost:9528/'----请求的IP:'null'----请求的主机:'localhost:8088'----请求URL:'/girl/list'
时间:'2019-04-24 14:17:17'----请求的origin:'http://localhost:9528'----请求的浏览器:'chrome的版本是：73.0.3683.103'----请求的referer:'http://localhost:9528/'----请求的IP:'null'----请求的主机:'localhost:8088'----请求URL:'/girl/list'
时间:'2019-04-24 14:17:19'----请求的origin:'http://localhost:9528'----请求的浏览器:'chrome的版本是：73.0.3683.103'----请求的referer:'http://localhost:9528/'----请求的IP:'null'----请求的主机:'localhost:8088'----请求URL:'/girl/list'
时间:'2019-04-24 14:17:24'----请求的origin:'http://localhost:9528'----请求的浏览器:'chrome的版本是：73.0.3683.103'----请求的referer:'http://localhost:9528/'----请求的IP:'null'----请求的主机:'localhost:8088'----请求URL:'/girl/getDetail'
时间:'2019-04-24 14:17:29'----请求的origin:'http://localhost:9528'----请求的浏览器:'chrome的版本是：73.0.3683.103'----请求的referer:'http://localhost:9528/'----请求的IP:'null'----请求的主机:'localhost:8088'----请求URL:'/spider/getSipderConfig'
时间:'2019-04-24 14:17:29'----请求的origin:'http://localhost:9528'----请求的浏览器:'chrome的版本是：73.0.3683.103'----请求的referer:'http://localhost:9528/'----请求的IP:'null'----请求的主机:'localhost:8088'----请求URL:'/girl/list'
时间:'2019-04-24 14:18:01'----请求的origin:'http://localhost:9528'----请求的浏览器:'chrome的版本是：73.0.3683.103'----请求的referer:'http://localhost:9528/'----请求的IP:'null'----请求的主机:'localhost:8088'----请求URL:'/girl/list'
时间:'2019-04-24 14:42:35'----请求的origin:'http://localhost:9528'----请求的浏览器:'chrome的版本是：73.0.3683.103'----请求的referer:'http://localhost:9528/'----请求的IP:'null'----请求的主机:'localhost:8088'----请求URL:'/admin/logout'
时间:'2019-04-24 14:42:47'----请求的origin:'http://localhost:9528'----请求的浏览器:'chrome的版本是：73.0.3683.103'----请求的referer:'http://localhost:9528/'----请求的IP:'null'----请求的主机:'localhost:8088'----请求URL:'/admin/login'
时间:'2019-04-24 14:42:47'----请求的origin:'http://localhost:9528'----请求的浏览器:'chrome的版本是：73.0.3683.103'----请求的referer:'http://localhost:9528/'----请求的IP:'null'----请求的主机:'localhost:8088'----请求URL:'/admin/info'
时间:'2019-04-24 14:42:48'----请求的origin:'undefined'----请求的浏览器:'chrome的版本是：73.0.3683.103'----请求的referer:'http://localhost:9528/'----请求的IP:'null'----请求的主机:'localhost:8088'----请求URL:'/img/16a10119cb14.jpg'
时间:'2019-04-24 14:42:48'----请求的origin:'http://localhost:9528'----请求的浏览器:'chrome的版本是：73.0.3683.103'----请求的referer:'http://localhost:9528/'----请求的IP:'null'----请求的主机:'localhost:8088'----请求URL:'/spider/getSipderConfig'
时间:'2019-04-24 14:42:48'----请求的origin:'http://localhost:9528'----请求的浏览器:'chrome的版本是：73.0.3683.103'----请求的referer:'http://localhost:9528/'----请求的IP:'null'----请求的主机:'localhost:8088'----请求URL:'/girl/list'
时间:'2019-04-24 14:42:48'----请求的origin:'http://localhost:9528'----请求的浏览器:'chrome的版本是：73.0.3683.103'----请求的referer:'http://localhost:9528/'----请求的IP:'null'----请求的主机:'localhost:8088'----请求URL:'/girl/list'
时间:'2019-04-24 14:42:48'----请求的origin:'http://localhost:9528'----请求的浏览器:'chrome的版本是：73.0.3683.103'----请求的referer:'http://localhost:9528/'----请求的IP:'null'----请求的主机:'localhost:8088'----请求URL:'/spider/getSipderConfig'
时间:'2019-04-24 14:43:35'----请求的origin:'http://localhost:9528'----请求的浏览器:'chrome的版本是：73.0.3683.103'----请求的referer:'http://localhost:9528/'----请求的IP:'null'----请求的主机:'localhost:8088'----请求URL:'/admin/logout'
时间:'2019-04-24 14:43:44'----请求的origin:'http://localhost:9528'----请求的浏览器:'chrome的版本是：73.0.3683.103'----请求的referer:'http://localhost:9528/'----请求的IP:'null'----请求的主机:'localhost:8088'----请求URL:'/admin/login'
时间:'2019-04-24 14:43:44'----请求的origin:'http://localhost:9528'----请求的浏览器:'chrome的版本是：73.0.3683.103'----请求的referer:'http://localhost:9528/'----请求的IP:'null'----请求的主机:'localhost:8088'----请求URL:'/admin/info'
时间:'2019-04-24 14:43:45'----请求的origin:'undefined'----请求的浏览器:'chrome的版本是：73.0.3683.103'----请求的referer:'http://localhost:9528/'----请求的IP:'null'----请求的主机:'localhost:8088'----请求URL:'/img/16a10119cb14.jpg'
时间:'2019-04-24 14:43:45'----请求的origin:'http://localhost:9528'----请求的浏览器:'chrome的版本是：73.0.3683.103'----请求的referer:'http://localhost:9528/'----请求的IP:'null'----请求的主机:'localhost:8088'----请求URL:'/spider/getSipderConfig'
时间:'2019-04-24 14:43:45'----请求的origin:'http://localhost:9528'----请求的浏览器:'chrome的版本是：73.0.3683.103'----请求的referer:'http://localhost:9528/'----请求的IP:'null'----请求的主机:'localhost:8088'----请求URL:'/girl/list'
时间:'2019-04-24 14:46:22'----请求的origin:'http://localhost:9528'----请求的浏览器:'chrome的版本是：73.0.3683.103'----请求的referer:'http://localhost:9528/'----请求的IP:'null'----请求的主机:'localhost:8088'----请求URL:'/admin/logout'
时间:'2019-04-24 14:55:36'----请求的origin:'http://localhost:9528'----请求的浏览器:'chrome的版本是：73.0.3683.103'----请求的referer:'http://localhost:9528/'----请求的IP:'null'----请求的主机:'localhost:8088'----请求URL:'/admin/login'
时间:'2019-04-24 14:55:36'----请求的origin:'http://localhost:9528'----请求的浏览器:'chrome的版本是：73.0.3683.103'----请求的referer:'http://localhost:9528/'----请求的IP:'null'----请求的主机:'localhost:8088'----请求URL:'/admin/info'
时间:'2019-04-24 14:55:37'----请求的origin:'undefined'----请求的浏览器:'chrome的版本是：73.0.3683.103'----请求的referer:'http://localhost:9528/'----请求的IP:'null'----请求的主机:'localhost:8088'----请求URL:'/img/16a10119cb14.jpg'
时间:'2019-04-24 14:55:37'----请求的origin:'http://localhost:9528'----请求的浏览器:'chrome的版本是：73.0.3683.103'----请求的referer:'http://localhost:9528/'----请求的IP:'null'----请求的主机:'localhost:8088'----请求URL:'/spider/getSipderConfig'
时间:'2019-04-24 14:55:37'----请求的origin:'http://localhost:9528'----请求的浏览器:'chrome的版本是：73.0.3683.103'----请求的referer:'http://localhost:9528/'----请求的IP:'null'----请求的主机:'localhost:8088'----请求URL:'/girl/list'
时间:'2019-04-24 14:55:43'----请求的origin:'http://localhost:9528'----请求的浏览器:'chrome的版本是：73.0.3683.103'----请求的referer:'http://localhost:9528/'----请求的IP:'null'----请求的主机:'localhost:8088'----请求URL:'/girl/getDetail'
时间:'2019-04-24 14:56:51'----请求的origin:'http://localhost:9528'----请求的浏览器:'chrome的版本是：73.0.3683.103'----请求的referer:'http://localhost:9528/'----请求的IP:'null'----请求的主机:'localhost:8088'----请求URL:'/spider/getSipderConfig'
时间:'2019-04-24 14:56:51'----请求的origin:'http://localhost:9528'----请求的浏览器:'chrome的版本是：73.0.3683.103'----请求的referer:'http://localhost:9528/'----请求的IP:'null'----请求的主机:'localhost:8088'----请求URL:'/girl/list'
时间:'2019-04-24 14:56:56'----请求的origin:'http://localhost:9528'----请求的浏览器:'chrome的版本是：73.0.3683.103'----请求的referer:'http://localhost:9528/'----请求的IP:'null'----请求的主机:'localhost:8088'----请求URL:'/girl/updateTop'