
时间:'2019-04-24 09:29:57'----请求的origin:'http://localhost:9528'----请求的浏览器:'chrome的版本是：73.0.3683.103'----请求的referer:'http://localhost:9528/'----请求的IP:'null'----请求的主机:'localhost:8088'----请求URL:'/admin/login'
时间:'2019-04-24 09:29:57'----请求的origin:'http://localhost:9528'----请求的浏览器:'chrome的版本是：73.0.3683.103'----请求的referer:'http://localhost:9528/'----请求的IP:'null'----请求的主机:'localhost:8088'----请求URL:'/admin/info'
时间:'2019-04-24 09:29:58'----请求的origin:'http://localhost:9528'----请求的浏览器:'chrome的版本是：73.0.3683.103'----请求的referer:'http://localhost:9528/'----请求的IP:'null'----请求的主机:'localhost:8088'----请求URL:'/common/getCounts'
时间:'2019-04-24 09:31:05'----请求的origin:'http://localhost:9528'----请求的浏览器:'chrome的版本是：73.0.3683.103'----请求的referer:'http://localhost:9528/'----请求的IP:'null'----请求的主机:'localhost:8088'----请求URL:'/admin/info'
时间:'2019-04-24 09:31:24'----请求的origin:'http://localhost:9528'----请求的浏览器:'chrome的版本是：73.0.3683.103'----请求的referer:'http://localhost:9528/'----请求的IP:'null'----请求的主机:'localhost:8088'----请求URL:'/admin/info'
时间:'2019-04-24 09:31:55'----请求的origin:'http://localhost:9528'----请求的浏览器:'chrome的版本是：73.0.3683.103'----请求的referer:'http://localhost:9528/'----请求的IP:'null'----请求的主机:'localhost:8088'----请求URL:'/admin/info'
时间:'2019-04-24 09:32:05'----请求的origin:'http://localhost:9528'----请求的浏览器:'chrome的版本是：73.0.3683.103'----请求的referer:'http://localhost:9528/'----请求的IP:'null'----请求的主机:'localhost:8088'----请求URL:'/common/getCounts'
时间:'2019-04-24 09:32:31'----请求的origin:'http://localhost:9528'----请求的浏览器:'chrome的版本是：73.0.3683.103'----请求的referer:'http://localhost:9528/'----请求的IP:'null'----请求的主机:'localhost:8088'----请求URL:'/common/getCounts'
时间:'2019-04-24 09:32:35'----请求的origin:'http://localhost:9528'----请求的浏览器:'chrome的版本是：73.0.3683.103'----请求的referer:'http://localhost:9528/'----请求的IP:'null'----请求的主机:'localhost:8088'----请求URL:'/common/getCounts'
时间:'2019-04-24 09:32:56'----请求的origin:'http://localhost:9528'----请求的浏览器:'chrome的版本是：73.0.3683.103'----请求的referer:'http://localhost:9528/'----请求的IP:'null'----请求的主机:'localhost:8088'----请求URL:'/admin/info'
时间:'2019-04-24 09:32:57'----请求的origin:'http://localhost:9528'----请求的浏览器:'chrome的版本是：73.0.3683.103'----请求的referer:'http://localhost:9528/'----请求的IP:'null'----请求的主机:'localhost:8088'----请求URL:'/common/getCounts'
时间:'2019-04-24 09:33:18'----请求的origin:'http://localhost:9528'----请求的浏览器:'chrome的版本是：73.0.3683.103'----请求的referer:'http://localhost:9528/'----请求的IP:'null'----请求的主机:'localhost:8088'----请求URL:'/admin/info'
时间:'2019-04-24 09:33:18'----请求的origin:'http://localhost:9528'----请求的浏览器:'chrome的版本是：73.0.3683.103'----请求的referer:'http://localhost:9528/'----请求的IP:'null'----请求的主机:'localhost:8088'----请求URL:'/common/getCounts'
时间:'2019-04-24 09:34:58'----请求的origin:'http://localhost:9528'----请求的浏览器:'chrome的版本是：73.0.3683.103'----请求的referer:'http://localhost:9528/'----请求的IP:'null'----请求的主机:'localhost:8088'----请求URL:'/girl/list'
时间:'2019-04-24 09:34:58'----请求的origin:'http://localhost:9528'----请求的浏览器:'chrome的版本是：73.0.3683.103'----请求的referer:'http://localhost:9528/'----请求的IP:'null'----请求的主机:'localhost:8088'----请求URL:'/spider/getSipderConfig'
时间:'2019-04-24 09:34:59'----请求的origin:'http://localhost:9528'----请求的浏览器:'chrome的版本是：73.0.3683.103'----请求的referer:'http://localhost:9528/'----请求的IP:'null'----请求的主机:'localhost:8088'----请求URL:'/girl/list'
时间:'2019-04-24 09:34:59'----请求的origin:'http://localhost:9528'----请求的浏览器:'chrome的版本是：73.0.3683.103'----请求的referer:'http://localhost:9528/'----请求的IP:'null'----请求的主机:'localhost:8088'----请求URL:'/spider/getSipderConfig'
时间:'2019-04-24 09:35:06'----请求的origin:'http://localhost:9528'----请求的浏览器:'chrome的版本是：73.0.3683.103'----请求的referer:'http://localhost:9528/'----请求的IP:'null'----请求的主机:'localhost:8088'----请求URL:'/admin/info'
时间:'2019-04-24 09:35:07'----请求的origin:'http://localhost:9528'----请求的浏览器:'chrome的版本是：73.0.3683.103'----请求的referer:'http://localhost:9528/'----请求的IP:'null'----请求的主机:'localhost:8088'----请求URL:'/spider/getSipderConfig'
时间:'2019-04-24 09:35:07'----请求的origin:'http://localhost:9528'----请求的浏览器:'chrome的版本是：73.0.3683.103'----请求的referer:'http://localhost:9528/'----请求的IP:'null'----请求的主机:'localhost:8088'----请求URL:'/girl/list'
时间:'2019-04-24 09:35:27'----请求的origin:'http://localhost:9528'----请求的浏览器:'chrome的版本是：73.0.3683.103'----请求的referer:'http://localhost:9528/'----请求的IP:'null'----请求的主机:'localhost:8088'----请求URL:'/admin/getList'
时间:'2019-04-24 09:35:27'----请求的origin:'undefined'----请求的浏览器:'chrome的版本是：73.0.3683.103'----请求的referer:'http://localhost:9528/'----请求的IP:'null'----请求的主机:'localhost:8088'----请求URL:'/img/16a05ebf28b3.png'
时间:'2019-04-24 09:35:27'----请求的origin:'undefined'----请求的浏览器:'chrome的版本是：73.0.3683.103'----请求的referer:'http://localhost:9528/'----请求的IP:'null'----请求的主机:'localhost:8088'----请求URL:'/img/16a05e9e2b72.jpg'
时间:'2019-04-24 09:35:27'----请求的origin:'undefined'----请求的浏览器:'chrome的版本是：73.0.3683.103'----请求的referer:'http://localhost:9528/'----请求的IP:'null'----请求的主机:'localhost:8088'----请求URL:'/img/16a05e0040a1.png'
时间:'2019-04-24 09:35:32'----请求的origin:'http://localhost:9528'----请求的浏览器:'chrome的版本是：73.0.3683.103'----请求的referer:'http://localhost:9528/'----请求的IP:'null'----请求的主机:'localhost:8088'----请求URL:'/log/getVisit'
时间:'2019-04-24 09:35:35'----请求的origin:'http://localhost:9528'----请求的浏览器:'chrome的版本是：73.0.3683.103'----请求的referer:'http://localhost:9528/'----请求的IP:'null'----请求的主机:'localhost:8088'----请求URL:'/log/getFile'
时间:'2019-04-24 09:35:50'----请求的origin:'http://localhost:9528'----请求的浏览器:'chrome的版本是：73.0.3683.103'----请求的referer:'http://localhost:9528/'----请求的IP:'null'----请求的主机:'localhost:8088'----请求URL:'/admin/updateAvatar'
时间:'2019-04-24 09:35:50'----请求的origin:'http://localhost:9528'----请求的浏览器:'chrome的版本是：73.0.3683.103'----请求的referer:'http://localhost:9528/'----请求的IP:'null'----请求的主机:'localhost:8088'----请求URL:'/admin/info'
时间:'2019-04-24 09:35:50'----请求的origin:'undefined'----请求的浏览器:'chrome的版本是：73.0.3683.103'----请求的referer:'http://localhost:9528/'----请求的IP:'null'----请求的主机:'localhost:8088'----请求URL:'/img/16a4cfc1bd15.jpg'
时间:'2019-04-24 09:36:42'----请求的origin:'http://localhost:9528'----请求的浏览器:'chrome的版本是：73.0.3683.103'----请求的referer:'http://localhost:9528/'----请求的IP:'null'----请求的主机:'localhost:8088'----请求URL:'/spider/getSipderConfig'
时间:'2019-04-24 09:36:42'----请求的origin:'http://localhost:9528'----请求的浏览器:'chrome的版本是：73.0.3683.103'----请求的referer:'http://localhost:9528/'----请求的IP:'null'----请求的主机:'localhost:8088'----请求URL:'/girl/list'
时间:'2019-04-24 09:36:42'----请求的origin:'http://localhost:9528'----请求的浏览器:'chrome的版本是：73.0.3683.103'----请求的referer:'http://localhost:9528/'----请求的IP:'null'----请求的主机:'localhost:8088'----请求URL:'/girl/list'
时间:'2019-04-24 09:36:42'----请求的origin:'http://localhost:9528'----请求的浏览器:'chrome的版本是：73.0.3683.103'----请求的referer:'http://localhost:9528/'----请求的IP:'null'----请求的主机:'localhost:8088'----请求URL:'/spider/getSipderConfig'
时间:'2019-04-24 09:36:45'----请求的origin:'http://localhost:9528'----请求的浏览器:'chrome的版本是：73.0.3683.103'----请求的referer:'http://localhost:9528/'----请求的IP:'null'----请求的主机:'localhost:8088'----请求URL:'/log/getVisit'
时间:'2019-04-24 09:36:47'----请求的origin:'http://localhost:9528'----请求的浏览器:'chrome的版本是：73.0.3683.103'----请求的referer:'http://localhost:9528/'----请求的IP:'null'----请求的主机:'localhost:8088'----请求URL:'/log/getFile'
时间:'2019-04-24 09:36:51'----请求的origin:'http://localhost:9528'----请求的浏览器:'chrome的版本是：73.0.3683.103'----请求的referer:'http://localhost:9528/'----请求的IP:'null'----请求的主机:'localhost:8088'----请求URL:'/spider/getSipderConfig'
时间:'2019-04-24 09:36:51'----请求的origin:'http://localhost:9528'----请求的浏览器:'chrome的版本是：73.0.3683.103'----请求的referer:'http://localhost:9528/'----请求的IP:'null'----请求的主机:'localhost:8088'----请求URL:'/girl/list'
时间:'2019-04-24 09:37:00'----请求的origin:'http://localhost:9528'----请求的浏览器:'chrome的版本是：73.0.3683.103'----请求的referer:'http://localhost:9528/'----请求的IP:'null'----请求的主机:'localhost:8088'----请求URL:'/girl/list'
时间:'2019-04-24 09:37:12'----请求的origin:'http://localhost:9528'----请求的浏览器:'chrome的版本是：73.0.3683.103'----请求的referer:'http://localhost:9528/'----请求的IP:'null'----请求的主机:'localhost:8088'----请求URL:'/girl/list'
时间:'2019-04-24 09:37:18'----请求的origin:'http://localhost:9528'----请求的浏览器:'chrome的版本是：73.0.3683.103'----请求的referer:'http://localhost:9528/'----请求的IP:'null'----请求的主机:'localhost:8088'----请求URL:'/girl/list'
时间:'2019-04-24 09:37:21'----请求的origin:'http://localhost:9528'----请求的浏览器:'chrome的版本是：73.0.3683.103'----请求的referer:'http://localhost:9528/'----请求的IP:'null'----请求的主机:'localhost:8088'----请求URL:'/girl/list'
时间:'2019-04-24 09:41:48'----请求的origin:'http://localhost:9528'----请求的浏览器:'chrome的版本是：73.0.3683.103'----请求的referer:'http://localhost:9528/'----请求的IP:'null'----请求的主机:'localhost:8088'----请求URL:'/admin/info'
时间:'2019-04-24 09:41:49'----请求的origin:'undefined'----请求的浏览器:'chrome的版本是：73.0.3683.103'----请求的referer:'http://localhost:9528/'----请求的IP:'null'----请求的主机:'localhost:8088'----请求URL:'/img/16a4cfc1bd15.jpg'
时间:'2019-04-24 09:41:49'----请求的origin:'http://localhost:9528'----请求的浏览器:'chrome的版本是：73.0.3683.103'----请求的referer:'http://localhost:9528/'----请求的IP:'null'----请求的主机:'localhost:8088'----请求URL:'/spider/getSipderConfig'
时间:'2019-04-24 09:41:49'----请求的origin:'http://localhost:9528'----请求的浏览器:'chrome的版本是：73.0.3683.103'----请求的referer:'http://localhost:9528/'----请求的IP:'null'----请求的主机:'localhost:8088'----请求URL:'/girl/list'
时间:'2019-04-24 09:43:53'----请求的origin:'http://localhost:9528'----请求的浏览器:'chrome的版本是：73.0.3683.103'----请求的referer:'http://localhost:9528/'----请求的IP:'null'----请求的主机:'localhost:8088'----请求URL:'/admin/info'
时间:'2019-04-24 09:43:53'----请求的origin:'undefined'----请求的浏览器:'chrome的版本是：73.0.3683.103'----请求的referer:'http://localhost:9528/'----请求的IP:'null'----请求的主机:'localhost:8088'----请求URL:'/img/16a4cfc1bd15.jpg'
时间:'2019-04-24 09:43:54'----请求的origin:'http://localhost:9528'----请求的浏览器:'chrome的版本是：73.0.3683.103'----请求的referer:'http://localhost:9528/'----请求的IP:'null'----请求的主机:'localhost:8088'----请求URL:'/spider/getSipderConfig'
时间:'2019-04-24 09:43:54'----请求的origin:'http://localhost:9528'----请求的浏览器:'chrome的版本是：73.0.3683.103'----请求的referer:'http://localhost:9528/'----请求的IP:'null'----请求的主机:'localhost:8088'----请求URL:'/girl/list'
时间:'2019-04-24 09:44:01'----请求的origin:'http://localhost:9528'----请求的浏览器:'chrome的版本是：73.0.3683.103'----请求的referer:'http://localhost:9528/'----请求的IP:'null'----请求的主机:'localhost:8088'----请求URL:'/ip/getIpList'
时间:'2019-04-24 09:44:03'----请求的origin:'http://localhost:9528'----请求的浏览器:'chrome的版本是：73.0.3683.103'----请求的referer:'http://localhost:9528/'----请求的IP:'null'----请求的主机:'localhost:8088'----请求URL:'/spider/getSipderConfig'
时间:'2019-04-24 09:44:04'----请求的origin:'http://localhost:9528'----请求的浏览器:'chrome的版本是：73.0.3683.103'----请求的referer:'http://localhost:9528/'----请求的IP:'null'----请求的主机:'localhost:8088'----请求URL:'/admin/getList'
时间:'2019-04-24 09:44:04'----请求的origin:'undefined'----请求的浏览器:'chrome的版本是：73.0.3683.103'----请求的referer:'http://localhost:9528/'----请求的IP:'null'----请求的主机:'localhost:8088'----请求URL:'/img/16a05ebf28b3.png'
时间:'2019-04-24 09:44:04'----请求的origin:'undefined'----请求的浏览器:'chrome的版本是：73.0.3683.103'----请求的referer:'http://localhost:9528/'----请求的IP:'null'----请求的主机:'localhost:8088'----请求URL:'/img/16a05e9e2b72.jpg'
时间:'2019-04-24 09:44:04'----请求的origin:'undefined'----请求的浏览器:'chrome的版本是：73.0.3683.103'----请求的referer:'http://localhost:9528/'----请求的IP:'null'----请求的主机:'localhost:8088'----请求URL:'/img/16a05e0040a1.png'
时间:'2019-04-24 09:44:06'----请求的origin:'http://localhost:9528'----请求的浏览器:'chrome的版本是：73.0.3683.103'----请求的referer:'http://localhost:9528/'----请求的IP:'null'----请求的主机:'localhost:8088'----请求URL:'/log/getVisit'
时间:'2019-04-24 09:44:07'----请求的origin:'http://localhost:9528'----请求的浏览器:'chrome的版本是：73.0.3683.103'----请求的referer:'http://localhost:9528/'----请求的IP:'null'----请求的主机:'localhost:8088'----请求URL:'/log/getFile'
时间:'2019-04-24 09:44:27'----请求的origin:'http://localhost:9528'----请求的浏览器:'chrome的版本是：73.0.3683.103'----请求的referer:'http://localhost:9528/'----请求的IP:'null'----请求的主机:'localhost:8088'----请求URL:'/spider/getSipderConfig'
时间:'2019-04-24 09:44:27'----请求的origin:'http://localhost:9528'----请求的浏览器:'chrome的版本是：73.0.3683.103'----请求的referer:'http://localhost:9528/'----请求的IP:'null'----请求的主机:'localhost:8088'----请求URL:'/girl/list'
时间:'2019-04-24 09:44:38'----请求的origin:'http://localhost:9528'----请求的浏览器:'chrome的版本是：73.0.3683.103'----请求的referer:'http://localhost:9528/'----请求的IP:'null'----请求的主机:'localhost:8088'----请求URL:'/spider/getSipderConfig'
时间:'2019-04-24 09:44:38'----请求的origin:'http://localhost:9528'----请求的浏览器:'chrome的版本是：73.0.3683.103'----请求的referer:'http://localhost:9528/'----请求的IP:'null'----请求的主机:'localhost:8088'----请求URL:'/girl/list'
时间:'2019-04-24 09:44:38'----请求的origin:'http://localhost:9528'----请求的浏览器:'chrome的版本是：73.0.3683.103'----请求的referer:'http://localhost:9528/'----请求的IP:'null'----请求的主机:'localhost:8088'----请求URL:'/girl/list'
时间:'2019-04-24 09:44:38'----请求的origin:'http://localhost:9528'----请求的浏览器:'chrome的版本是：73.0.3683.103'----请求的referer:'http://localhost:9528/'----请求的IP:'null'----请求的主机:'localhost:8088'----请求URL:'/spider/getSipderConfig'
时间:'2019-04-24 09:44:45'----请求的origin:'http://localhost:9528'----请求的浏览器:'chrome的版本是：73.0.3683.103'----请求的referer:'http://localhost:9528/'----请求的IP:'null'----请求的主机:'localhost:8088'----请求URL:'/spider/getSipderConfig'
时间:'2019-04-24 09:44:45'----请求的origin:'http://localhost:9528'----请求的浏览器:'chrome的版本是：73.0.3683.103'----请求的referer:'http://localhost:9528/'----请求的IP:'null'----请求的主机:'localhost:8088'----请求URL:'/girl/list'
时间:'2019-04-24 09:44:45'----请求的origin:'http://localhost:9528'----请求的浏览器:'chrome的版本是：73.0.3683.103'----请求的referer:'http://localhost:9528/'----请求的IP:'null'----请求的主机:'localhost:8088'----请求URL:'/girl/list'
时间:'2019-04-24 09:44:45'----请求的origin:'http://localhost:9528'----请求的浏览器:'chrome的版本是：73.0.3683.103'----请求的referer:'http://localhost:9528/'----请求的IP:'null'----请求的主机:'localhost:8088'----请求URL:'/spider/getSipderConfig'
时间:'2019-04-24 09:44:57'----请求的origin:'http://localhost:9528'----请求的浏览器:'chrome的版本是：73.0.3683.103'----请求的referer:'http://localhost:9528/'----请求的IP:'null'----请求的主机:'localhost:8088'----请求URL:'/admin/info'
时间:'2019-04-24 09:44:57'----请求的origin:'undefined'----请求的浏览器:'chrome的版本是：73.0.3683.103'----请求的referer:'http://localhost:9528/'----请求的IP:'null'----请求的主机:'localhost:8088'----请求URL:'/img/16a4cfc1bd15.jpg'
时间:'2019-04-24 09:44:57'----请求的origin:'http://localhost:9528'----请求的浏览器:'chrome的版本是：73.0.3683.103'----请求的referer:'http://localhost:9528/'----请求的IP:'null'----请求的主机:'localhost:8088'----请求URL:'/spider/getSipderConfig'
时间:'2019-04-24 09:44:57'----请求的origin:'http://localhost:9528'----请求的浏览器:'chrome的版本是：73.0.3683.103'----请求的referer:'http://localhost:9528/'----请求的IP:'null'----请求的主机:'localhost:8088'----请求URL:'/girl/list'
时间:'2019-04-24 09:45:01'----请求的origin:'http://localhost:9528'----请求的浏览器:'chrome的版本是：73.0.3683.103'----请求的referer:'http://localhost:9528/'----请求的IP:'null'----请求的主机:'localhost:8088'----请求URL:'/girl/list'
时间:'2019-04-24 09:45:01'----请求的origin:'http://localhost:9528'----请求的浏览器:'chrome的版本是：73.0.3683.103'----请求的referer:'http://localhost:9528/'----请求的IP:'null'----请求的主机:'localhost:8088'----请求URL:'/spider/getSipderConfig'
时间:'2019-04-24 09:45:01'----请求的origin:'http://localhost:9528'----请求的浏览器:'chrome的版本是：73.0.3683.103'----请求的referer:'http://localhost:9528/'----请求的IP:'null'----请求的主机:'localhost:8088'----请求URL:'/girl/list'
时间:'2019-04-24 09:45:01'----请求的origin:'http://localhost:9528'----请求的浏览器:'chrome的版本是：73.0.3683.103'----请求的referer:'http://localhost:9528/'----请求的IP:'null'----请求的主机:'localhost:8088'----请求URL:'/spider/getSipderConfig'
时间:'2019-04-24 09:45:04'----请求的origin:'http://localhost:9528'----请求的浏览器:'chrome的版本是：73.0.3683.103'----请求的referer:'http://localhost:9528/'----请求的IP:'null'----请求的主机:'localhost:8088'----请求URL:'/girl/list'
时间:'2019-04-24 09:45:04'----请求的origin:'http://localhost:9528'----请求的浏览器:'chrome的版本是：73.0.3683.103'----请求的referer:'http://localhost:9528/'----请求的IP:'null'----请求的主机:'localhost:8088'----请求URL:'/spider/getSipderConfig'
时间:'2019-04-24 09:45:05'----请求的origin:'http://localhost:9528'----请求的浏览器:'chrome的版本是：73.0.3683.103'----请求的referer:'http://localhost:9528/'----请求的IP:'null'----请求的主机:'localhost:8088'----请求URL:'/girl/list'
时间:'2019-04-24 09:45:05'----请求的origin:'http://localhost:9528'----请求的浏览器:'chrome的版本是：73.0.3683.103'----请求的referer:'http://localhost:9528/'----请求的IP:'null'----请求的主机:'localhost:8088'----请求URL:'/spider/getSipderConfig'
时间:'2019-04-24 09:45:35'----请求的origin:'http://localhost:9528'----请求的浏览器:'chrome的版本是：73.0.3683.103'----请求的referer:'http://localhost:9528/'----请求的IP:'null'----请求的主机:'localhost:8088'----请求URL:'/admin/info'
时间:'2019-04-24 09:45:36'----请求的origin:'undefined'----请求的浏览器:'chrome的版本是：73.0.3683.103'----请求的referer:'http://localhost:9528/'----请求的IP:'null'----请求的主机:'localhost:8088'----请求URL:'/img/16a4cfc1bd15.jpg'
时间:'2019-04-24 09:45:36'----请求的origin:'http://localhost:9528'----请求的浏览器:'chrome的版本是：73.0.3683.103'----请求的referer:'http://localhost:9528/'----请求的IP:'null'----请求的主机:'localhost:8088'----请求URL:'/girl/list'
时间:'2019-04-24 09:45:36'----请求的origin:'http://localhost:9528'----请求的浏览器:'chrome的版本是：73.0.3683.103'----请求的referer:'http://localhost:9528/'----请求的IP:'null'----请求的主机:'localhost:8088'----请求URL:'/spider/getSipderConfig'
时间:'2019-04-24 09:45:43'----请求的origin:'http://localhost:9528'----请求的浏览器:'chrome的版本是：73.0.3683.103'----请求的referer:'http://localhost:9528/'----请求的IP:'null'----请求的主机:'localhost:8088'----请求URL:'/spider/getSipderConfig'
时间:'2019-04-24 09:45:43'----请求的origin:'http://localhost:9528'----请求的浏览器:'chrome的版本是：73.0.3683.103'----请求的referer:'http://localhost:9528/'----请求的IP:'null'----请求的主机:'localhost:8088'----请求URL:'/girl/list'
时间:'2019-04-24 09:45:43'----请求的origin:'http://localhost:9528'----请求的浏览器:'chrome的版本是：73.0.3683.103'----请求的referer:'http://localhost:9528/'----请求的IP:'null'----请求的主机:'localhost:8088'----请求URL:'/girl/list'
时间:'2019-04-24 09:45:43'----请求的origin:'http://localhost:9528'----请求的浏览器:'chrome的版本是：73.0.3683.103'----请求的referer:'http://localhost:9528/'----请求的IP:'null'----请求的主机:'localhost:8088'----请求URL:'/spider/getSipderConfig'
时间:'2019-04-24 09:46:00'----请求的origin:'http://localhost:9528'----请求的浏览器:'chrome的版本是：73.0.3683.103'----请求的referer:'http://localhost:9528/'----请求的IP:'null'----请求的主机:'localhost:8088'----请求URL:'/admin/info'
时间:'2019-04-24 09:46:01'----请求的origin:'undefined'----请求的浏览器:'chrome的版本是：73.0.3683.103'----请求的referer:'http://localhost:9528/'----请求的IP:'null'----请求的主机:'localhost:8088'----请求URL:'/img/16a4cfc1bd15.jpg'
时间:'2019-04-24 09:46:13'----请求的origin:'http://localhost:9528'----请求的浏览器:'chrome的版本是：73.0.3683.103'----请求的referer:'http://localhost:9528/'----请求的IP:'null'----请求的主机:'localhost:8088'----请求URL:'/admin/info'
时间:'2019-04-24 09:46:13'----请求的origin:'undefined'----请求的浏览器:'chrome的版本是：73.0.3683.103'----请求的referer:'http://localhost:9528/'----请求的IP:'null'----请求的主机:'localhost:8088'----请求URL:'/img/16a4cfc1bd15.jpg'
时间:'2019-04-24 09:46:16'----请求的origin:'http://localhost:9528'----请求的浏览器:'chrome的版本是：73.0.3683.103'----请求的referer:'http://localhost:9528/'----请求的IP:'null'----请求的主机:'localhost:8088'----请求URL:'/spider/getSipderConfig'
时间:'2019-04-24 09:46:16'----请求的origin:'http://localhost:9528'----请求的浏览器:'chrome的版本是：73.0.3683.103'----请求的referer:'http://localhost:9528/'----请求的IP:'null'----请求的主机:'localhost:8088'----请求URL:'/girl/list'
时间:'2019-04-24 09:46:16'----请求的origin:'http://localhost:9528'----请求的浏览器:'chrome的版本是：73.0.3683.103'----请求的referer:'http://localhost:9528/'----请求的IP:'null'----请求的主机:'localhost:8088'----请求URL:'/girl/list'
时间:'2019-04-24 09:46:16'----请求的origin:'http://localhost:9528'----请求的浏览器:'chrome的版本是：73.0.3683.103'----请求的referer:'http://localhost:9528/'----请求的IP:'null'----请求的主机:'localhost:8088'----请求URL:'/spider/getSipderConfig'