
时间:'2019-04-24 13:20:25'----请求的origin:'http://localhost:9528'----请求的浏览器:'chrome的版本是：73.0.3683.103'----请求的referer:'http://localhost:9528/'----请求的IP:'null'----请求的主机:'localhost:8088'----请求URL:'/girl/list'
时间:'2019-04-24 13:20:41'----请求的origin:'http://localhost:9528'----请求的浏览器:'chrome的版本是：73.0.3683.103'----请求的referer:'http://localhost:9528/'----请求的IP:'null'----请求的主机:'localhost:8088'----请求URL:'/girl/list'
时间:'2019-04-24 13:20:48'----请求的origin:'http://localhost:9528'----请求的浏览器:'chrome的版本是：73.0.3683.103'----请求的referer:'http://localhost:9528/'----请求的IP:'null'----请求的主机:'localhost:8088'----请求URL:'/girl/getDetail'
时间:'2019-04-24 13:20:52'----请求的origin:'http://localhost:9528'----请求的浏览器:'chrome的版本是：73.0.3683.103'----请求的referer:'http://localhost:9528/'----请求的IP:'null'----请求的主机:'localhost:8088'----请求URL:'/spider/getSipderConfig'
时间:'2019-04-24 13:20:52'----请求的origin:'http://localhost:9528'----请求的浏览器:'chrome的版本是：73.0.3683.103'----请求的referer:'http://localhost:9528/'----请求的IP:'null'----请求的主机:'localhost:8088'----请求URL:'/girl/list'
时间:'2019-04-24 13:21:01'----请求的origin:'http://localhost:9528'----请求的浏览器:'chrome的版本是：73.0.3683.103'----请求的referer:'http://localhost:9528/'----请求的IP:'null'----请求的主机:'localhost:8088'----请求URL:'/girl/list'
时间:'2019-04-24 13:33:45'----请求的origin:'http://localhost:9528'----请求的浏览器:'chrome的版本是：73.0.3683.103'----请求的referer:'http://localhost:9528/'----请求的IP:'null'----请求的主机:'localhost:8088'----请求URL:'/spider/getSipderConfig'
时间:'2019-04-24 13:35:44'----请求的origin:'http://localhost:9528'----请求的浏览器:'chrome的版本是：73.0.3683.103'----请求的referer:'http://localhost:9528/'----请求的IP:'null'----请求的主机:'localhost:8088'----请求URL:'/spider/getSipderConfig'
时间:'2019-04-24 13:35:44'----请求的origin:'http://localhost:9528'----请求的浏览器:'chrome的版本是：73.0.3683.103'----请求的referer:'http://localhost:9528/'----请求的IP:'null'----请求的主机:'localhost:8088'----请求URL:'/girl/list'
时间:'2019-04-24 13:43:29'----请求的origin:'http://localhost:9528'----请求的浏览器:'chrome的版本是：73.0.3683.103'----请求的referer:'http://localhost:9528/'----请求的IP:'null'----请求的主机:'localhost:8088'----请求URL:'/admin/info'
时间:'2019-04-24 13:43:29'----请求的origin:'undefined'----请求的浏览器:'chrome的版本是：73.0.3683.103'----请求的referer:'http://localhost:9528/'----请求的IP:'null'----请求的主机:'localhost:8088'----请求URL:'/img/16a4cfc1bd15.jpg'
时间:'2019-04-24 13:43:29'----请求的origin:'http://localhost:9528'----请求的浏览器:'chrome的版本是：73.0.3683.103'----请求的referer:'http://localhost:9528/'----请求的IP:'null'----请求的主机:'localhost:8088'----请求URL:'/spider/getSipderConfig'
时间:'2019-04-24 13:43:34'----请求的origin:'http://localhost:9528'----请求的浏览器:'chrome的版本是：73.0.3683.103'----请求的referer:'http://localhost:9528/'----请求的IP:'null'----请求的主机:'localhost:8088'----请求URL:'/spider/setTop'
时间:'2019-04-24 13:43:49'----请求的origin:'http://localhost:9528'----请求的浏览器:'chrome的版本是：73.0.3683.103'----请求的referer:'http://localhost:9528/'----请求的IP:'null'----请求的主机:'localhost:8088'----请求URL:'/admin/logout'
时间:'2019-04-24 13:44:02'----请求的origin:'http://localhost:9528'----请求的浏览器:'chrome的版本是：73.0.3683.103'----请求的referer:'http://localhost:9528/'----请求的IP:'null'----请求的主机:'localhost:8088'----请求URL:'/admin/login'
时间:'2019-04-24 13:44:02'----请求的origin:'http://localhost:9528'----请求的浏览器:'chrome的版本是：73.0.3683.103'----请求的referer:'http://localhost:9528/'----请求的IP:'null'----请求的主机:'localhost:8088'----请求URL:'/admin/info'
时间:'2019-04-24 13:44:03'----请求的origin:'undefined'----请求的浏览器:'chrome的版本是：73.0.3683.103'----请求的referer:'http://localhost:9528/'----请求的IP:'null'----请求的主机:'localhost:8088'----请求URL:'/img/16a10119cb14.jpg'
时间:'2019-04-24 13:44:03'----请求的origin:'http://localhost:9528'----请求的浏览器:'chrome的版本是：73.0.3683.103'----请求的referer:'http://localhost:9528/'----请求的IP:'null'----请求的主机:'localhost:8088'----请求URL:'/spider/getSipderConfig'
时间:'2019-04-24 13:44:04'----请求的origin:'http://localhost:9528'----请求的浏览器:'chrome的版本是：73.0.3683.103'----请求的referer:'http://localhost:9528/'----请求的IP:'null'----请求的主机:'localhost:8088'----请求URL:'/spider/setTop'
时间:'2019-04-24 13:44:56'----请求的origin:'http://localhost:9528'----请求的浏览器:'chrome的版本是：73.0.3683.103'----请求的referer:'http://localhost:9528/'----请求的IP:'null'----请求的主机:'localhost:8088'----请求URL:'/spider/getSipderConfig'
时间:'2019-04-24 13:44:56'----请求的origin:'http://localhost:9528'----请求的浏览器:'chrome的版本是：73.0.3683.103'----请求的referer:'http://localhost:9528/'----请求的IP:'null'----请求的主机:'localhost:8088'----请求URL:'/girl/list'
时间:'2019-04-24 13:44:57'----请求的origin:'http://localhost:9528'----请求的浏览器:'chrome的版本是：73.0.3683.103'----请求的referer:'http://localhost:9528/'----请求的IP:'null'----请求的主机:'localhost:8088'----请求URL:'/girl/list'
时间:'2019-04-24 13:44:57'----请求的origin:'http://localhost:9528'----请求的浏览器:'chrome的版本是：73.0.3683.103'----请求的referer:'http://localhost:9528/'----请求的IP:'null'----请求的主机:'localhost:8088'----请求URL:'/spider/getSipderConfig'
时间:'2019-04-24 13:46:14'----请求的origin:'http://localhost:9528'----请求的浏览器:'chrome的版本是：73.0.3683.103'----请求的referer:'http://localhost:9528/'----请求的IP:'null'----请求的主机:'localhost:8088'----请求URL:'/admin/info'
时间:'2019-04-24 13:46:15'----请求的origin:'undefined'----请求的浏览器:'chrome的版本是：73.0.3683.103'----请求的referer:'http://localhost:9528/'----请求的IP:'null'----请求的主机:'localhost:8088'----请求URL:'/img/16a10119cb14.jpg'
时间:'2019-04-24 13:46:15'----请求的origin:'http://localhost:9528'----请求的浏览器:'chrome的版本是：73.0.3683.103'----请求的referer:'http://localhost:9528/'----请求的IP:'null'----请求的主机:'localhost:8088'----请求URL:'/spider/getSipderConfig'
时间:'2019-04-24 13:46:15'----请求的origin:'http://localhost:9528'----请求的浏览器:'chrome的版本是：73.0.3683.103'----请求的referer:'http://localhost:9528/'----请求的IP:'null'----请求的主机:'localhost:8088'----请求URL:'/girl/list'
时间:'2019-04-24 13:48:46'----请求的origin:'http://localhost:9528'----请求的浏览器:'chrome的版本是：73.0.3683.103'----请求的referer:'http://localhost:9528/'----请求的IP:'null'----请求的主机:'localhost:8088'----请求URL:'/girl/list'
时间:'2019-04-24 13:48:50'----请求的origin:'http://localhost:9528'----请求的浏览器:'chrome的版本是：73.0.3683.103'----请求的referer:'http://localhost:9528/'----请求的IP:'null'----请求的主机:'localhost:8088'----请求URL:'/girl/list'
时间:'2019-04-24 13:48:54'----请求的origin:'http://localhost:9528'----请求的浏览器:'chrome的版本是：73.0.3683.103'----请求的referer:'http://localhost:9528/'----请求的IP:'null'----请求的主机:'localhost:8088'----请求URL:'/girl/list'
时间:'2019-04-24 13:49:11'----请求的origin:'http://localhost:9528'----请求的浏览器:'chrome的版本是：73.0.3683.103'----请求的referer:'http://localhost:9528/'----请求的IP:'null'----请求的主机:'localhost:8088'----请求URL:'/girl/list'
时间:'2019-04-24 13:49:15'----请求的origin:'http://localhost:9528'----请求的浏览器:'chrome的版本是：73.0.3683.103'----请求的referer:'http://localhost:9528/'----请求的IP:'null'----请求的主机:'localhost:8088'----请求URL:'/girl/list'
时间:'2019-04-24 13:50:49'----请求的origin:'http://localhost:9528'----请求的浏览器:'chrome的版本是：73.0.3683.103'----请求的referer:'http://localhost:9528/'----请求的IP:'null'----请求的主机:'localhost:8088'----请求URL:'/girl/getDetail'
时间:'2019-04-24 13:51:01'----请求的origin:'http://localhost:9528'----请求的浏览器:'chrome的版本是：73.0.3683.103'----请求的referer:'http://localhost:9528/'----请求的IP:'null'----请求的主机:'localhost:8088'----请求URL:'/spider/getSipderConfig'
时间:'2019-04-24 13:51:01'----请求的origin:'http://localhost:9528'----请求的浏览器:'chrome的版本是：73.0.3683.103'----请求的referer:'http://localhost:9528/'----请求的IP:'null'----请求的主机:'localhost:8088'----请求URL:'/girl/list'
时间:'2019-04-24 13:52:51'----请求的origin:'http://localhost:9528'----请求的浏览器:'chrome的版本是：73.0.3683.103'----请求的referer:'http://localhost:9528/'----请求的IP:'null'----请求的主机:'localhost:8088'----请求URL:'/admin/info'
时间:'2019-04-24 13:52:51'----请求的origin:'undefined'----请求的浏览器:'chrome的版本是：73.0.3683.103'----请求的referer:'http://localhost:9528/'----请求的IP:'null'----请求的主机:'localhost:8088'----请求URL:'/img/16a10119cb14.jpg'
时间:'2019-04-24 13:52:51'----请求的origin:'http://localhost:9528'----请求的浏览器:'chrome的版本是：73.0.3683.103'----请求的referer:'http://localhost:9528/'----请求的IP:'null'----请求的主机:'localhost:8088'----请求URL:'/spider/getSipderConfig'
时间:'2019-04-24 13:52:51'----请求的origin:'http://localhost:9528'----请求的浏览器:'chrome的版本是：73.0.3683.103'----请求的referer:'http://localhost:9528/'----请求的IP:'null'----请求的主机:'localhost:8088'----请求URL:'/girl/list'
时间:'2019-04-24 13:58:10'----请求的origin:'http://localhost:9528'----请求的浏览器:'chrome的版本是：73.0.3683.103'----请求的referer:'http://localhost:9528/'----请求的IP:'null'----请求的主机:'localhost:8088'----请求URL:'/girl/getDetail'
时间:'2019-04-24 13:59:37'----请求的origin:'http://localhost:9528'----请求的浏览器:'chrome的版本是：73.0.3683.103'----请求的referer:'http://localhost:9528/'----请求的IP:'null'----请求的主机:'localhost:8088'----请求URL:'/admin/info'
时间:'2019-04-24 13:59:37'----请求的origin:'undefined'----请求的浏览器:'chrome的版本是：73.0.3683.103'----请求的referer:'http://localhost:9528/'----请求的IP:'null'----请求的主机:'localhost:8088'----请求URL:'/img/16a10119cb14.jpg'
时间:'2019-04-24 13:59:38'----请求的origin:'http://localhost:9528'----请求的浏览器:'chrome的版本是：73.0.3683.103'----请求的referer:'http://localhost:9528/'----请求的IP:'null'----请求的主机:'localhost:8088'----请求URL:'/girl/getDetail'