
时间:'2019-04-24 15:07:49'----请求的origin:'http://localhost:9528'----请求的浏览器:'chrome的版本是：73.0.3683.103'----请求的referer:'http://localhost:9528/'----请求的IP:'127.0.0.1'----请求的主机:'localhost:8088'----请求URL:'/spider/getSipderConfig'
时间:'2019-04-24 15:07:52'----请求的origin:'http://localhost:9528'----请求的浏览器:'chrome的版本是：73.0.3683.103'----请求的referer:'http://localhost:9528/'----请求的IP:'127.0.0.1'----请求的主机:'localhost:8088'----请求URL:'/spider/getSipderConfig'
时间:'2019-04-24 15:07:52'----请求的origin:'http://localhost:9528'----请求的浏览器:'chrome的版本是：73.0.3683.103'----请求的referer:'http://localhost:9528/'----请求的IP:'null'----请求的主机:'localhost:8088'----请求URL:'/girl/list'
时间:'2019-04-24 15:07:57'----请求的origin:'http://localhost:9528'----请求的浏览器:'chrome的版本是：73.0.3683.103'----请求的referer:'http://localhost:9528/'----请求的IP:'null'----请求的主机:'localhost:8088'----请求URL:'/admin/info'
时间:'2019-04-24 15:08:03'----请求的origin:'http://localhost:9528'----请求的浏览器:'chrome的版本是：73.0.3683.103'----请求的referer:'http://localhost:9528/'----请求的IP:'null'----请求的主机:'localhost:8088'----请求URL:'/admin/login'
时间:'2019-04-24 15:08:04'----请求的origin:'http://localhost:9528'----请求的浏览器:'chrome的版本是：73.0.3683.103'----请求的referer:'http://localhost:9528/'----请求的IP:'null'----请求的主机:'localhost:8088'----请求URL:'/admin/info'
时间:'2019-04-24 15:08:04'----请求的origin:'undefined'----请求的浏览器:'chrome的版本是：73.0.3683.103'----请求的referer:'http://localhost:9528/'----请求的IP:'null'----请求的主机:'localhost:8088'----请求URL:'/img/169e1120be73.jpg'
时间:'2019-04-24 15:08:04'----请求的origin:'http://localhost:9528'----请求的浏览器:'chrome的版本是：73.0.3683.103'----请求的referer:'http://localhost:9528/'----请求的IP:'null'----请求的主机:'localhost:8088'----请求URL:'/common/getCounts'
时间:'2019-04-24 15:08:07'----请求的origin:'http://localhost:9528'----请求的浏览器:'chrome的版本是：73.0.3683.103'----请求的referer:'http://localhost:9528/'----请求的IP:'null'----请求的主机:'localhost:8088'----请求URL:'/spider/getSipderConfig'
时间:'2019-04-24 15:08:09'----请求的origin:'http://localhost:9528'----请求的浏览器:'chrome的版本是：73.0.3683.103'----请求的referer:'http://localhost:9528/'----请求的IP:'null'----请求的主机:'localhost:8088'----请求URL:'/spider/setTop'
时间:'2019-04-24 15:09:37'----请求的origin:'http://localhost:9528'----请求的浏览器:'chrome的版本是：73.0.3683.103'----请求的referer:'http://localhost:9528/'----请求的IP:'null'----请求的主机:'localhost:8088'----请求URL:'/spider/setTop'
时间:'2019-04-24 15:10:27'----请求的origin:'http://localhost:9528'----请求的浏览器:'chrome的版本是：73.0.3683.103'----请求的referer:'http://localhost:9528/'----请求的IP:'null'----请求的主机:'localhost:8088'----请求URL:'/admin/info'
时间:'2019-04-24 15:10:28'----请求的origin:'undefined'----请求的浏览器:'chrome的版本是：73.0.3683.103'----请求的referer:'http://localhost:9528/'----请求的IP:'null'----请求的主机:'localhost:8088'----请求URL:'/img/169e1120be73.jpg'
时间:'2019-04-24 15:10:28'----请求的origin:'http://localhost:9528'----请求的浏览器:'chrome的版本是：73.0.3683.103'----请求的referer:'http://localhost:9528/'----请求的IP:'null'----请求的主机:'localhost:8088'----请求URL:'/spider/getSipderConfig'
时间:'2019-04-24 15:10:29'----请求的origin:'http://localhost:9528'----请求的浏览器:'chrome的版本是：73.0.3683.103'----请求的referer:'http://localhost:9528/'----请求的IP:'null'----请求的主机:'localhost:8088'----请求URL:'/spider/setTop'
时间:'2019-04-24 15:12:29'----请求的origin:'http://localhost:9528'----请求的浏览器:'chrome的版本是：73.0.3683.103'----请求的referer:'http://localhost:9528/'----请求的IP:'null'----请求的主机:'localhost:8088'----请求URL:'/spider/setTop'
时间:'2019-04-24 15:13:48'----请求的origin:'http://localhost:9528'----请求的浏览器:'chrome的版本是：73.0.3683.103'----请求的referer:'http://localhost:9528/'----请求的IP:'null'----请求的主机:'localhost:8088'----请求URL:'/spider/setTop'
时间:'2019-04-24 15:14:24'----请求的origin:'http://localhost:9528'----请求的浏览器:'chrome的版本是：73.0.3683.103'----请求的referer:'http://localhost:9528/'----请求的IP:'null'----请求的主机:'localhost:8088'----请求URL:'/spider/setTop'
时间:'2019-04-24 15:16:26'----请求的origin:'http://localhost:9528'----请求的浏览器:'chrome的版本是：73.0.3683.103'----请求的referer:'http://localhost:9528/'----请求的IP:'null'----请求的主机:'localhost:8088'----请求URL:'/admin/info'
时间:'2019-04-24 15:16:27'----请求的origin:'undefined'----请求的浏览器:'chrome的版本是：73.0.3683.103'----请求的referer:'http://localhost:9528/'----请求的IP:'null'----请求的主机:'localhost:8088'----请求URL:'/img/169e1120be73.jpg'
时间:'2019-04-24 15:16:27'----请求的origin:'http://localhost:9528'----请求的浏览器:'chrome的版本是：73.0.3683.103'----请求的referer:'http://localhost:9528/'----请求的IP:'null'----请求的主机:'localhost:8088'----请求URL:'/spider/getSipderConfig'
时间:'2019-04-24 15:16:28'----请求的origin:'http://localhost:9528'----请求的浏览器:'chrome的版本是：73.0.3683.103'----请求的referer:'http://localhost:9528/'----请求的IP:'null'----请求的主机:'localhost:8088'----请求URL:'/spider/setTop'
时间:'2019-04-24 15:16:39'----请求的origin:'http://localhost:9528'----请求的浏览器:'chrome的版本是：73.0.3683.103'----请求的referer:'http://localhost:9528/'----请求的IP:'null'----请求的主机:'localhost:8088'----请求URL:'/spider/getSipderConfig'
时间:'2019-04-24 15:16:39'----请求的origin:'http://localhost:9528'----请求的浏览器:'chrome的版本是：73.0.3683.103'----请求的referer:'http://localhost:9528/'----请求的IP:'null'----请求的主机:'localhost:8088'----请求URL:'/girl/list'
时间:'2019-04-24 15:16:39'----请求的origin:'http://localhost:9528'----请求的浏览器:'chrome的版本是：73.0.3683.103'----请求的referer:'http://localhost:9528/'----请求的IP:'null'----请求的主机:'localhost:8088'----请求URL:'/girl/list'
时间:'2019-04-24 15:16:55'----请求的origin:'http://localhost:9528'----请求的浏览器:'chrome的版本是：73.0.3683.103'----请求的referer:'http://localhost:9528/'----请求的IP:'null'----请求的主机:'localhost:8088'----请求URL:'/spider/getSipderConfig'
时间:'2019-04-24 15:16:56'----请求的origin:'http://localhost:9528'----请求的浏览器:'chrome的版本是：73.0.3683.103'----请求的referer:'http://localhost:9528/'----请求的IP:'null'----请求的主机:'localhost:8088'----请求URL:'/admin/info'
时间:'2019-04-24 15:17:12'----请求的origin:'undefined'----请求的浏览器:'chrome的版本是：73.0.3683.103'----请求的referer:'http://localhost:9528/'----请求的IP:'null'----请求的主机:'localhost:8088'----请求URL:'/img/169e1120be73.jpg'
时间:'2019-04-24 15:17:12'----请求的origin:'http://localhost:9528'----请求的浏览器:'chrome的版本是：73.0.3683.103'----请求的referer:'http://localhost:9528/'----请求的IP:'null'----请求的主机:'localhost:8088'----请求URL:'/spider/getSipderConfig'
时间:'2019-04-24 15:17:12'----请求的origin:'http://localhost:9528'----请求的浏览器:'chrome的版本是：73.0.3683.103'----请求的referer:'http://localhost:9528/'----请求的IP:'null'----请求的主机:'localhost:8088'----请求URL:'/girl/list'
时间:'2019-04-24 15:18:09'----请求的origin:'http://localhost:9528'----请求的浏览器:'chrome的版本是：73.0.3683.103'----请求的referer:'http://localhost:9528/'----请求的IP:'null'----请求的主机:'localhost:8088'----请求URL:'/admin/info'
时间:'2019-04-24 15:18:29'----请求的origin:'undefined'----请求的浏览器:'chrome的版本是：73.0.3683.103'----请求的referer:'http://localhost:9528/'----请求的IP:'null'----请求的主机:'localhost:8088'----请求URL:'/img/169e1120be73.jpg'
时间:'2019-04-24 15:18:29'----请求的origin:'http://localhost:9528'----请求的浏览器:'chrome的版本是：73.0.3683.103'----请求的referer:'http://localhost:9528/'----请求的IP:'null'----请求的主机:'localhost:8088'----请求URL:'/spider/getSipderConfig'
时间:'2019-04-24 15:18:29'----请求的origin:'http://localhost:9528'----请求的浏览器:'chrome的版本是：73.0.3683.103'----请求的referer:'http://localhost:9528/'----请求的IP:'null'----请求的主机:'localhost:8088'----请求URL:'/girl/list'
时间:'2019-04-24 15:19:53'----请求的origin:'http://localhost:9528'----请求的浏览器:'chrome的版本是：73.0.3683.103'----请求的referer:'http://localhost:9528/'----请求的IP:'127.0.0.1'----请求的主机:'localhost:8088'----请求URL:'/spider/setTop'
时间:'2019-04-24 15:48:01'----请求的origin:'http://localhost:9528'----请求的浏览器:'chrome的版本是：73.0.3683.103'----请求的referer:'http://localhost:9528/'----请求的IP:'null'----请求的主机:'localhost:8088'----请求URL:'/spider/setTop'