[2019-04-24T15:07:49.382] [INFO] responseLog - 
*************** response log start ***************
request method: GET
request originalUrl:  /spider/getSipderConfig
request client ip:  127.0.0.1
request query:  {}
response time: 13
response status: 200
response body: 
undefined
*************** response log end ***************

[2019-04-24T15:07:52.423] [INFO] responseLog - 
*************** response log start ***************
request method: GET
request originalUrl:  /spider/getSipderConfig
request client ip:  127.0.0.1
request query:  {}
response time: 1
response status: 200
response body: 
undefined
*************** response log end ***************

[2019-04-24T15:07:52.435] [INFO] responseLog - 
*************** response log start ***************
request method: POST
request originalUrl:  /girl/list
request client ip:  null
request params: 
{}
response time: 2
response status: 200
response body: 
undefined
*************** response log end ***************

[2019-04-24T15:07:57.946] [INFO] responseLog - 
*************** response log start ***************
request method: GET
request originalUrl:  /admin/info
request client ip:  null
request query:  {}
response time: 1
response status: 200
response body: 
undefined
*************** response log end ***************

[2019-04-24T15:08:03.981] [INFO] responseLog - 
*************** response log start ***************
request method: POST
request originalUrl:  /admin/login
request client ip:  null
request params: 
{}
response time: 1
response status: 200
response body: 
undefined
*************** response log end ***************

[2019-04-24T15:08:04.038] [INFO] responseLog - 
*************** response log start ***************
request method: GET
request originalUrl:  /admin/info
request client ip:  null
request query:  {}
response time: 2
response status: 200
response body: 
undefined
*************** response log end ***************

[2019-04-24T15:08:04.337] [INFO] responseLog - 
*************** response log start ***************
request method: GET
request originalUrl:  /img/169e1120be73.jpg
request client ip:  null
request query:  {}
response time: 2
response status: 200
response body: 
undefined
*************** response log end ***************

[2019-04-24T15:08:04.343] [INFO] responseLog - 
*************** response log start ***************
request method: GET
request originalUrl:  /common/getCounts
request client ip:  null
request query:  {}
response time: 1
response status: 200
response body: 
undefined
*************** response log end ***************

[2019-04-24T15:08:07.900] [INFO] responseLog - 
*************** response log start ***************
request method: GET
request originalUrl:  /spider/getSipderConfig
request client ip:  null
request query:  {}
response time: 1
response status: 200
response body: 
undefined
*************** response log end ***************

[2019-04-24T15:08:09.521] [INFO] responseLog - 
*************** response log start ***************
request method: POST
request originalUrl:  /spider/setTop
request client ip:  null
request params: 
{}
response time: 1
response status: 200
response body: 
undefined
*************** response log end ***************

[2019-04-24T15:09:37.163] [INFO] responseLog - 
*************** response log start ***************
request method: POST
request originalUrl:  /spider/setTop
request client ip:  null
request params: 
{}
response time: 6
response status: 200
response body: 
undefined
*************** response log end ***************

[2019-04-24T15:10:27.938] [INFO] responseLog - 
*************** response log start ***************
request method: GET
request originalUrl:  /admin/info
request client ip:  null
request query:  {}
response time: 7
response status: 200
response body: 
undefined
*************** response log end ***************

[2019-04-24T15:10:28.529] [INFO] responseLog - 
*************** response log start ***************
request method: GET
request originalUrl:  /img/169e1120be73.jpg
request client ip:  null
request query:  {}
response time: 2
response status: 200
response body: 
undefined
*************** response log end ***************

[2019-04-24T15:10:28.567] [INFO] responseLog - 
*************** response log start ***************
request method: GET
request originalUrl:  /spider/getSipderConfig
request client ip:  null
request query:  {}
response time: 1
response status: 200
response body: 
undefined
*************** response log end ***************

[2019-04-24T15:10:29.887] [INFO] responseLog - 
*************** response log start ***************
request method: POST
request originalUrl:  /spider/setTop
request client ip:  null
request params: 
{}
response time: 1
response status: 200
response body: 
undefined
*************** response log end ***************

[2019-04-24T15:12:29.891] [INFO] responseLog - 
*************** response log start ***************
request method: POST
request originalUrl:  /spider/setTop
request client ip:  null
request params: 
{}
response time: 1
response status: 200
response body: 
undefined
*************** response log end ***************

[2019-04-24T15:13:48.239] [INFO] responseLog - 
*************** response log start ***************
request method: POST
request originalUrl:  /spider/setTop
request client ip:  null
request params: 
{}
response time: 6
response status: 200
response body: 
undefined
*************** response log end ***************

[2019-04-24T15:14:24.949] [INFO] responseLog - 
*************** response log start ***************
request method: POST
request originalUrl:  /spider/setTop
request client ip:  null
request params: 
{}
response time: 5
response status: 200
response body: 
undefined
*************** response log end ***************

[2019-04-24T15:16:26.914] [INFO] responseLog - 
*************** response log start ***************
request method: GET
request originalUrl:  /admin/info
request client ip:  null
request query:  {}
response time: 6
response status: 200
response body: 
undefined
*************** response log end ***************

[2019-04-24T15:16:27.546] [INFO] responseLog - 
*************** response log start ***************
request method: GET
request originalUrl:  /img/169e1120be73.jpg
request client ip:  null
request query:  {}
response time: 1
response status: 200
response body: 
undefined
*************** response log end ***************

[2019-04-24T15:16:27.564] [INFO] responseLog - 
*************** response log start ***************
request method: GET
request originalUrl:  /spider/getSipderConfig
request client ip:  null
request query:  {}
response time: 1
response status: 200
response body: 
undefined
*************** response log end ***************

[2019-04-24T15:16:28.859] [INFO] responseLog - 
*************** response log start ***************
request method: POST
request originalUrl:  /spider/setTop
request client ip:  null
request params: 
{}
response time: 1
response status: 200
response body: 
undefined
*************** response log end ***************

[2019-04-24T15:16:39.607] [INFO] responseLog - 
*************** response log start ***************
request method: GET
request originalUrl:  /spider/getSipderConfig
request client ip:  null
request query:  {}
response time: 1
response status: 200
response body: 
undefined
*************** response log end ***************

[2019-04-24T15:16:39.619] [INFO] responseLog - 
*************** response log start ***************
request method: POST
request originalUrl:  /girl/list
request client ip:  null
request params: 
{}
response time: 1
response status: 200
response body: 
undefined
*************** response log end ***************

[2019-04-24T15:16:39.809] [INFO] responseLog - 
*************** response log start ***************
request method: POST
request originalUrl:  /girl/list
request client ip:  null
request params: 
{}
response time: 1
response status: 200
response body: 
undefined
*************** response log end ***************

[2019-04-24T15:16:55.963] [INFO] responseLog - 
*************** response log start ***************
request method: GET
request originalUrl:  /spider/getSipderConfig
request client ip:  null
request query:  {}
response time: 1
response status: 200
response body: 
undefined
*************** response log end ***************

[2019-04-24T15:16:56.801] [INFO] responseLog - 
*************** response log start ***************
request method: GET
request originalUrl:  /admin/info
request client ip:  null
request query:  {}
response time: 1
response status: 200
response body: 
undefined
*************** response log end ***************

[2019-04-24T15:17:12.277] [INFO] responseLog - 
*************** response log start ***************
request method: GET
request originalUrl:  /img/169e1120be73.jpg
request client ip:  null
request query:  {}
response time: 1
response status: 200
response body: 
undefined
*************** response log end ***************

[2019-04-24T15:17:12.323] [INFO] responseLog - 
*************** response log start ***************
request method: GET
request originalUrl:  /spider/getSipderConfig
request client ip:  null
request query:  {}
response time: 1
response status: 200
response body: 
undefined
*************** response log end ***************

[2019-04-24T15:17:12.402] [INFO] responseLog - 
*************** response log start ***************
request method: POST
request originalUrl:  /girl/list
request client ip:  null
request params: 
{}
response time: 1
response status: 200
response body: 
undefined
*************** response log end ***************

[2019-04-24T15:18:09.727] [INFO] responseLog - 
*************** response log start ***************
request method: GET
request originalUrl:  /admin/info
request client ip:  null
request query:  {}
response time: 1
response status: 200
response body: 
undefined
*************** response log end ***************

[2019-04-24T15:18:29.838] [INFO] responseLog - 
*************** response log start ***************
request method: GET
request originalUrl:  /img/169e1120be73.jpg
request client ip:  null
request query:  {}
response time: 1
response status: 200
response body: 
undefined
*************** response log end ***************

[2019-04-24T15:18:29.860] [INFO] responseLog - 
*************** response log start ***************
request method: GET
request originalUrl:  /spider/getSipderConfig
request client ip:  null
request query:  {}
response time: 1
response status: 200
response body: 
undefined
*************** response log end ***************

[2019-04-24T15:18:29.899] [INFO] responseLog - 
*************** response log start ***************
request method: POST
request originalUrl:  /girl/list
request client ip:  null
request params: 
{}
response time: 1
response status: 200
response body: 
undefined
*************** response log end ***************

[2019-04-24T15:19:53.359] [INFO] responseLog - 
*************** response log start ***************
request method: POST
request originalUrl:  /spider/setTop
request client ip:  127.0.0.1
request params: 
{}
response time: 6
response status: 200
response body: 
undefined
*************** response log end ***************

[2019-04-24T15:48:01.987] [INFO] responseLog - 
*************** response log start ***************
request method: POST
request originalUrl:  /spider/setTop
request client ip:  null
request params: 
{}
response time: 6
response status: 200
response body: 
undefined
*************** response log end ***************

