[2019-04-24T14:03:27.419] [INFO] responseLog - 
*************** response log start ***************
request method: POST
request originalUrl:  /girl/updateTop
request client ip:  null
request params: 
{}
response time: 5
response status: 200
response body: 
undefined
*************** response log end ***************

[2019-04-24T14:04:14.817] [INFO] responseLog - 
*************** response log start ***************
request method: GET
request originalUrl:  /admin/info
request client ip:  null
request query:  {}
response time: 3
response status: 200
response body: 
undefined
*************** response log end ***************

[2019-04-24T14:04:15.450] [INFO] responseLog - 
*************** response log start ***************
request method: GET
request originalUrl:  /img/16a10119cb14.jpg
request client ip:  null
request query:  {}
response time: 1
response status: 200
response body: 
undefined
*************** response log end ***************

[2019-04-24T14:04:15.496] [INFO] responseLog - 
*************** response log start ***************
request method: POST
request originalUrl:  /girl/getDetail
request client ip:  null
request params: 
{}
response time: 1
response status: 200
response body: 
undefined
*************** response log end ***************

[2019-04-24T14:04:16.986] [INFO] responseLog - 
*************** response log start ***************
request method: POST
request originalUrl:  /girl/updateTop
request client ip:  null
request params: 
{}
response time: 1
response status: 200
response body: 
undefined
*************** response log end ***************

[2019-04-24T14:04:24.992] [INFO] responseLog - 
*************** response log start ***************
request method: GET
request originalUrl:  /spider/getSipderConfig
request client ip:  null
request query:  {}
response time: 1
response status: 200
response body: 
undefined
*************** response log end ***************

[2019-04-24T14:04:25.015] [INFO] responseLog - 
*************** response log start ***************
request method: POST
request originalUrl:  /girl/list
request client ip:  null
request params: 
{}
response time: 1
response status: 200
response body: 
undefined
*************** response log end ***************

[2019-04-24T14:04:48.854] [INFO] responseLog - 
*************** response log start ***************
request method: POST
request originalUrl:  /girl/getDetail
request client ip:  null
request params: 
{}
response time: 1
response status: 200
response body: 
undefined
*************** response log end ***************

[2019-04-24T14:04:54.653] [INFO] responseLog - 
*************** response log start ***************
request method: POST
request originalUrl:  /girl/updateTop
request client ip:  null
request params: 
{}
response time: 1
response status: 200
response body: 
undefined
*************** response log end ***************

[2019-04-24T14:08:47.270] [INFO] responseLog - 
*************** response log start ***************
request method: POST
request originalUrl:  /girl/updateTop
request client ip:  null
request params: 
{}
response time: 4
response status: 200
response body: 
undefined
*************** response log end ***************

[2019-04-24T14:09:08.507] [INFO] responseLog - 
*************** response log start ***************
request method: POST
request originalUrl:  /girl/updateTop
request client ip:  null
request params: 
{}
response time: 8
response status: 200
response body: 
undefined
*************** response log end ***************

[2019-04-24T14:09:14.613] [INFO] responseLog - 
*************** response log start ***************
request method: GET
request originalUrl:  /spider/getSipderConfig
request client ip:  null
request query:  {}
response time: 2
response status: 200
response body: 
undefined
*************** response log end ***************

[2019-04-24T14:09:14.631] [INFO] responseLog - 
*************** response log start ***************
request method: POST
request originalUrl:  /girl/list
request client ip:  null
request params: 
{}
response time: 1
response status: 200
response body: 
undefined
*************** response log end ***************

[2019-04-24T14:09:18.939] [INFO] responseLog - 
*************** response log start ***************
request method: POST
request originalUrl:  /girl/updateTop
request client ip:  null
request params: 
{}
response time: 1
response status: 200
response body: 
undefined
*************** response log end ***************

[2019-04-24T14:09:56.085] [INFO] responseLog - 
*************** response log start ***************
request method: GET
request originalUrl:  /admin/info
request client ip:  null
request query:  {}
response time: 2
response status: 200
response body: 
undefined
*************** response log end ***************

[2019-04-24T14:09:56.761] [INFO] responseLog - 
*************** response log start ***************
request method: GET
request originalUrl:  /img/16a10119cb14.jpg
request client ip:  null
request query:  {}
response time: 1
response status: 200
response body: 
undefined
*************** response log end ***************

[2019-04-24T14:09:56.792] [INFO] responseLog - 
*************** response log start ***************
request method: GET
request originalUrl:  /spider/getSipderConfig
request client ip:  null
request query:  {}
response time: 1
response status: 200
response body: 
undefined
*************** response log end ***************

[2019-04-24T14:09:56.857] [INFO] responseLog - 
*************** response log start ***************
request method: POST
request originalUrl:  /girl/list
request client ip:  null
request params: 
{}
response time: 1
response status: 200
response body: 
undefined
*************** response log end ***************

[2019-04-24T14:10:00.879] [INFO] responseLog - 
*************** response log start ***************
request method: POST
request originalUrl:  /girl/getDetail
request client ip:  null
request params: 
{}
response time: 1
response status: 200
response body: 
undefined
*************** response log end ***************

[2019-04-24T14:10:05.743] [INFO] responseLog - 
*************** response log start ***************
request method: POST
request originalUrl:  /girl/updateTop
request client ip:  null
request params: 
{}
response time: 1
response status: 200
response body: 
undefined
*************** response log end ***************

[2019-04-24T14:10:17.238] [INFO] responseLog - 
*************** response log start ***************
request method: GET
request originalUrl:  /admin/info
request client ip:  null
request query:  {}
response time: 1
response status: 200
response body: 
undefined
*************** response log end ***************

[2019-04-24T14:10:17.683] [INFO] responseLog - 
*************** response log start ***************
request method: GET
request originalUrl:  /img/16a10119cb14.jpg
request client ip:  null
request query:  {}
response time: 1
response status: 200
response body: 
undefined
*************** response log end ***************

[2019-04-24T14:10:17.712] [INFO] responseLog - 
*************** response log start ***************
request method: GET
request originalUrl:  /spider/getSipderConfig
request client ip:  null
request query:  {}
response time: 1
response status: 200
response body: 
undefined
*************** response log end ***************

[2019-04-24T14:10:17.745] [INFO] responseLog - 
*************** response log start ***************
request method: POST
request originalUrl:  /girl/list
request client ip:  null
request params: 
{}
response time: 1
response status: 200
response body: 
undefined
*************** response log end ***************

[2019-04-24T14:10:37.027] [INFO] responseLog - 
*************** response log start ***************
request method: POST
request originalUrl:  /girl/getDetail
request client ip:  null
request params: 
{}
response time: 2
response status: 200
response body: 
undefined
*************** response log end ***************

[2019-04-24T14:10:38.023] [INFO] responseLog - 
*************** response log start ***************
request method: POST
request originalUrl:  /girl/updateTop
request client ip:  null
request params: 
{}
response time: 1
response status: 200
response body: 
undefined
*************** response log end ***************

[2019-04-24T14:10:42.855] [INFO] responseLog - 
*************** response log start ***************
request method: GET
request originalUrl:  /admin/info
request client ip:  null
request query:  {}
response time: 1
response status: 200
response body: 
undefined
*************** response log end ***************

[2019-04-24T14:10:43.316] [INFO] responseLog - 
*************** response log start ***************
request method: GET
request originalUrl:  /img/16a10119cb14.jpg
request client ip:  null
request query:  {}
response time: 1
response status: 200
response body: 
undefined
*************** response log end ***************

[2019-04-24T14:10:43.342] [INFO] responseLog - 
*************** response log start ***************
request method: GET
request originalUrl:  /spider/getSipderConfig
request client ip:  null
request query:  {}
response time: 1
response status: 200
response body: 
undefined
*************** response log end ***************

[2019-04-24T14:10:43.405] [INFO] responseLog - 
*************** response log start ***************
request method: POST
request originalUrl:  /girl/list
request client ip:  null
request params: 
{}
response time: 1
response status: 200
response body: 
undefined
*************** response log end ***************

[2019-04-24T14:12:04.323] [INFO] responseLog - 
*************** response log start ***************
request method: POST
request originalUrl:  /girl/getDetail
request client ip:  null
request params: 
{}
response time: 5
response status: 200
response body: 
undefined
*************** response log end ***************

[2019-04-24T14:12:07.261] [INFO] responseLog - 
*************** response log start ***************
request method: GET
request originalUrl:  /spider/getSipderConfig
request client ip:  null
request query:  {}
response time: 1
response status: 200
response body: 
undefined
*************** response log end ***************

[2019-04-24T14:12:07.276] [INFO] responseLog - 
*************** response log start ***************
request method: POST
request originalUrl:  /girl/list
request client ip:  null
request params: 
{}
response time: 1
response status: 200
response body: 
undefined
*************** response log end ***************

[2019-04-24T14:12:15.606] [INFO] responseLog - 
*************** response log start ***************
request method: POST
request originalUrl:  /girl/getDetail
request client ip:  null
request params: 
{}
response time: 1
response status: 200
response body: 
undefined
*************** response log end ***************

[2019-04-24T14:12:18.558] [INFO] responseLog - 
*************** response log start ***************
request method: GET
request originalUrl:  /spider/getSipderConfig
request client ip:  null
request query:  {}
response time: 1
response status: 200
response body: 
undefined
*************** response log end ***************

[2019-04-24T14:12:18.575] [INFO] responseLog - 
*************** response log start ***************
request method: POST
request originalUrl:  /girl/list
request client ip:  null
request params: 
{}
response time: 1
response status: 200
response body: 
undefined
*************** response log end ***************

[2019-04-24T14:12:23.874] [INFO] responseLog - 
*************** response log start ***************
request method: POST
request originalUrl:  /girl/updateTop
request client ip:  null
request params: 
{}
response time: 1
response status: 200
response body: 
undefined
*************** response log end ***************

[2019-04-24T14:16:36.827] [INFO] responseLog - 
*************** response log start ***************
request method: GET
request originalUrl:  /admin/info
request client ip:  null
request query:  {}
response time: 2
response status: 200
response body: 
undefined
*************** response log end ***************

[2019-04-24T14:16:37.479] [INFO] responseLog - 
*************** response log start ***************
request method: GET
request originalUrl:  /img/16a10119cb14.jpg
request client ip:  null
request query:  {}
response time: 2
response status: 200
response body: 
undefined
*************** response log end ***************

[2019-04-24T14:16:37.504] [INFO] responseLog - 
*************** response log start ***************
request method: POST
request originalUrl:  /girl/getDetail
request client ip:  null
request params: 
{}
response time: 1
response status: 200
response body: 
undefined
*************** response log end ***************

[2019-04-24T14:16:43.326] [INFO] responseLog - 
*************** response log start ***************
request method: GET
request originalUrl:  /spider/getSipderConfig
request client ip:  null
request query:  {}
response time: 1
response status: 200
response body: 
undefined
*************** response log end ***************

[2019-04-24T14:16:43.353] [INFO] responseLog - 
*************** response log start ***************
request method: POST
request originalUrl:  /girl/list
request client ip:  null
request params: 
{}
response time: 1
response status: 200
response body: 
undefined
*************** response log end ***************

[2019-04-24T14:17:14.852] [INFO] responseLog - 
*************** response log start ***************
request method: POST
request originalUrl:  /girl/list
request client ip:  null
request params: 
{}
response time: 1
response status: 200
response body: 
undefined
*************** response log end ***************

[2019-04-24T14:17:17.748] [INFO] responseLog - 
*************** response log start ***************
request method: POST
request originalUrl:  /girl/list
request client ip:  null
request params: 
{}
response time: 1
response status: 200
response body: 
undefined
*************** response log end ***************

[2019-04-24T14:17:19.693] [INFO] responseLog - 
*************** response log start ***************
request method: POST
request originalUrl:  /girl/list
request client ip:  null
request params: 
{}
response time: 1
response status: 200
response body: 
undefined
*************** response log end ***************

[2019-04-24T14:17:24.918] [INFO] responseLog - 
*************** response log start ***************
request method: POST
request originalUrl:  /girl/getDetail
request client ip:  null
request params: 
{}
response time: 2
response status: 200
response body: 
undefined
*************** response log end ***************

[2019-04-24T14:17:29.467] [INFO] responseLog - 
*************** response log start ***************
request method: GET
request originalUrl:  /spider/getSipderConfig
request client ip:  null
request query:  {}
response time: 2
response status: 200
response body: 
undefined
*************** response log end ***************

[2019-04-24T14:17:29.480] [INFO] responseLog - 
*************** response log start ***************
request method: POST
request originalUrl:  /girl/list
request client ip:  null
request params: 
{}
response time: 1
response status: 200
response body: 
undefined
*************** response log end ***************

[2019-04-24T14:18:01.231] [INFO] responseLog - 
*************** response log start ***************
request method: POST
request originalUrl:  /girl/list
request client ip:  null
request params: 
{}
response time: 1
response status: 200
response body: 
undefined
*************** response log end ***************

[2019-04-24T14:42:35.316] [INFO] responseLog - 
*************** response log start ***************
request method: POST
request originalUrl:  /admin/logout
request client ip:  null
request params: 
{}
response time: 6
response status: 200
response body: 
undefined
*************** response log end ***************

[2019-04-24T14:42:47.367] [INFO] responseLog - 
*************** response log start ***************
request method: POST
request originalUrl:  /admin/login
request client ip:  null
request params: 
{}
response time: 1
response status: 200
response body: 
undefined
*************** response log end ***************

[2019-04-24T14:42:47.414] [INFO] responseLog - 
*************** response log start ***************
request method: GET
request originalUrl:  /admin/info
request client ip:  null
request query:  {}
response time: 2
response status: 200
response body: 
undefined
*************** response log end ***************

[2019-04-24T14:42:48.142] [INFO] responseLog - 
*************** response log start ***************
request method: GET
request originalUrl:  /img/16a10119cb14.jpg
request client ip:  null
request query:  {}
response time: 1
response status: 200
response body: 
undefined
*************** response log end ***************

[2019-04-24T14:42:48.169] [INFO] responseLog - 
*************** response log start ***************
request method: GET
request originalUrl:  /spider/getSipderConfig
request client ip:  null
request query:  {}
response time: 1
response status: 200
response body: 
undefined
*************** response log end ***************

[2019-04-24T14:42:48.211] [INFO] responseLog - 
*************** response log start ***************
request method: POST
request originalUrl:  /girl/list
request client ip:  null
request params: 
{}
response time: 1
response status: 200
response body: 
undefined
*************** response log end ***************

[2019-04-24T14:42:48.886] [INFO] responseLog - 
*************** response log start ***************
request method: POST
request originalUrl:  /girl/list
request client ip:  null
request params: 
{}
response time: 1
response status: 200
response body: 
undefined
*************** response log end ***************

[2019-04-24T14:42:48.892] [INFO] responseLog - 
*************** response log start ***************
request method: GET
request originalUrl:  /spider/getSipderConfig
request client ip:  null
request query:  {}
response time: 1
response status: 200
response body: 
undefined
*************** response log end ***************

[2019-04-24T14:43:35.880] [INFO] responseLog - 
*************** response log start ***************
request method: POST
request originalUrl:  /admin/logout
request client ip:  null
request params: 
{}
response time: 6
response status: 200
response body: 
undefined
*************** response log end ***************

[2019-04-24T14:43:44.548] [INFO] responseLog - 
*************** response log start ***************
request method: POST
request originalUrl:  /admin/login
request client ip:  null
request params: 
{}
response time: 2
response status: 200
response body: 
undefined
*************** response log end ***************

[2019-04-24T14:43:44.591] [INFO] responseLog - 
*************** response log start ***************
request method: GET
request originalUrl:  /admin/info
request client ip:  null
request query:  {}
response time: 2
response status: 200
response body: 
undefined
*************** response log end ***************

[2019-04-24T14:43:45.081] [INFO] responseLog - 
*************** response log start ***************
request method: GET
request originalUrl:  /img/16a10119cb14.jpg
request client ip:  null
request query:  {}
response time: 1
response status: 200
response body: 
undefined
*************** response log end ***************

[2019-04-24T14:43:45.098] [INFO] responseLog - 
*************** response log start ***************
request method: GET
request originalUrl:  /spider/getSipderConfig
request client ip:  null
request query:  {}
response time: 1
response status: 200
response body: 
undefined
*************** response log end ***************

[2019-04-24T14:43:45.133] [INFO] responseLog - 
*************** response log start ***************
request method: POST
request originalUrl:  /girl/list
request client ip:  null
request params: 
{}
response time: 1
response status: 200
response body: 
undefined
*************** response log end ***************

[2019-04-24T14:46:22.124] [INFO] responseLog - 
*************** response log start ***************
request method: POST
request originalUrl:  /admin/logout
request client ip:  null
request params: 
{}
response time: 6
response status: 200
response body: 
undefined
*************** response log end ***************

[2019-04-24T14:55:36.519] [INFO] responseLog - 
*************** response log start ***************
request method: POST
request originalUrl:  /admin/login
request client ip:  null
request params: 
{}
response time: 1
response status: 200
response body: 
undefined
*************** response log end ***************

[2019-04-24T14:55:36.566] [INFO] responseLog - 
*************** response log start ***************
request method: GET
request originalUrl:  /admin/info
request client ip:  null
request query:  {}
response time: 1
response status: 200
response body: 
undefined
*************** response log end ***************

[2019-04-24T14:55:37.408] [INFO] responseLog - 
*************** response log start ***************
request method: GET
request originalUrl:  /img/16a10119cb14.jpg
request client ip:  null
request query:  {}
response time: 1
response status: 200
response body: 
undefined
*************** response log end ***************

[2019-04-24T14:55:37.457] [INFO] responseLog - 
*************** response log start ***************
request method: GET
request originalUrl:  /spider/getSipderConfig
request client ip:  null
request query:  {}
response time: 1
response status: 200
response body: 
undefined
*************** response log end ***************

[2019-04-24T14:55:37.504] [INFO] responseLog - 
*************** response log start ***************
request method: POST
request originalUrl:  /girl/list
request client ip:  null
request params: 
{}
response time: 1
response status: 200
response body: 
undefined
*************** response log end ***************

[2019-04-24T14:55:43.054] [INFO] responseLog - 
*************** response log start ***************
request method: POST
request originalUrl:  /girl/getDetail
request client ip:  null
request params: 
{}
response time: 1
response status: 200
response body: 
undefined
*************** response log end ***************

[2019-04-24T14:56:51.706] [INFO] responseLog - 
*************** response log start ***************
request method: GET
request originalUrl:  /spider/getSipderConfig
request client ip:  null
request query:  {}
response time: 2
response status: 200
response body: 
undefined
*************** response log end ***************

[2019-04-24T14:56:51.720] [INFO] responseLog - 
*************** response log start ***************
request method: POST
request originalUrl:  /girl/list
request client ip:  null
request params: 
{}
response time: 1
response status: 200
response body: 
undefined
*************** response log end ***************

[2019-04-24T14:56:56.786] [INFO] responseLog - 
*************** response log start ***************
request method: POST
request originalUrl:  /girl/updateTop
request client ip:  null
request params: 
{}
response time: 1
response status: 200
response body: 
undefined
*************** response log end ***************

