[2019-04-24T10:24:46.494] [INFO] responseLog - 
*************** response log start ***************
request method: POST
request originalUrl:  /ip/getIpList
request client ip:  null
request params: 
{}
response time: 5
response status: 200
response body: 
undefined
*************** response log end ***************

[2019-04-24T10:24:51.255] [INFO] responseLog - 
*************** response log start ***************
request method: POST
request originalUrl:  /ip/checkIp
request client ip:  null
request params: 
{}
response time: 1
response status: 200
response body: 
undefined
*************** response log end ***************

[2019-04-24T10:24:53.754] [INFO] responseLog - 
*************** response log start ***************
request method: POST
request originalUrl:  /ip/getIpList
request client ip:  null
request params: 
{}
response time: 1
response status: 200
response body: 
undefined
*************** response log end ***************

[2019-04-24T10:24:55.835] [INFO] responseLog - 
*************** response log start ***************
request method: POST
request originalUrl:  /ip/checkIp
request client ip:  null
request params: 
{}
response time: 2
response status: 200
response body: 
undefined
*************** response log end ***************

[2019-04-24T10:24:58.403] [INFO] responseLog - 
*************** response log start ***************
request method: POST
request originalUrl:  /ip/getIpList
request client ip:  null
request params: 
{}
response time: 1
response status: 200
response body: 
undefined
*************** response log end ***************

[2019-04-24T10:25:01.279] [INFO] responseLog - 
*************** response log start ***************
request method: POST
request originalUrl:  /ip/getIpList
request client ip:  null
request params: 
{}
response time: 1
response status: 200
response body: 
undefined
*************** response log end ***************

[2019-04-24T10:25:18.313] [INFO] responseLog - 
*************** response log start ***************
request method: GET
request originalUrl:  /spider/getSipderConfig
request client ip:  null
request query:  {}
response time: 1
response status: 200
response body: 
undefined
*************** response log end ***************

