[2019-04-24T13:20:25.495] [INFO] responseLog - 
*************** response log start ***************
request method: POST
request originalUrl:  /girl/list
request client ip:  null
request params: 
{}
response time: 4
response status: 200
response body: 
undefined
*************** response log end ***************

[2019-04-24T13:20:41.315] [INFO] responseLog - 
*************** response log start ***************
request method: POST
request originalUrl:  /girl/list
request client ip:  null
request params: 
{}
response time: 2
response status: 200
response body: 
undefined
*************** response log end ***************

[2019-04-24T13:20:48.030] [INFO] responseLog - 
*************** response log start ***************
request method: POST
request originalUrl:  /girl/getDetail
request client ip:  null
request params: 
{}
response time: 2
response status: 200
response body: 
undefined
*************** response log end ***************

[2019-04-24T13:20:52.567] [INFO] responseLog - 
*************** response log start ***************
request method: GET
request originalUrl:  /spider/getSipderConfig
request client ip:  null
request query:  {}
response time: 1
response status: 200
response body: 
undefined
*************** response log end ***************

[2019-04-24T13:20:52.582] [INFO] responseLog - 
*************** response log start ***************
request method: POST
request originalUrl:  /girl/list
request client ip:  null
request params: 
{}
response time: 1
response status: 200
response body: 
undefined
*************** response log end ***************

[2019-04-24T13:21:01.856] [INFO] responseLog - 
*************** response log start ***************
request method: POST
request originalUrl:  /girl/list
request client ip:  null
request params: 
{}
response time: 1
response status: 200
response body: 
undefined
*************** response log end ***************

[2019-04-24T13:33:45.528] [INFO] responseLog - 
*************** response log start ***************
request method: GET
request originalUrl:  /spider/getSipderConfig
request client ip:  null
request query:  {}
response time: 7
response status: 200
response body: 
undefined
*************** response log end ***************

[2019-04-24T13:35:44.797] [INFO] responseLog - 
*************** response log start ***************
request method: GET
request originalUrl:  /spider/getSipderConfig
request client ip:  null
request query:  {}
response time: 2
response status: 200
response body: 
undefined
*************** response log end ***************

[2019-04-24T13:35:44.809] [INFO] responseLog - 
*************** response log start ***************
request method: POST
request originalUrl:  /girl/list
request client ip:  null
request params: 
{}
response time: 1
response status: 200
response body: 
undefined
*************** response log end ***************

[2019-04-24T13:43:29.017] [INFO] responseLog - 
*************** response log start ***************
request method: GET
request originalUrl:  /admin/info
request client ip:  null
request query:  {}
response time: 6
response status: 200
response body: 
undefined
*************** response log end ***************

[2019-04-24T13:43:29.341] [INFO] responseLog - 
*************** response log start ***************
request method: GET
request originalUrl:  /img/16a4cfc1bd15.jpg
request client ip:  null
request query:  {}
response time: 2
response status: 200
response body: 
undefined
*************** response log end ***************

[2019-04-24T13:43:29.357] [INFO] responseLog - 
*************** response log start ***************
request method: GET
request originalUrl:  /spider/getSipderConfig
request client ip:  null
request query:  {}
response time: 1
response status: 200
response body: 
undefined
*************** response log end ***************

[2019-04-24T13:43:34.086] [INFO] responseLog - 
*************** response log start ***************
request method: POST
request originalUrl:  /spider/setTop
request client ip:  null
request params: 
{}
response time: 1
response status: 200
response body: 
undefined
*************** response log end ***************

[2019-04-24T13:43:49.076] [INFO] responseLog - 
*************** response log start ***************
request method: POST
request originalUrl:  /admin/logout
request client ip:  null
request params: 
{}
response time: 1
response status: 200
response body: 
undefined
*************** response log end ***************

[2019-04-24T13:44:02.572] [INFO] responseLog - 
*************** response log start ***************
request method: POST
request originalUrl:  /admin/login
request client ip:  null
request params: 
{}
response time: 1
response status: 200
response body: 
undefined
*************** response log end ***************

[2019-04-24T13:44:02.609] [INFO] responseLog - 
*************** response log start ***************
request method: GET
request originalUrl:  /admin/info
request client ip:  null
request query:  {}
response time: 2
response status: 200
response body: 
undefined
*************** response log end ***************

[2019-04-24T13:44:03.118] [INFO] responseLog - 
*************** response log start ***************
request method: GET
request originalUrl:  /img/16a10119cb14.jpg
request client ip:  null
request query:  {}
response time: 1
response status: 200
response body: 
undefined
*************** response log end ***************

[2019-04-24T13:44:03.143] [INFO] responseLog - 
*************** response log start ***************
request method: GET
request originalUrl:  /spider/getSipderConfig
request client ip:  null
request query:  {}
response time: 2
response status: 200
response body: 
undefined
*************** response log end ***************

[2019-04-24T13:44:04.705] [INFO] responseLog - 
*************** response log start ***************
request method: POST
request originalUrl:  /spider/setTop
request client ip:  null
request params: 
{}
response time: 2
response status: 200
response body: 
undefined
*************** response log end ***************

[2019-04-24T13:44:56.369] [INFO] responseLog - 
*************** response log start ***************
request method: GET
request originalUrl:  /spider/getSipderConfig
request client ip:  null
request query:  {}
response time: 5
response status: 200
response body: 
undefined
*************** response log end ***************

[2019-04-24T13:44:56.378] [INFO] responseLog - 
*************** response log start ***************
request method: POST
request originalUrl:  /girl/list
request client ip:  null
request params: 
{}
response time: 1
response status: 200
response body: 
undefined
*************** response log end ***************

[2019-04-24T13:44:57.044] [INFO] responseLog - 
*************** response log start ***************
request method: POST
request originalUrl:  /girl/list
request client ip:  null
request params: 
{}
response time: 1
response status: 200
response body: 
undefined
*************** response log end ***************

[2019-04-24T13:44:57.084] [INFO] responseLog - 
*************** response log start ***************
request method: GET
request originalUrl:  /spider/getSipderConfig
request client ip:  null
request query:  {}
response time: 1
response status: 200
response body: 
undefined
*************** response log end ***************

[2019-04-24T13:46:14.865] [INFO] responseLog - 
*************** response log start ***************
request method: GET
request originalUrl:  /admin/info
request client ip:  null
request query:  {}
response time: 1
response status: 200
response body: 
undefined
*************** response log end ***************

[2019-04-24T13:46:15.362] [INFO] responseLog - 
*************** response log start ***************
request method: GET
request originalUrl:  /img/16a10119cb14.jpg
request client ip:  null
request query:  {}
response time: 1
response status: 200
response body: 
undefined
*************** response log end ***************

[2019-04-24T13:46:15.392] [INFO] responseLog - 
*************** response log start ***************
request method: GET
request originalUrl:  /spider/getSipderConfig
request client ip:  null
request query:  {}
response time: 1
response status: 200
response body: 
undefined
*************** response log end ***************

[2019-04-24T13:46:15.432] [INFO] responseLog - 
*************** response log start ***************
request method: POST
request originalUrl:  /girl/list
request client ip:  null
request params: 
{}
response time: 1
response status: 200
response body: 
undefined
*************** response log end ***************

[2019-04-24T13:48:46.668] [INFO] responseLog - 
*************** response log start ***************
request method: POST
request originalUrl:  /girl/list
request client ip:  null
request params: 
{}
response time: 1
response status: 200
response body: 
undefined
*************** response log end ***************

[2019-04-24T13:48:50.731] [INFO] responseLog - 
*************** response log start ***************
request method: POST
request originalUrl:  /girl/list
request client ip:  null
request params: 
{}
response time: 1
response status: 200
response body: 
undefined
*************** response log end ***************

[2019-04-24T13:48:54.390] [INFO] responseLog - 
*************** response log start ***************
request method: POST
request originalUrl:  /girl/list
request client ip:  null
request params: 
{}
response time: 1
response status: 200
response body: 
undefined
*************** response log end ***************

[2019-04-24T13:49:11.836] [INFO] responseLog - 
*************** response log start ***************
request method: POST
request originalUrl:  /girl/list
request client ip:  null
request params: 
{}
response time: 1
response status: 200
response body: 
undefined
*************** response log end ***************

[2019-04-24T13:49:15.118] [INFO] responseLog - 
*************** response log start ***************
request method: POST
request originalUrl:  /girl/list
request client ip:  null
request params: 
{}
response time: 1
response status: 200
response body: 
undefined
*************** response log end ***************

[2019-04-24T13:50:49.761] [INFO] responseLog - 
*************** response log start ***************
request method: POST
request originalUrl:  /girl/getDetail
request client ip:  null
request params: 
{}
response time: 1
response status: 200
response body: 
undefined
*************** response log end ***************

[2019-04-24T13:51:01.267] [INFO] responseLog - 
*************** response log start ***************
request method: GET
request originalUrl:  /spider/getSipderConfig
request client ip:  null
request query:  {}
response time: 1
response status: 200
response body: 
undefined
*************** response log end ***************

[2019-04-24T13:51:01.296] [INFO] responseLog - 
*************** response log start ***************
request method: POST
request originalUrl:  /girl/list
request client ip:  null
request params: 
{}
response time: 1
response status: 200
response body: 
undefined
*************** response log end ***************

[2019-04-24T13:52:51.325] [INFO] responseLog - 
*************** response log start ***************
request method: GET
request originalUrl:  /admin/info
request client ip:  null
request query:  {}
response time: 2
response status: 200
response body: 
undefined
*************** response log end ***************

[2019-04-24T13:52:51.815] [INFO] responseLog - 
*************** response log start ***************
request method: GET
request originalUrl:  /img/16a10119cb14.jpg
request client ip:  null
request query:  {}
response time: 1
response status: 200
response body: 
undefined
*************** response log end ***************

[2019-04-24T13:52:51.850] [INFO] responseLog - 
*************** response log start ***************
request method: GET
request originalUrl:  /spider/getSipderConfig
request client ip:  null
request query:  {}
response time: 1
response status: 200
response body: 
undefined
*************** response log end ***************

[2019-04-24T13:52:51.931] [INFO] responseLog - 
*************** response log start ***************
request method: POST
request originalUrl:  /girl/list
request client ip:  null
request params: 
{}
response time: 1
response status: 200
response body: 
undefined
*************** response log end ***************

[2019-04-24T13:58:10.537] [INFO] responseLog - 
*************** response log start ***************
request method: POST
request originalUrl:  /girl/getDetail
request client ip:  null
request params: 
{}
response time: 5
response status: 200
response body: 
undefined
*************** response log end ***************

[2019-04-24T13:59:37.285] [INFO] responseLog - 
*************** response log start ***************
request method: GET
request originalUrl:  /admin/info
request client ip:  null
request query:  {}
response time: 3
response status: 200
response body: 
undefined
*************** response log end ***************

[2019-04-24T13:59:37.987] [INFO] responseLog - 
*************** response log start ***************
request method: GET
request originalUrl:  /img/16a10119cb14.jpg
request client ip:  null
request query:  {}
response time: 1
response status: 200
response body: 
undefined
*************** response log end ***************

[2019-04-24T13:59:38.004] [INFO] responseLog - 
*************** response log start ***************
request method: POST
request originalUrl:  /girl/getDetail
request client ip:  null
request params: 
{}
response time: 1
response status: 200
response body: 
undefined
*************** response log end ***************

