[2019-04-24T09:29:57.778] [INFO] responseLog - 
*************** response log start ***************
request method: POST
request originalUrl:  /admin/login
request client ip:  null
request params: 
{}
response time: 16
response status: 200
response body: 
undefined
*************** response log end ***************

[2019-04-24T09:29:57.939] [INFO] responseLog - 
*************** response log start ***************
request method: GET
request originalUrl:  /admin/info
request client ip:  null
request query:  {}
response time: 2
response status: 200
response body: 
undefined
*************** response log end ***************

[2019-04-24T09:29:58.887] [INFO] responseLog - 
*************** response log start ***************
request method: GET
request originalUrl:  /common/getCounts
request client ip:  null
request query:  {}
response time: 1
response status: 200
response body: 
undefined
*************** response log end ***************

[2019-04-24T09:31:05.301] [INFO] responseLog - 
*************** response log start ***************
request method: GET
request originalUrl:  /admin/info
request client ip:  null
request query:  {}
response time: 6
response status: 200
response body: 
undefined
*************** response log end ***************

[2019-04-24T09:31:24.207] [INFO] responseLog - 
*************** response log start ***************
request method: GET
request originalUrl:  /admin/info
request client ip:  null
request query:  {}
response time: 1
response status: 200
response body: 
undefined
*************** response log end ***************

[2019-04-24T09:31:55.405] [INFO] responseLog - 
*************** response log start ***************
request method: GET
request originalUrl:  /admin/info
request client ip:  null
request query:  {}
response time: 1
response status: 200
response body: 
undefined
*************** response log end ***************

[2019-04-24T09:32:05.652] [INFO] responseLog - 
*************** response log start ***************
request method: GET
request originalUrl:  /common/getCounts
request client ip:  null
request query:  {}
response time: 1
response status: 200
response body: 
undefined
*************** response log end ***************

[2019-04-24T09:32:31.572] [INFO] responseLog - 
*************** response log start ***************
request method: GET
request originalUrl:  /common/getCounts
request client ip:  null
request query:  {}
response time: 1
response status: 200
response body: 
undefined
*************** response log end ***************

[2019-04-24T09:32:35.374] [INFO] responseLog - 
*************** response log start ***************
request method: GET
request originalUrl:  /common/getCounts
request client ip:  null
request query:  {}
response time: 1
response status: 200
response body: 
undefined
*************** response log end ***************

[2019-04-24T09:32:56.742] [INFO] responseLog - 
*************** response log start ***************
request method: GET
request originalUrl:  /admin/info
request client ip:  null
request query:  {}
response time: 1
response status: 200
response body: 
undefined
*************** response log end ***************

[2019-04-24T09:32:57.352] [INFO] responseLog - 
*************** response log start ***************
request method: GET
request originalUrl:  /common/getCounts
request client ip:  null
request query:  {}
response time: 1
response status: 200
response body: 
undefined
*************** response log end ***************

[2019-04-24T09:33:18.314] [INFO] responseLog - 
*************** response log start ***************
request method: GET
request originalUrl:  /admin/info
request client ip:  null
request query:  {}
response time: 1
response status: 200
response body: 
undefined
*************** response log end ***************

[2019-04-24T09:33:18.571] [INFO] responseLog - 
*************** response log start ***************
request method: GET
request originalUrl:  /common/getCounts
request client ip:  null
request query:  {}
response time: 1
response status: 200
response body: 
undefined
*************** response log end ***************

[2019-04-24T09:34:58.396] [INFO] responseLog - 
*************** response log start ***************
request method: POST
request originalUrl:  /girl/list
request client ip:  null
request params: 
{}
response time: 1
response status: 200
response body: 
undefined
*************** response log end ***************

[2019-04-24T09:34:58.427] [INFO] responseLog - 
*************** response log start ***************
request method: GET
request originalUrl:  /spider/getSipderConfig
request client ip:  null
request query:  {}
response time: 2
response status: 200
response body: 
undefined
*************** response log end ***************

[2019-04-24T09:34:59.021] [INFO] responseLog - 
*************** response log start ***************
request method: POST
request originalUrl:  /girl/list
request client ip:  null
request params: 
{}
response time: 1
response status: 200
response body: 
undefined
*************** response log end ***************

[2019-04-24T09:34:59.038] [INFO] responseLog - 
*************** response log start ***************
request method: GET
request originalUrl:  /spider/getSipderConfig
request client ip:  null
request query:  {}
response time: 1
response status: 200
response body: 
undefined
*************** response log end ***************

[2019-04-24T09:35:06.562] [INFO] responseLog - 
*************** response log start ***************
request method: GET
request originalUrl:  /admin/info
request client ip:  null
request query:  {}
response time: 1
response status: 200
response body: 
undefined
*************** response log end ***************

[2019-04-24T09:35:07.045] [INFO] responseLog - 
*************** response log start ***************
request method: GET
request originalUrl:  /spider/getSipderConfig
request client ip:  null
request query:  {}
response time: 1
response status: 200
response body: 
undefined
*************** response log end ***************

[2019-04-24T09:35:07.091] [INFO] responseLog - 
*************** response log start ***************
request method: POST
request originalUrl:  /girl/list
request client ip:  null
request params: 
{}
response time: 1
response status: 200
response body: 
undefined
*************** response log end ***************

[2019-04-24T09:35:27.485] [INFO] responseLog - 
*************** response log start ***************
request method: POST
request originalUrl:  /admin/getList
request client ip:  null
request params: 
{}
response time: 1
response status: 200
response body: 
undefined
*************** response log end ***************

[2019-04-24T09:35:27.559] [INFO] responseLog - 
*************** response log start ***************
request method: GET
request originalUrl:  /img/16a05ebf28b3.png
request client ip:  null
request query:  {}
response time: 1
response status: 200
response body: 
undefined
*************** response log end ***************

[2019-04-24T09:35:27.561] [INFO] responseLog - 
*************** response log start ***************
request method: GET
request originalUrl:  /img/16a05e9e2b72.jpg
request client ip:  null
request query:  {}
response time: 1
response status: 200
response body: 
undefined
*************** response log end ***************

[2019-04-24T09:35:27.565] [INFO] responseLog - 
*************** response log start ***************
request method: GET
request originalUrl:  /img/16a05e0040a1.png
request client ip:  null
request query:  {}
response time: 1
response status: 200
response body: 
undefined
*************** response log end ***************

[2019-04-24T09:35:32.058] [INFO] responseLog - 
*************** response log start ***************
request method: POST
request originalUrl:  /log/getVisit
request client ip:  null
request params: 
{}
response time: 1
response status: 200
response body: 
undefined
*************** response log end ***************

[2019-04-24T09:35:35.435] [INFO] responseLog - 
*************** response log start ***************
request method: POST
request originalUrl:  /log/getFile
request client ip:  null
request params: 
{}
response time: 1
response status: 200
response body: 
undefined
*************** response log end ***************

[2019-04-24T09:35:50.145] [INFO] responseLog - 
*************** response log start ***************
request method: POST
request originalUrl:  /admin/updateAvatar
request client ip:  null
request params: 
{}
response time: 2
response status: 200
response body: 
undefined
*************** response log end ***************

[2019-04-24T09:35:50.236] [INFO] responseLog - 
*************** response log start ***************
request method: GET
request originalUrl:  /admin/info
request client ip:  null
request query:  {}
response time: 1
response status: 200
response body: 
undefined
*************** response log end ***************

[2019-04-24T09:35:50.323] [INFO] responseLog - 
*************** response log start ***************
request method: GET
request originalUrl:  /img/16a4cfc1bd15.jpg
request client ip:  null
request query:  {}
response time: 1
response status: 200
response body: 
undefined
*************** response log end ***************

[2019-04-24T09:36:42.534] [INFO] responseLog - 
*************** response log start ***************
request method: GET
request originalUrl:  /spider/getSipderConfig
request client ip:  null
request query:  {}
response time: 1
response status: 200
response body: 
undefined
*************** response log end ***************

[2019-04-24T09:36:42.543] [INFO] responseLog - 
*************** response log start ***************
request method: POST
request originalUrl:  /girl/list
request client ip:  null
request params: 
{}
response time: 1
response status: 200
response body: 
undefined
*************** response log end ***************

[2019-04-24T09:36:42.716] [INFO] responseLog - 
*************** response log start ***************
request method: POST
request originalUrl:  /girl/list
request client ip:  null
request params: 
{}
response time: 1
response status: 200
response body: 
undefined
*************** response log end ***************

[2019-04-24T09:36:42.730] [INFO] responseLog - 
*************** response log start ***************
request method: GET
request originalUrl:  /spider/getSipderConfig
request client ip:  null
request query:  {}
response time: 1
response status: 200
response body: 
undefined
*************** response log end ***************

[2019-04-24T09:36:45.739] [INFO] responseLog - 
*************** response log start ***************
request method: POST
request originalUrl:  /log/getVisit
request client ip:  null
request params: 
{}
response time: 1
response status: 200
response body: 
undefined
*************** response log end ***************

[2019-04-24T09:36:47.301] [INFO] responseLog - 
*************** response log start ***************
request method: POST
request originalUrl:  /log/getFile
request client ip:  null
request params: 
{}
response time: 1
response status: 200
response body: 
undefined
*************** response log end ***************

[2019-04-24T09:36:51.439] [INFO] responseLog - 
*************** response log start ***************
request method: GET
request originalUrl:  /spider/getSipderConfig
request client ip:  null
request query:  {}
response time: 1
response status: 200
response body: 
undefined
*************** response log end ***************

[2019-04-24T09:36:51.458] [INFO] responseLog - 
*************** response log start ***************
request method: POST
request originalUrl:  /girl/list
request client ip:  null
request params: 
{}
response time: 1
response status: 200
response body: 
undefined
*************** response log end ***************

[2019-04-24T09:37:00.690] [INFO] responseLog - 
*************** response log start ***************
request method: POST
request originalUrl:  /girl/list
request client ip:  null
request params: 
{}
response time: 1
response status: 200
response body: 
undefined
*************** response log end ***************

[2019-04-24T09:37:12.817] [INFO] responseLog - 
*************** response log start ***************
request method: POST
request originalUrl:  /girl/list
request client ip:  null
request params: 
{}
response time: 1
response status: 200
response body: 
undefined
*************** response log end ***************

[2019-04-24T09:37:18.954] [INFO] responseLog - 
*************** response log start ***************
request method: POST
request originalUrl:  /girl/list
request client ip:  null
request params: 
{}
response time: 1
response status: 200
response body: 
undefined
*************** response log end ***************

[2019-04-24T09:37:21.335] [INFO] responseLog - 
*************** response log start ***************
request method: POST
request originalUrl:  /girl/list
request client ip:  null
request params: 
{}
response time: 1
response status: 200
response body: 
undefined
*************** response log end ***************

[2019-04-24T09:41:48.743] [INFO] responseLog - 
*************** response log start ***************
request method: GET
request originalUrl:  /admin/info
request client ip:  null
request query:  {}
response time: 3
response status: 200
response body: 
undefined
*************** response log end ***************

[2019-04-24T09:41:49.075] [INFO] responseLog - 
*************** response log start ***************
request method: GET
request originalUrl:  /img/16a4cfc1bd15.jpg
request client ip:  null
request query:  {}
response time: 0
response status: 200
response body: 
undefined
*************** response log end ***************

[2019-04-24T09:41:49.390] [INFO] responseLog - 
*************** response log start ***************
request method: GET
request originalUrl:  /spider/getSipderConfig
request client ip:  null
request query:  {}
response time: 1
response status: 200
response body: 
undefined
*************** response log end ***************

[2019-04-24T09:41:49.433] [INFO] responseLog - 
*************** response log start ***************
request method: POST
request originalUrl:  /girl/list
request client ip:  null
request params: 
{}
response time: 2
response status: 200
response body: 
undefined
*************** response log end ***************

[2019-04-24T09:43:53.635] [INFO] responseLog - 
*************** response log start ***************
request method: GET
request originalUrl:  /admin/info
request client ip:  null
request query:  {}
response time: 2
response status: 200
response body: 
undefined
*************** response log end ***************

[2019-04-24T09:43:53.889] [INFO] responseLog - 
*************** response log start ***************
request method: GET
request originalUrl:  /img/16a4cfc1bd15.jpg
request client ip:  null
request query:  {}
response time: 1
response status: 200
response body: 
undefined
*************** response log end ***************

[2019-04-24T09:43:54.065] [INFO] responseLog - 
*************** response log start ***************
request method: GET
request originalUrl:  /spider/getSipderConfig
request client ip:  null
request query:  {}
response time: 1
response status: 200
response body: 
undefined
*************** response log end ***************

[2019-04-24T09:43:54.103] [INFO] responseLog - 
*************** response log start ***************
request method: POST
request originalUrl:  /girl/list
request client ip:  null
request params: 
{}
response time: 1
response status: 200
response body: 
undefined
*************** response log end ***************

[2019-04-24T09:44:01.583] [INFO] responseLog - 
*************** response log start ***************
request method: POST
request originalUrl:  /ip/getIpList
request client ip:  null
request params: 
{}
response time: 1
response status: 200
response body: 
undefined
*************** response log end ***************

[2019-04-24T09:44:03.129] [INFO] responseLog - 
*************** response log start ***************
request method: GET
request originalUrl:  /spider/getSipderConfig
request client ip:  null
request query:  {}
response time: 1
response status: 200
response body: 
undefined
*************** response log end ***************

[2019-04-24T09:44:04.547] [INFO] responseLog - 
*************** response log start ***************
request method: POST
request originalUrl:  /admin/getList
request client ip:  null
request params: 
{}
response time: 1
response status: 200
response body: 
undefined
*************** response log end ***************

[2019-04-24T09:44:04.608] [INFO] responseLog - 
*************** response log start ***************
request method: GET
request originalUrl:  /img/16a05ebf28b3.png
request client ip:  null
request query:  {}
response time: 1
response status: 200
response body: 
undefined
*************** response log end ***************

[2019-04-24T09:44:04.609] [INFO] responseLog - 
*************** response log start ***************
request method: GET
request originalUrl:  /img/16a05e9e2b72.jpg
request client ip:  null
request query:  {}
response time: 0
response status: 200
response body: 
undefined
*************** response log end ***************

[2019-04-24T09:44:04.611] [INFO] responseLog - 
*************** response log start ***************
request method: GET
request originalUrl:  /img/16a05e0040a1.png
request client ip:  null
request query:  {}
response time: 1
response status: 200
response body: 
undefined
*************** response log end ***************

[2019-04-24T09:44:06.714] [INFO] responseLog - 
*************** response log start ***************
request method: POST
request originalUrl:  /log/getVisit
request client ip:  null
request params: 
{}
response time: 1
response status: 200
response body: 
undefined
*************** response log end ***************

[2019-04-24T09:44:07.894] [INFO] responseLog - 
*************** response log start ***************
request method: POST
request originalUrl:  /log/getFile
request client ip:  null
request params: 
{}
response time: 1
response status: 200
response body: 
undefined
*************** response log end ***************

[2019-04-24T09:44:27.916] [INFO] responseLog - 
*************** response log start ***************
request method: GET
request originalUrl:  /spider/getSipderConfig
request client ip:  null
request query:  {}
response time: 1
response status: 200
response body: 
undefined
*************** response log end ***************

[2019-04-24T09:44:27.938] [INFO] responseLog - 
*************** response log start ***************
request method: POST
request originalUrl:  /girl/list
request client ip:  null
request params: 
{}
response time: 1
response status: 200
response body: 
undefined
*************** response log end ***************

[2019-04-24T09:44:38.090] [INFO] responseLog - 
*************** response log start ***************
request method: GET
request originalUrl:  /spider/getSipderConfig
request client ip:  null
request query:  {}
response time: 1
response status: 200
response body: 
undefined
*************** response log end ***************

[2019-04-24T09:44:38.093] [INFO] responseLog - 
*************** response log start ***************
request method: POST
request originalUrl:  /girl/list
request client ip:  null
request params: 
{}
response time: 1
response status: 200
response body: 
undefined
*************** response log end ***************

[2019-04-24T09:44:38.219] [INFO] responseLog - 
*************** response log start ***************
request method: POST
request originalUrl:  /girl/list
request client ip:  null
request params: 
{}
response time: 2
response status: 200
response body: 
undefined
*************** response log end ***************

[2019-04-24T09:44:38.246] [INFO] responseLog - 
*************** response log start ***************
request method: GET
request originalUrl:  /spider/getSipderConfig
request client ip:  null
request query:  {}
response time: 1
response status: 200
response body: 
undefined
*************** response log end ***************

[2019-04-24T09:44:45.564] [INFO] responseLog - 
*************** response log start ***************
request method: GET
request originalUrl:  /spider/getSipderConfig
request client ip:  null
request query:  {}
response time: 2
response status: 200
response body: 
undefined
*************** response log end ***************

[2019-04-24T09:44:45.574] [INFO] responseLog - 
*************** response log start ***************
request method: POST
request originalUrl:  /girl/list
request client ip:  null
request params: 
{}
response time: 0
response status: 200
response body: 
undefined
*************** response log end ***************

[2019-04-24T09:44:45.700] [INFO] responseLog - 
*************** response log start ***************
request method: POST
request originalUrl:  /girl/list
request client ip:  null
request params: 
{}
response time: 1
response status: 200
response body: 
undefined
*************** response log end ***************

[2019-04-24T09:44:45.717] [INFO] responseLog - 
*************** response log start ***************
request method: GET
request originalUrl:  /spider/getSipderConfig
request client ip:  null
request query:  {}
response time: 1
response status: 200
response body: 
undefined
*************** response log end ***************

[2019-04-24T09:44:57.111] [INFO] responseLog - 
*************** response log start ***************
request method: GET
request originalUrl:  /admin/info
request client ip:  null
request query:  {}
response time: 1
response status: 200
response body: 
undefined
*************** response log end ***************

[2019-04-24T09:44:57.629] [INFO] responseLog - 
*************** response log start ***************
request method: GET
request originalUrl:  /img/16a4cfc1bd15.jpg
request client ip:  null
request query:  {}
response time: 1
response status: 200
response body: 
undefined
*************** response log end ***************

[2019-04-24T09:44:57.667] [INFO] responseLog - 
*************** response log start ***************
request method: GET
request originalUrl:  /spider/getSipderConfig
request client ip:  null
request query:  {}
response time: 1
response status: 200
response body: 
undefined
*************** response log end ***************

[2019-04-24T09:44:57.709] [INFO] responseLog - 
*************** response log start ***************
request method: POST
request originalUrl:  /girl/list
request client ip:  null
request params: 
{}
response time: 1
response status: 200
response body: 
undefined
*************** response log end ***************

[2019-04-24T09:45:01.339] [INFO] responseLog - 
*************** response log start ***************
request method: POST
request originalUrl:  /girl/list
request client ip:  null
request params: 
{}
response time: 1
response status: 200
response body: 
undefined
*************** response log end ***************

[2019-04-24T09:45:01.358] [INFO] responseLog - 
*************** response log start ***************
request method: GET
request originalUrl:  /spider/getSipderConfig
request client ip:  null
request query:  {}
response time: 1
response status: 200
response body: 
undefined
*************** response log end ***************

[2019-04-24T09:45:01.930] [INFO] responseLog - 
*************** response log start ***************
request method: POST
request originalUrl:  /girl/list
request client ip:  null
request params: 
{}
response time: 1
response status: 200
response body: 
undefined
*************** response log end ***************

[2019-04-24T09:45:01.958] [INFO] responseLog - 
*************** response log start ***************
request method: GET
request originalUrl:  /spider/getSipderConfig
request client ip:  null
request query:  {}
response time: 1
response status: 200
response body: 
undefined
*************** response log end ***************

[2019-04-24T09:45:04.574] [INFO] responseLog - 
*************** response log start ***************
request method: POST
request originalUrl:  /girl/list
request client ip:  null
request params: 
{}
response time: 1
response status: 200
response body: 
undefined
*************** response log end ***************

[2019-04-24T09:45:04.575] [INFO] responseLog - 
*************** response log start ***************
request method: GET
request originalUrl:  /spider/getSipderConfig
request client ip:  null
request query:  {}
response time: 1
response status: 200
response body: 
undefined
*************** response log end ***************

[2019-04-24T09:45:05.154] [INFO] responseLog - 
*************** response log start ***************
request method: POST
request originalUrl:  /girl/list
request client ip:  null
request params: 
{}
response time: 1
response status: 200
response body: 
undefined
*************** response log end ***************

[2019-04-24T09:45:05.158] [INFO] responseLog - 
*************** response log start ***************
request method: GET
request originalUrl:  /spider/getSipderConfig
request client ip:  null
request query:  {}
response time: 2
response status: 200
response body: 
undefined
*************** response log end ***************

[2019-04-24T09:45:35.998] [INFO] responseLog - 
*************** response log start ***************
request method: GET
request originalUrl:  /admin/info
request client ip:  null
request query:  {}
response time: 1
response status: 200
response body: 
undefined
*************** response log end ***************

[2019-04-24T09:45:36.467] [INFO] responseLog - 
*************** response log start ***************
request method: GET
request originalUrl:  /img/16a4cfc1bd15.jpg
request client ip:  null
request query:  {}
response time: 1
response status: 200
response body: 
undefined
*************** response log end ***************

[2019-04-24T09:45:36.746] [INFO] responseLog - 
*************** response log start ***************
request method: POST
request originalUrl:  /girl/list
request client ip:  null
request params: 
{}
response time: 1
response status: 200
response body: 
undefined
*************** response log end ***************

[2019-04-24T09:45:36.770] [INFO] responseLog - 
*************** response log start ***************
request method: GET
request originalUrl:  /spider/getSipderConfig
request client ip:  null
request query:  {}
response time: 1
response status: 200
response body: 
undefined
*************** response log end ***************

[2019-04-24T09:45:43.537] [INFO] responseLog - 
*************** response log start ***************
request method: GET
request originalUrl:  /spider/getSipderConfig
request client ip:  null
request query:  {}
response time: 1
response status: 200
response body: 
undefined
*************** response log end ***************

[2019-04-24T09:45:43.553] [INFO] responseLog - 
*************** response log start ***************
request method: POST
request originalUrl:  /girl/list
request client ip:  null
request params: 
{}
response time: 1
response status: 200
response body: 
undefined
*************** response log end ***************

[2019-04-24T09:45:43.694] [INFO] responseLog - 
*************** response log start ***************
request method: POST
request originalUrl:  /girl/list
request client ip:  null
request params: 
{}
response time: 1
response status: 200
response body: 
undefined
*************** response log end ***************

[2019-04-24T09:45:43.706] [INFO] responseLog - 
*************** response log start ***************
request method: GET
request originalUrl:  /spider/getSipderConfig
request client ip:  null
request query:  {}
response time: 0
response status: 200
response body: 
undefined
*************** response log end ***************

[2019-04-24T09:46:00.496] [INFO] responseLog - 
*************** response log start ***************
request method: GET
request originalUrl:  /admin/info
request client ip:  null
request query:  {}
response time: 1
response status: 200
response body: 
undefined
*************** response log end ***************

[2019-04-24T09:46:01.112] [INFO] responseLog - 
*************** response log start ***************
request method: GET
request originalUrl:  /img/16a4cfc1bd15.jpg
request client ip:  null
request query:  {}
response time: 1
response status: 200
response body: 
undefined
*************** response log end ***************

[2019-04-24T09:46:13.417] [INFO] responseLog - 
*************** response log start ***************
request method: GET
request originalUrl:  /admin/info
request client ip:  null
request query:  {}
response time: 1
response status: 200
response body: 
undefined
*************** response log end ***************

[2019-04-24T09:46:13.724] [INFO] responseLog - 
*************** response log start ***************
request method: GET
request originalUrl:  /img/16a4cfc1bd15.jpg
request client ip:  null
request query:  {}
response time: 1
response status: 200
response body: 
undefined
*************** response log end ***************

[2019-04-24T09:46:16.139] [INFO] responseLog - 
*************** response log start ***************
request method: GET
request originalUrl:  /spider/getSipderConfig
request client ip:  null
request query:  {}
response time: 1
response status: 200
response body: 
undefined
*************** response log end ***************

[2019-04-24T09:46:16.151] [INFO] responseLog - 
*************** response log start ***************
request method: POST
request originalUrl:  /girl/list
request client ip:  null
request params: 
{}
response time: 1
response status: 200
response body: 
undefined
*************** response log end ***************

[2019-04-24T09:46:16.808] [INFO] responseLog - 
*************** response log start ***************
request method: POST
request originalUrl:  /girl/list
request client ip:  null
request params: 
{}
response time: 1
response status: 200
response body: 
undefined
*************** response log end ***************

[2019-04-24T09:46:16.850] [INFO] responseLog - 
*************** response log start ***************
request method: GET
request originalUrl:  /spider/getSipderConfig
request client ip:  null
request query:  {}
response time: 1
response status: 200
response body: 
undefined
*************** response log end ***************

