[2019-04-25T09:42:11.954] [INFO] responseLog - 
*************** response log start ***************
request method: POST
request originalUrl:  /spider/setTop
request client ip:  null
request params: 
{}
response time: 10
response status: 200
response body: 
undefined
*************** response log end ***************

[2019-04-25T09:43:10.267] [INFO] responseLog - 
*************** response log start ***************
request method: POST
request originalUrl:  /admin/login
request client ip:  null
request params: 
{}
response time: 2
response status: 200
response body: 
undefined
*************** response log end ***************

[2019-04-25T09:43:10.361] [INFO] responseLog - 
*************** response log start ***************
request method: GET
request originalUrl:  /admin/info
request client ip:  null
request query:  {}
response time: 2
response status: 200
response body: 
undefined
*************** response log end ***************

[2019-04-25T09:43:11.024] [INFO] responseLog - 
*************** response log start ***************
request method: GET
request originalUrl:  /common/getCounts
request client ip:  null
request query:  {}
response time: 2
response status: 200
response body: 
undefined
*************** response log end ***************

[2019-04-25T09:43:14.838] [INFO] responseLog - 
*************** response log start ***************
request method: GET
request originalUrl:  /spider/getSipderConfig
request client ip:  null
request query:  {}
response time: 1
response status: 200
response body: 
undefined
*************** response log end ***************

[2019-04-25T09:43:15.850] [INFO] responseLog - 
*************** response log start ***************
request method: POST
request originalUrl:  /spider/setTop
request client ip:  null
request params: 
{}
response time: 1
response status: 200
response body: 
undefined
*************** response log end ***************

[2019-04-25T09:43:21.588] [INFO] responseLog - 
*************** response log start ***************
request method: POST
request originalUrl:  /spider/setTop
request client ip:  null
request params: 
{}
response time: 1
response status: 200
response body: 
undefined
*************** response log end ***************

[2019-04-25T09:43:30.019] [INFO] responseLog - 
*************** response log start ***************
request method: POST
request originalUrl:  /admin/logout
request client ip:  null
request params: 
{}
response time: 1
response status: 200
response body: 
undefined
*************** response log end ***************

[2019-04-25T09:43:40.731] [INFO] responseLog - 
*************** response log start ***************
request method: POST
request originalUrl:  /admin/login
request client ip:  null
request params: 
{}
response time: 1
response status: 200
response body: 
undefined
*************** response log end ***************

[2019-04-25T09:43:40.806] [INFO] responseLog - 
*************** response log start ***************
request method: GET
request originalUrl:  /admin/info
request client ip:  null
request query:  {}
response time: 1
response status: 200
response body: 
undefined
*************** response log end ***************

[2019-04-25T09:43:41.358] [INFO] responseLog - 
*************** response log start ***************
request method: GET
request originalUrl:  /img/169e1120be73.jpg
request client ip:  null
request query:  {}
response time: 1
response status: 200
response body: 
undefined
*************** response log end ***************

[2019-04-25T09:43:41.360] [INFO] responseLog - 
*************** response log start ***************
request method: GET
request originalUrl:  /spider/getSipderConfig
request client ip:  null
request query:  {}
response time: 1
response status: 200
response body: 
undefined
*************** response log end ***************

[2019-04-25T09:43:47.196] [INFO] responseLog - 
*************** response log start ***************
request method: GET
request originalUrl:  /spider/getSipderConfig
request client ip:  null
request query:  {}
response time: 1
response status: 200
response body: 
undefined
*************** response log end ***************

[2019-04-25T09:43:47.214] [INFO] responseLog - 
*************** response log start ***************
request method: POST
request originalUrl:  /girl/list
request client ip:  null
request params: 
{}
response time: 3
response status: 200
response body: 
undefined
*************** response log end ***************

[2019-04-25T09:43:47.445] [INFO] responseLog - 
*************** response log start ***************
request method: POST
request originalUrl:  /girl/list
request client ip:  null
request params: 
{}
response time: 1
response status: 200
response body: 
undefined
*************** response log end ***************

[2019-04-25T09:43:47.447] [INFO] responseLog - 
*************** response log start ***************
request method: GET
request originalUrl:  /spider/getSipderConfig
request client ip:  null
request query:  {}
response time: 1
response status: 200
response body: 
undefined
*************** response log end ***************

[2019-04-25T09:43:53.930] [INFO] responseLog - 
*************** response log start ***************
request method: POST
request originalUrl:  /girl/list
request client ip:  null
request params: 
{}
response time: 1
response status: 200
response body: 
undefined
*************** response log end ***************

[2019-04-25T09:44:05.498] [INFO] responseLog - 
*************** response log start ***************
request method: POST
request originalUrl:  /spider/setTop
request client ip:  null
request params: 
{}
response time: 1
response status: 200
response body: 
undefined
*************** response log end ***************

[2019-04-25T09:58:22.326] [INFO] responseLog - 
*************** response log start ***************
request method: POST
request originalUrl:  /spider/setTop
request client ip:  null
request params: 
{}
response time: 5
response status: 200
response body: 
undefined
*************** response log end ***************

