2019-04-25 14:46:45: 成功监听端口：8088
2019-04-25 14:46:45: 连接数据库成功
2019-04-25 14:48:04: 成功监听端口：8088
2019-04-25 14:48:04: 连接数据库成功
2019-04-25 14:48:34: 成功监听端口：8088
2019-04-25 14:48:34: 连接数据库成功
2019-04-28 09:56:13: hello babel
2019-04-28 09:56:13: 成功监听端口：8088
2019-04-28 09:56:13: 连接数据库成功
2019-04-28 10:00:00: IP池爬取任务开始执行! 2019-04-28 10:00:00
2019-04-28 10:01:28: 全区列表任务开始执行! 2019-04-28 10:01:28
2019-04-28 10:01:28: 北京 60000
2019-04-28 10:01:28: 天津 120000
2019-04-28 10:01:28: 河北 180000
2019-04-28 10:01:28: 山西 240000
2019-04-28 10:01:28: 内蒙古 300000
2019-04-28 10:01:28: 辽宁 360000
2019-04-28 10:01:28: 吉林 420000
2019-04-28 10:01:28: 黑龙江 480000
2019-04-28 10:01:28: 上海 540000
2019-04-28 10:01:28: 江苏 600000
2019-04-28 10:01:28: 浙江 660000
2019-04-28 10:01:28: 安徽 720000
2019-04-28 10:01:28: 福建 780000
2019-04-28 10:01:28: 江西 840000
2019-04-28 10:01:28: 山东 900000
2019-04-28 10:01:28: 河南 960000
2019-04-28 10:01:28: 湖北 1020000
2019-04-28 10:01:28: 湖南 1080000
2019-04-28 10:01:28: 广东 1140000
2019-04-28 10:01:28: 广西 1200000
2019-04-28 10:01:28: 海南 1260000
2019-04-28 10:01:28: 重庆 1320000
2019-04-28 10:01:28: 四川 1380000
2019-04-28 10:01:28: 贵州 1440000
2019-04-28 10:01:28: 云南 1500000
2019-04-28 10:01:28: 西藏 1560000
2019-04-28 10:01:28: 陕西 1620000
2019-04-28 10:01:28: 甘肃 1680000
2019-04-28 10:01:28: 青海 1740000
2019-04-28 10:01:28: 宁夏 1800000
2019-04-28 10:01:28: 新疆 1860000
2019-04-28 10:01:28: 台湾 1920000
2019-04-28 10:01:28: 香港 1980000
2019-04-28 10:01:28: 澳门 2040000
2019-04-28 10:01:28: 美国 2100000
2019-04-28 10:01:28: 国外 2160000
2019-04-28 10:01:28: 地区北京任务已经开始
2019-04-28 10:01:37: 地区-北京-页码-4已经转成JSON文件
2019-04-28 10:01:37: 地区 北京 第 4 页 第 1 条 写入数据库完成
2019-04-28 10:01:37: 地区 北京 第 4 页 第 0 条 写入数据库完成
2019-04-28 10:01:37: 地区 北京 第 4 页 第 4 条 写入数据库完成
2019-04-28 10:01:37: 地区 北京 第 4 页 第 2 条 写入数据库完成
2019-04-28 10:01:37: 地区 北京 第 4 页 第 3 条 写入数据库完成
2019-04-28 10:01:37: 地区 北京 第 4 页 第 23 条 写入数据库完成
2019-04-28 10:01:37: 地区 北京 第 4 页 第 21 条 写入数据库完成
2019-04-28 10:01:39: 地区-北京-页码-6已经转成JSON文件
2019-04-28 10:01:40: 地区 北京 第 6 页 第 1 条 写入数据库完成
2019-04-28 10:01:40: 地区 北京 第 6 页 第 2 条 写入数据库完成
2019-04-28 10:01:40: 地区 北京 第 6 页 第 4 条 写入数据库完成
2019-04-28 10:01:40: 地区 北京 第 6 页 第 3 条 写入数据库完成
2019-04-28 10:01:40: 地区-北京-页码-9已经转成JSON文件
2019-04-28 10:01:40: 地区 北京 第 9 页 第 3 条 写入数据库完成
2019-04-28 10:01:40: 地区 北京 第 9 页 第 5 条 写入数据库完成
2019-04-28 10:01:40: 地区 北京 第 9 页 第 11 条 写入数据库完成
2019-04-28 10:01:41: 地区-北京-页码-11已经转成JSON文件
2019-04-28 10:01:41: 地区 北京 第 11 页 第 0 条 写入数据库完成
2019-04-28 10:01:41: 地区 北京 第 11 页 第 1 条 写入数据库完成
2019-04-28 10:01:41: 地区 北京 第 11 页 第 2 条 写入数据库完成
2019-04-28 10:01:41: 地区 北京 第 11 页 第 10 条 写入数据库完成
2019-04-28 10:01:42: 地区-北京-页码-12已经转成JSON文件
2019-04-28 10:01:42: 地区 北京 第 12 页 第 20 条 写入数据库完成
2019-04-28 10:01:42: 地区 北京 第 12 页 第 2 条 写入数据库完成
2019-04-28 10:01:42: 地区 北京 第 12 页 第 1 条 写入数据库完成
2019-04-28 10:01:42: 地区 北京 第 12 页 第 22 条 写入数据库完成
2019-04-28 10:01:42: 地区 北京 第 12 页 第 13 条 写入数据库完成
2019-04-28 10:01:42: 地区-北京-页码-3已经转成JSON文件
2019-04-28 10:01:42: 地区 北京 第 3 页 第 0 条 写入数据库完成
2019-04-28 10:01:42: 地区 北京 第 3 页 第 2 条 写入数据库完成
2019-04-28 10:01:42: 地区 北京 第 3 页 第 9 条 写入数据库完成
2019-04-28 10:01:42: 地区 北京 第 3 页 第 13 条 写入数据库完成
2019-04-28 10:01:42: 地区 北京 第 3 页 第 19 条 写入数据库完成
2019-04-28 10:01:44: 地区-北京-页码-1已经转成JSON文件
2019-04-28 10:01:44: 地区 北京 第 1 页 第 0 条 写入数据库完成
2019-04-28 10:01:44: 地区 北京 第 1 页 第 7 条 写入数据库完成
2019-04-28 10:01:44: 地区 北京 第 1 页 第 14 条 写入数据库完成
2019-04-28 10:01:44: 地区 北京 第 1 页 第 16 条 写入数据库完成
2019-04-28 10:01:44: 地区 北京 第 1 页 第 19 条 写入数据库完成
2019-04-28 10:01:44: 地区 北京 第 1 页 第 24 条 写入数据库完成
2019-04-28 10:01:47: 地区-北京-页码-17已经转成JSON文件
2019-04-28 10:01:47: 地区 北京 第 17 页 第 9 条 写入数据库完成
2019-04-28 10:01:47: 地区 北京 第 17 页 第 6 条 写入数据库完成
2019-04-28 10:01:47: 地区 北京 第 17 页 第 23 条 写入数据库完成
2019-04-28 10:01:50: 地区-北京-页码-20已经转成JSON文件
2019-04-28 10:01:50: 地区-北京-页码-15已经转成JSON文件
2019-04-28 10:01:50: 地区 北京 第 20 页 第 1 条 写入数据库完成
2019-04-28 10:01:50: 地区 北京 第 20 页 第 6 条 写入数据库完成
2019-04-28 10:01:50: 地区 北京 第 20 页 第 16 条 写入数据库完成
2019-04-28 10:01:50: 地区 北京 第 20 页 第 17 条 写入数据库完成
2019-04-28 10:01:50: 地区 北京 第 15 页 第 4 条 写入数据库完成
2019-04-28 10:01:50: 地区 北京 第 20 页 第 23 条 写入数据库完成
2019-04-28 10:01:50: 地区 北京 第 15 页 第 24 条 写入数据库完成
2019-04-28 10:01:50: 地区 北京 第 15 页 第 18 条 写入数据库完成
2019-04-28 10:01:54: 地区-北京-页码-24已经转成JSON文件
2019-04-28 10:01:54: 地区 北京 第 24 页 第 1 条 写入数据库完成
2019-04-28 10:01:54: 地区 北京 第 24 页 第 2 条 写入数据库完成
2019-04-28 10:01:54: 地区 北京 第 24 页 第 17 条 写入数据库完成
2019-04-28 10:01:54: 地区 北京 第 24 页 第 21 条 写入数据库完成
2019-04-28 10:01:55: 地区-北京-页码-23已经转成JSON文件
2019-04-28 10:01:55: 地区 北京 第 23 页 第 20 条 写入数据库完成
2019-04-28 10:01:55: 地区 北京 第 23 页 第 16 条 写入数据库完成
2019-04-28 10:01:55: 地区 北京 第 23 页 第 24 条 写入数据库完成
2019-04-28 10:01:55: 地区 北京 第 23 页 第 3 条 写入数据库完成
2019-04-28 10:01:55: 地区 北京 第 23 页 第 4 条 写入数据库完成
2019-04-28 10:01:55: 地区 北京 第 23 页 第 8 条 写入数据库完成
2019-04-28 10:01:55: 地区 北京 第 23 页 第 18 条 写入数据库完成
2019-04-28 10:01:58: 地区-北京-页码-25已经转成JSON文件
2019-04-28 10:01:58: 地区 北京 第 25 页 第 1 条 写入数据库完成
2019-04-28 10:01:58: 地区 北京 第 25 页 第 4 条 写入数据库完成
2019-04-28 10:01:58: 地区 北京 第 25 页 第 6 条 写入数据库完成
2019-04-28 10:01:58: 地区 北京 第 25 页 第 10 条 写入数据库完成
2019-04-28 10:01:58: 地区 北京 第 25 页 第 13 条 写入数据库完成
2019-04-28 10:01:58: 地区 北京 第 25 页 第 11 条 写入数据库完成
2019-04-28 10:02:00: 地区-北京-页码-30已经转成JSON文件
2019-04-28 10:02:00: 地区 北京 第 30 页 第 5 条 写入数据库完成
2019-04-28 10:02:00: 地区 北京 第 30 页 第 6 条 写入数据库完成
2019-04-28 10:02:00: 地区 北京 第 30 页 第 8 条 写入数据库完成
2019-04-28 10:02:00: 地区 北京 第 30 页 第 9 条 写入数据库完成
2019-04-28 10:02:00: 地区 北京 第 30 页 第 10 条 写入数据库完成
2019-04-28 10:02:03: 地区-北京-页码-28已经转成JSON文件
2019-04-28 10:02:04: 地区 北京 第 28 页 第 1 条 写入数据库完成
2019-04-28 10:02:04: 地区 北京 第 28 页 第 2 条 写入数据库完成
2019-04-28 10:02:04: 地区 北京 第 28 页 第 4 条 写入数据库完成
2019-04-28 10:02:04: 地区 北京 第 28 页 第 11 条 写入数据库完成
2019-04-28 10:02:04: 地区 北京 第 28 页 第 16 条 写入数据库完成
2019-04-28 10:02:04: 地区 北京 第 28 页 第 19 条 写入数据库完成
2019-04-28 10:02:04: 地区 北京 第 28 页 第 22 条 写入数据库完成
2019-04-28 10:02:06: 地区-北京-页码-32已经转成JSON文件
2019-04-28 10:02:06: 地区 北京 第 32 页 第 0 条 写入数据库完成
2019-04-28 10:02:06: 地区 北京 第 32 页 第 7 条 写入数据库完成
2019-04-28 10:02:06: 地区 北京 第 32 页 第 9 条 写入数据库完成
2019-04-28 10:02:06: 地区 北京 第 32 页 第 8 条 写入数据库完成
2019-04-28 10:02:06: 地区 北京 第 32 页 第 13 条 写入数据库完成
2019-04-28 10:02:06: 地区 北京 第 32 页 第 15 条 写入数据库完成
2019-04-28 10:02:06: 地区 北京 第 32 页 第 18 条 写入数据库完成
2019-04-28 10:02:06: 地区 北京 第 32 页 第 20 条 写入数据库完成
2019-04-28 10:02:06: 地区 北京 第 32 页 第 22 条 写入数据库完成
2019-04-28 10:02:06: 地区 北京 第 32 页 第 23 条 写入数据库完成
2019-04-28 10:02:07: 地区-北京-页码-38已经转成JSON文件
2019-04-28 10:02:07: 地区 北京 第 38 页 第 0 条 写入数据库完成
2019-04-28 10:02:07: 地区 北京 第 38 页 第 5 条 写入数据库完成
2019-04-28 10:02:07: 地区 北京 第 38 页 第 8 条 写入数据库完成
2019-04-28 10:02:07: 地区 北京 第 38 页 第 3 条 写入数据库完成
2019-04-28 10:02:07: 地区 北京 第 38 页 第 7 条 写入数据库完成
2019-04-28 10:02:07: 地区-北京-页码-22已经转成JSON文件
2019-04-28 10:02:07: 地区 北京 第 22 页 第 2 条 写入数据库完成
2019-04-28 10:02:07: 地区 北京 第 22 页 第 6 条 写入数据库完成
2019-04-28 10:02:07: 地区 北京 第 22 页 第 14 条 写入数据库完成
2019-04-28 10:02:07: 地区 北京 第 22 页 第 19 条 写入数据库完成
2019-04-28 10:02:07: 地区 北京 第 22 页 第 17 条 写入数据库完成
2019-04-28 10:02:07: 地区-北京-页码-34已经转成JSON文件
2019-04-28 10:02:07: 地区 北京 第 34 页 第 2 条 写入数据库完成
2019-04-28 10:02:07: 地区 北京 第 34 页 第 22 条 写入数据库完成
2019-04-28 10:02:11: 地区-北京-页码-39已经转成JSON文件
2019-04-28 10:02:11: 地区 北京 第 39 页 第 6 条 写入数据库完成
2019-04-28 10:02:11: 地区 北京 第 39 页 第 12 条 写入数据库完成
2019-04-28 10:02:11: 地区 北京 第 39 页 第 14 条 写入数据库完成
2019-04-28 10:02:11: 地区 北京 第 39 页 第 18 条 写入数据库完成
2019-04-28 10:02:11: 地区 北京 第 39 页 第 17 条 写入数据库完成
2019-04-28 10:02:11: 地区 北京 第 39 页 第 20 条 写入数据库完成
2019-04-28 10:02:11: 地区 北京 第 39 页 第 21 条 写入数据库完成
2019-04-28 10:02:16: 地区-北京-页码-37已经转成JSON文件
2019-04-28 10:02:16: 地区 北京 第 37 页 第 3 条 写入数据库完成
2019-04-28 10:02:16: 地区 北京 第 37 页 第 7 条 写入数据库完成
2019-04-28 10:02:16: 地区 北京 第 37 页 第 5 条 写入数据库完成
2019-04-28 10:02:16: 地区 北京 第 37 页 第 11 条 写入数据库完成
2019-04-28 10:02:16: 地区 北京 第 37 页 第 24 条 写入数据库完成
2019-04-28 10:02:18: 地区-北京-页码-47已经转成JSON文件
2019-04-28 10:02:18: 地区 北京 第 47 页 第 1 条 写入数据库完成
2019-04-28 10:02:18: 地区 北京 第 47 页 第 0 条 写入数据库完成
2019-04-28 10:02:18: 地区 北京 第 47 页 第 5 条 写入数据库完成
2019-04-28 10:02:18: 地区 北京 第 47 页 第 10 条 写入数据库完成
2019-04-28 10:02:18: 地区 北京 第 47 页 第 14 条 写入数据库完成
2019-04-28 10:02:18: 地区 北京 第 47 页 第 15 条 写入数据库完成
2019-04-28 10:02:18: 地区 北京 第 47 页 第 16 条 写入数据库完成
2019-04-28 10:02:18: 地区 北京 第 47 页 第 20 条 写入数据库完成
2019-04-28 10:02:18: 地区 北京 第 47 页 第 24 条 写入数据库完成
2019-04-28 10:02:18: 地区北京任务已经结束
2019-04-28 10:02:20: 地区-北京-页码-43已经转成JSON文件
2019-04-28 10:02:20: 地区 北京 第 43 页 第 0 条 写入数据库完成
2019-04-28 10:02:20: 地区 北京 第 43 页 第 2 条 写入数据库完成
2019-04-28 10:02:20: 地区 北京 第 43 页 第 14 条 写入数据库完成
2019-04-28 10:02:20: 地区 北京 第 43 页 第 19 条 写入数据库完成
2019-04-28 10:02:20: 地区 北京 第 43 页 第 22 条 写入数据库完成
2019-04-28 10:02:20: 地区-北京-页码-44已经转成JSON文件
2019-04-28 10:02:20: 地区 北京 第 44 页 第 1 条 写入数据库完成
2019-04-28 10:02:20: 地区 北京 第 44 页 第 4 条 写入数据库完成
2019-04-28 10:02:20: 地区-北京-页码-45已经转成JSON文件
2019-04-28 10:02:20: 地区 北京 第 44 页 第 8 条 写入数据库完成
2019-04-28 10:02:20: 地区 北京 第 44 页 第 11 条 写入数据库完成
2019-04-28 10:02:20: 地区 北京 第 44 页 第 20 条 写入数据库完成
2019-04-28 10:02:20: 地区 北京 第 44 页 第 24 条 写入数据库完成
2019-04-28 10:02:20: 地区 北京 第 44 页 第 21 条 写入数据库完成
2019-04-28 10:02:20: 地区 北京 第 45 页 第 3 条 写入数据库完成
2019-04-28 10:02:20: 地区 北京 第 45 页 第 5 条 写入数据库完成
2019-04-28 10:02:20: 地区 北京 第 45 页 第 8 条 写入数据库完成
2019-04-28 10:02:20: 地区 北京 第 45 页 第 9 条 写入数据库完成
2019-04-28 10:02:20: 地区 北京 第 45 页 第 12 条 写入数据库完成
2019-04-28 10:02:20: 地区 北京 第 45 页 第 16 条 写入数据库完成
2019-04-28 10:02:20: 地区 北京 第 45 页 第 21 条 写入数据库完成
2019-04-28 10:02:21: 地区-北京-页码-50已经转成JSON文件
2019-04-28 10:02:21: 地区 北京 第 50 页 第 3 条 写入数据库完成
2019-04-28 10:02:21: 地区 北京 第 50 页 第 4 条 写入数据库完成
2019-04-28 10:02:21: 地区 北京 第 50 页 第 9 条 写入数据库完成
2019-04-28 10:02:21: 地区 北京 第 50 页 第 6 条 写入数据库完成
2019-04-28 10:02:21: 地区 北京 第 50 页 第 13 条 写入数据库完成
2019-04-28 10:02:21: 地区 北京 第 50 页 第 15 条 写入数据库完成
2019-04-28 10:02:21: 地区 北京 第 50 页 第 17 条 写入数据库完成
2019-04-28 10:02:21: 地区 北京 第 50 页 第 20 条 写入数据库完成
2019-04-28 10:02:21: 地区 北京 第 50 页 第 24 条 写入数据库完成
2019-04-28 10:02:21: 地区 北京 第 50 页 第 21 条 写入数据库完成
2019-04-28 10:02:28: 地区天津任务已经开始
2019-04-28 10:02:32: 地区-天津-页码-2已经转成JSON文件
2019-04-28 10:02:34: 地区-天津-页码-4已经转成JSON文件
2019-04-28 10:02:37: 地区-天津-页码-7已经转成JSON文件
2019-04-28 10:02:37: 地区 天津 第 7 页 第 0 条 写入数据库完成
2019-04-28 10:02:37: 地区 天津 第 7 页 第 23 条 写入数据库完成
2019-04-28 10:02:37: 地区 天津 第 7 页 第 3 条 写入数据库完成
2019-04-28 10:02:40: 地区-天津-页码-10已经转成JSON文件
2019-04-28 10:02:40: 地区 天津 第 10 页 第 6 条 写入数据库完成
2019-04-28 10:02:40: 地区 天津 第 10 页 第 16 条 写入数据库完成
2019-04-28 10:02:40: 地区 天津 第 10 页 第 18 条 写入数据库完成
2019-04-28 10:02:41: 地区-天津-页码-11已经转成JSON文件
2019-04-28 10:02:41: 地区 天津 第 11 页 第 10 条 写入数据库完成
2019-04-28 10:02:41: 地区 天津 第 11 页 第 12 条 写入数据库完成
2019-04-28 10:02:44: 地区-天津-页码-14已经转成JSON文件
2019-04-28 10:02:44: 地区 天津 第 14 页 第 22 条 写入数据库完成
2019-04-28 10:02:45: 地区-天津-页码-9已经转成JSON文件
2019-04-28 10:02:45: 地区 天津 第 9 页 第 7 条 写入数据库完成
2019-04-28 10:02:45: 地区 天津 第 9 页 第 14 条 写入数据库完成
2019-04-28 10:02:45: 地区 天津 第 9 页 第 12 条 写入数据库完成
2019-04-28 10:02:45: 地区 天津 第 9 页 第 16 条 写入数据库完成
2019-04-28 10:02:46: 地区-天津-页码-15已经转成JSON文件
2019-04-28 10:02:46: 地区 天津 第 15 页 第 1 条 写入数据库完成
2019-04-28 10:02:46: 地区 天津 第 15 页 第 0 条 写入数据库完成
2019-04-28 10:02:46: 地区 天津 第 15 页 第 9 条 写入数据库完成
2019-04-28 10:02:46: 地区 天津 第 15 页 第 21 条 写入数据库完成
2019-04-28 10:02:46: 地区-天津-页码-13已经转成JSON文件
2019-04-28 10:02:46: 地区 天津 第 13 页 第 6 条 写入数据库完成
2019-04-28 10:02:46: 地区 天津 第 13 页 第 13 条 写入数据库完成
2019-04-28 10:02:47: 地区-天津-页码-18已经转成JSON文件
2019-04-28 10:02:47: 地区 天津 第 18 页 第 0 条 写入数据库完成
2019-04-28 10:02:47: 地区 天津 第 18 页 第 5 条 写入数据库完成
2019-04-28 10:02:47: 地区 天津 第 18 页 第 2 条 写入数据库完成
2019-04-28 10:02:47: 地区 天津 第 18 页 第 6 条 写入数据库完成
2019-04-28 10:02:47: 地区 天津 第 18 页 第 4 条 写入数据库完成
2019-04-28 10:02:47: 地区 天津 第 18 页 第 8 条 写入数据库完成
2019-04-28 10:02:47: 地区 天津 第 18 页 第 14 条 写入数据库完成
2019-04-28 10:02:47: 地区 天津 第 18 页 第 16 条 写入数据库完成
2019-04-28 10:02:47: 地区 天津 第 18 页 第 15 条 写入数据库完成
2019-04-28 10:02:47: 地区 天津 第 18 页 第 18 条 写入数据库完成
2019-04-28 10:02:47: 地区 天津 第 18 页 第 22 条 写入数据库完成
2019-04-28 10:02:47: 地区 天津 第 18 页 第 20 条 写入数据库完成
2019-04-28 10:02:49: 地区-天津-页码-16已经转成JSON文件
2019-04-28 10:02:49: 地区 天津 第 16 页 第 1 条 写入数据库完成
2019-04-28 10:02:49: 地区 天津 第 16 页 第 5 条 写入数据库完成
2019-04-28 10:02:49: 地区 天津 第 16 页 第 6 条 写入数据库完成
2019-04-28 10:02:49: 地区 天津 第 16 页 第 3 条 写入数据库完成
2019-04-28 10:02:49: 地区 天津 第 16 页 第 4 条 写入数据库完成
2019-04-28 10:02:49: 地区 天津 第 16 页 第 8 条 写入数据库完成
2019-04-28 10:02:49: 地区 天津 第 16 页 第 14 条 写入数据库完成
2019-04-28 10:02:49: 地区 天津 第 16 页 第 13 条 写入数据库完成
2019-04-28 10:02:49: 地区 天津 第 16 页 第 16 条 写入数据库完成
2019-04-28 10:02:49: 地区 天津 第 16 页 第 19 条 写入数据库完成
2019-04-28 10:02:49: 地区 天津 第 16 页 第 17 条 写入数据库完成
2019-04-28 10:02:49: 地区 天津 第 16 页 第 18 条 写入数据库完成
2019-04-28 10:02:49: 地区 天津 第 16 页 第 22 条 写入数据库完成
2019-04-28 10:02:52: 地区-天津-页码-19已经转成JSON文件
2019-04-28 10:02:52: 地区 天津 第 19 页 第 5 条 写入数据库完成
2019-04-28 10:02:52: 地区 天津 第 19 页 第 6 条 写入数据库完成
2019-04-28 10:02:52: 地区 天津 第 19 页 第 9 条 写入数据库完成
2019-04-28 10:02:52: 地区 天津 第 19 页 第 7 条 写入数据库完成
2019-04-28 10:02:52: 地区 天津 第 19 页 第 10 条 写入数据库完成
2019-04-28 10:02:52: 地区 天津 第 19 页 第 14 条 写入数据库完成
2019-04-28 10:02:52: 地区 天津 第 19 页 第 15 条 写入数据库完成
2019-04-28 10:02:52: 地区 天津 第 19 页 第 18 条 写入数据库完成
2019-04-28 10:02:52: 地区 天津 第 19 页 第 17 条 写入数据库完成
2019-04-28 10:02:52: 地区 天津 第 19 页 第 23 条 写入数据库完成
2019-04-28 10:02:52: 地区 天津 第 19 页 第 21 条 写入数据库完成
2019-04-28 10:02:52: 地区 天津 第 19 页 第 22 条 写入数据库完成
2019-04-28 10:02:55: 地区-天津-页码-24已经转成JSON文件
2019-04-28 10:02:55: 地区-天津-页码-20已经转成JSON文件
2019-04-28 10:02:55: 地区 天津 第 20 页 第 0 条 写入数据库完成
2019-04-28 10:02:55: 地区 天津 第 20 页 第 5 条 写入数据库完成
2019-04-28 10:02:55: 地区 天津 第 20 页 第 1 条 写入数据库完成
2019-04-28 10:02:55: 地区 天津 第 20 页 第 2 条 写入数据库完成
2019-04-28 10:02:55: 地区 天津 第 20 页 第 4 条 写入数据库完成
2019-04-28 10:02:55: 地区 天津 第 20 页 第 9 条 写入数据库完成
2019-04-28 10:02:55: 地区 天津 第 20 页 第 10 条 写入数据库完成
2019-04-28 10:02:55: 地区 天津 第 20 页 第 11 条 写入数据库完成
2019-04-28 10:02:55: 地区 天津 第 20 页 第 12 条 写入数据库完成
2019-04-28 10:02:55: 地区 天津 第 20 页 第 13 条 写入数据库完成
2019-04-28 10:02:55: 地区 天津 第 20 页 第 16 条 写入数据库完成
2019-04-28 10:02:55: 地区 天津 第 20 页 第 18 条 写入数据库完成
2019-04-28 10:02:55: 地区 天津 第 20 页 第 21 条 写入数据库完成
2019-04-28 10:02:55: 地区 天津 第 20 页 第 22 条 写入数据库完成
2019-04-28 10:02:55: 地区 天津 第 20 页 第 20 条 写入数据库完成
2019-04-28 10:02:56: 地区-天津-页码-23已经转成JSON文件
2019-04-28 10:02:56: 地区 天津 第 23 页 第 1 条 写入数据库完成
2019-04-28 10:02:56: 地区 天津 第 23 页 第 2 条 写入数据库完成
2019-04-28 10:02:56: 地区 天津 第 23 页 第 3 条 写入数据库完成
2019-04-28 10:02:56: 地区 天津 第 23 页 第 8 条 写入数据库完成
2019-04-28 10:02:56: 地区 天津 第 23 页 第 7 条 写入数据库完成
2019-04-28 10:02:56: 地区 天津 第 23 页 第 5 条 写入数据库完成
2019-04-28 10:02:56: 地区 天津 第 23 页 第 9 条 写入数据库完成
2019-04-28 10:02:56: 地区 天津 第 23 页 第 6 条 写入数据库完成
2019-04-28 10:02:56: 地区 天津 第 23 页 第 12 条 写入数据库完成
2019-04-28 10:02:56: 地区 天津 第 23 页 第 13 条 写入数据库完成
2019-04-28 10:02:56: 地区 天津 第 23 页 第 10 条 写入数据库完成
2019-04-28 10:02:56: 地区 天津 第 23 页 第 11 条 写入数据库完成
2019-04-28 10:02:56: 地区 天津 第 23 页 第 15 条 写入数据库完成
2019-04-28 10:02:56: 地区 天津 第 23 页 第 19 条 写入数据库完成
2019-04-28 10:02:56: 地区 天津 第 23 页 第 16 条 写入数据库完成
2019-04-28 10:02:56: 地区 天津 第 23 页 第 20 条 写入数据库完成
2019-04-28 10:02:56: 地区 天津 第 23 页 第 23 条 写入数据库完成
2019-04-28 10:02:58: 地区-天津-页码-21已经转成JSON文件
2019-04-28 10:02:58: 地区 天津 第 21 页 第 7 条 写入数据库完成
2019-04-28 10:02:58: 地区 天津 第 21 页 第 14 条 写入数据库完成
2019-04-28 10:02:58: 地区 天津 第 21 页 第 10 条 写入数据库完成
2019-04-28 10:02:59: 地区 天津 第 21 页 第 19 条 写入数据库完成
2019-04-28 10:02:59: 地区 天津 第 21 页 第 22 条 写入数据库完成
2019-04-28 10:02:59: 地区-天津-页码-28已经转成JSON文件
2019-04-28 10:02:59: 地区 天津 第 28 页 第 6 条 写入数据库完成
2019-04-28 10:03:02: 地区-天津-页码-32已经转成JSON文件
2019-04-28 10:03:02: 地区 天津 第 32 页 第 1 条 写入数据库完成
2019-04-28 10:03:02: 地区 天津 第 32 页 第 0 条 写入数据库完成
2019-04-28 10:03:06: 地区-天津-页码-33已经转成JSON文件
2019-04-28 10:03:06: 地区 天津 第 33 页 第 4 条 写入数据库完成
2019-04-28 10:03:06: 地区 天津 第 33 页 第 8 条 写入数据库完成
2019-04-28 10:03:06: 地区 天津 第 33 页 第 10 条 写入数据库完成
2019-04-28 10:03:06: 地区 天津 第 33 页 第 24 条 写入数据库完成
2019-04-28 10:03:06: 地区 天津 第 33 页 第 21 条 写入数据库完成
2019-04-28 10:03:06: 地区 天津 第 33 页 第 23 条 写入数据库完成
2019-04-28 10:03:07: 地区-天津-页码-30已经转成JSON文件
2019-04-28 10:03:07: 地区 天津 第 30 页 第 0 条 写入数据库完成
2019-04-28 10:03:07: 地区 天津 第 30 页 第 20 条 写入数据库完成
2019-04-28 10:03:08: 地区-天津-页码-34已经转成JSON文件
2019-04-28 10:03:08: 地区 天津 第 34 页 第 11 条 写入数据库完成
2019-04-28 10:03:08: 地区-天津-页码-36已经转成JSON文件
2019-04-28 10:03:08: 地区 天津 第 36 页 第 0 条 写入数据库完成
2019-04-28 10:03:08: 地区 天津 第 36 页 第 4 条 写入数据库完成
2019-04-28 10:03:13: 地区-天津-页码-39已经转成JSON文件
2019-04-28 10:03:13: 地区 天津 第 39 页 第 1 条 写入数据库完成
2019-04-28 10:03:13: 地区-天津-页码-44已经转成JSON文件
2019-04-28 10:03:13: 地区 天津 第 39 页 第 20 条 写入数据库完成
2019-04-28 10:03:14: 地区-天津-页码-40已经转成JSON文件
2019-04-28 10:03:14: 地区 天津 第 40 页 第 0 条 写入数据库完成
2019-04-28 10:03:14: 地区 天津 第 40 页 第 12 条 写入数据库完成
2019-04-28 10:03:14: 地区 天津 第 40 页 第 19 条 写入数据库完成
2019-04-28 10:03:14: 地区 天津 第 40 页 第 17 条 写入数据库完成
2019-04-28 10:03:14: 地区-天津-页码-42已经转成JSON文件
2019-04-28 10:03:14: 地区 天津 第 42 页 第 5 条 写入数据库完成
2019-04-28 10:03:14: 地区 天津 第 42 页 第 7 条 写入数据库完成
2019-04-28 10:03:14: 地区 天津 第 42 页 第 3 条 写入数据库完成
2019-04-28 10:03:14: 地区 天津 第 42 页 第 17 条 写入数据库完成
2019-04-28 10:03:15: 地区-天津-页码-45已经转成JSON文件
2019-04-28 10:03:15: 地区 天津 第 45 页 第 5 条 写入数据库完成
2019-04-28 10:03:15: 地区 天津 第 45 页 第 7 条 写入数据库完成
2019-04-28 10:03:15: 地区 天津 第 45 页 第 10 条 写入数据库完成
2019-04-28 10:03:15: 地区 天津 第 45 页 第 11 条 写入数据库完成
2019-04-28 10:03:15: 地区 天津 第 45 页 第 12 条 写入数据库完成
2019-04-28 10:03:15: 地区 天津 第 45 页 第 24 条 写入数据库完成
2019-04-28 10:03:16: 地区-天津-页码-41已经转成JSON文件
2019-04-28 10:03:17: 地区-天津-页码-47已经转成JSON文件
2019-04-28 10:03:17: 地区 天津 第 47 页 第 19 条 写入数据库完成
2019-04-28 10:03:18: 地区天津任务已经结束
2019-04-28 10:03:20: 地区-天津-页码-46已经转成JSON文件
2019-04-28 10:03:20: 地区 天津 第 46 页 第 16 条 写入数据库完成
2019-04-28 10:03:20: 地区 天津 第 46 页 第 21 条 写入数据库完成
2019-04-28 10:03:20: 地区 天津 第 46 页 第 22 条 写入数据库完成
2019-04-28 10:03:21: 地区-天津-页码-48已经转成JSON文件
2019-04-28 10:03:21: 地区 天津 第 48 页 第 8 条 写入数据库完成
2019-04-28 10:03:21: 地区 天津 第 48 页 第 9 条 写入数据库完成
2019-04-28 10:03:21: 地区 天津 第 48 页 第 14 条 写入数据库完成
2019-04-28 10:03:21: 地区 天津 第 48 页 第 18 条 写入数据库完成
2019-04-28 10:03:21: 地区 天津 第 48 页 第 20 条 写入数据库完成
2019-04-28 10:03:21: 地区 天津 第 48 页 第 24 条 写入数据库完成
2019-04-28 10:03:21: 地区 天津 第 48 页 第 21 条 写入数据库完成
2019-04-28 10:03:28: 地区河北任务已经开始
2019-04-28 10:03:31: 地区-河北-页码-1已经转成JSON文件
2019-04-28 10:03:31: 地区 河北 第 1 页 第 1 条 写入数据库完成
2019-04-28 10:03:31: 地区 河北 第 1 页 第 0 条 写入数据库完成
2019-04-28 10:03:31: 地区 河北 第 1 页 第 2 条 写入数据库完成
2019-04-28 10:03:31: 地区 河北 第 1 页 第 3 条 写入数据库完成
2019-04-28 10:03:31: 地区 河北 第 1 页 第 13 条 写入数据库完成
2019-04-28 10:03:34: 地区-河北-页码-2已经转成JSON文件
2019-04-28 10:03:34: 地区 河北 第 2 页 第 1 条 写入数据库完成
2019-04-28 10:03:38: 地区-河北-页码-7已经转成JSON文件
2019-04-28 10:03:38: 地区 河北 第 7 页 第 8 条 写入数据库完成
2019-04-28 10:03:38: 地区 河北 第 7 页 第 15 条 写入数据库完成
2019-04-28 10:03:40: 地区-河北-页码-10已经转成JSON文件
2019-04-28 10:03:40: 地区 河北 第 10 页 第 15 条 写入数据库完成
2019-04-28 10:03:44: 地区-河北-页码-6已经转成JSON文件
2019-04-28 10:03:47: 地区-河北-页码-15已经转成JSON文件
2019-04-28 10:03:47: 地区 河北 第 15 页 第 24 条 写入数据库完成
2019-04-28 10:03:49: 地区-河北-页码-13已经转成JSON文件
2019-04-28 10:03:49: 地区 河北 第 13 页 第 15 条 写入数据库完成
2019-04-28 10:03:49: 地区 河北 第 13 页 第 13 条 写入数据库完成
2019-04-28 10:03:49: 地区 河北 第 13 页 第 23 条 写入数据库完成
2019-04-28 10:03:49: 地区 河北 第 13 页 第 3 条 写入数据库完成
2019-04-28 10:03:52: 地区-河北-页码-5已经转成JSON文件
2019-04-28 10:03:52: 地区-河北-页码-18已经转成JSON文件
2019-04-28 10:03:52: 地区 河北 第 18 页 第 0 条 写入数据库完成
2019-04-28 10:03:52: 地区 河北 第 18 页 第 5 条 写入数据库完成
2019-04-28 10:03:52: 地区 河北 第 18 页 第 1 条 写入数据库完成
2019-04-28 10:03:52: 地区 河北 第 18 页 第 7 条 写入数据库完成
2019-04-28 10:03:52: 地区 河北 第 18 页 第 2 条 写入数据库完成
2019-04-28 10:03:52: 地区 河北 第 18 页 第 3 条 写入数据库完成
2019-04-28 10:03:52: 地区 河北 第 18 页 第 8 条 写入数据库完成
2019-04-28 10:03:52: 地区 河北 第 18 页 第 4 条 写入数据库完成
2019-04-28 10:03:52: 地区 河北 第 18 页 第 11 条 写入数据库完成
2019-04-28 10:03:52: 地区 河北 第 18 页 第 10 条 写入数据库完成
2019-04-28 10:03:52: 地区 河北 第 18 页 第 13 条 写入数据库完成
2019-04-28 10:03:52: 地区 河北 第 18 页 第 14 条 写入数据库完成
2019-04-28 10:03:52: 地区 河北 第 18 页 第 17 条 写入数据库完成
2019-04-28 10:03:52: 地区 河北 第 18 页 第 16 条 写入数据库完成
2019-04-28 10:03:52: 地区 河北 第 18 页 第 18 条 写入数据库完成
2019-04-28 10:03:52: 地区 河北 第 18 页 第 19 条 写入数据库完成
2019-04-28 10:03:52: 地区 河北 第 18 页 第 22 条 写入数据库完成
2019-04-28 10:03:52: 地区 河北 第 18 页 第 20 条 写入数据库完成
2019-04-28 10:03:52: 地区 河北 第 18 页 第 23 条 写入数据库完成
2019-04-28 10:03:53: 地区-河北-页码-25已经转成JSON文件
2019-04-28 10:03:54: 地区-河北-页码-22已经转成JSON文件
2019-04-28 10:03:54: 地区-河北-页码-24已经转成JSON文件
2019-04-28 10:03:54: 地区 河北 第 24 页 第 4 条 写入数据库完成
2019-04-28 10:03:55: 地区-河北-页码-16已经转成JSON文件
2019-04-28 10:03:55: 地区 河北 第 16 页 第 12 条 写入数据库完成
2019-04-28 10:03:55: 地区 河北 第 16 页 第 13 条 写入数据库完成
2019-04-28 10:03:55: 地区 河北 第 16 页 第 6 条 写入数据库完成
2019-04-28 10:03:55: 地区 河北 第 16 页 第 3 条 写入数据库完成
2019-04-28 10:03:55: 地区 河北 第 16 页 第 10 条 写入数据库完成
2019-04-28 10:03:55: 地区 河北 第 16 页 第 16 条 写入数据库完成
2019-04-28 10:04:01: 地区-河北-页码-31已经转成JSON文件
2019-04-28 10:04:01: 地区 河北 第 31 页 第 0 条 写入数据库完成
2019-04-28 10:04:01: 地区 河北 第 31 页 第 9 条 写入数据库完成
2019-04-28 10:04:01: 地区 河北 第 31 页 第 14 条 写入数据库完成
2019-04-28 10:04:01: 地区 河北 第 31 页 第 19 条 写入数据库完成
2019-04-28 10:04:01: 地区 河北 第 31 页 第 18 条 写入数据库完成
2019-04-28 10:04:01: 地区 河北 第 31 页 第 23 条 写入数据库完成
2019-04-28 10:04:01: 地区 河北 第 31 页 第 3 条 写入数据库完成
2019-04-28 10:04:04: 地区-河北-页码-29已经转成JSON文件
2019-04-28 10:04:04: 地区 河北 第 29 页 第 6 条 写入数据库完成
2019-04-28 10:04:05: 地区-河北-页码-26已经转成JSON文件
2019-04-28 10:04:05: 地区 河北 第 26 页 第 0 条 写入数据库完成
2019-04-28 10:04:05: 地区 河北 第 26 页 第 8 条 写入数据库完成
2019-04-28 10:04:05: 地区 河北 第 26 页 第 17 条 写入数据库完成
2019-04-28 10:04:06: 地区-河北-页码-35已经转成JSON文件
2019-04-28 10:04:06: 地区 河北 第 35 页 第 4 条 写入数据库完成
2019-04-28 10:04:06: 地区 河北 第 35 页 第 6 条 写入数据库完成
2019-04-28 10:04:06: 地区-河北-页码-14已经转成JSON文件
2019-04-28 10:04:06: 地区 河北 第 14 页 第 4 条 写入数据库完成
2019-04-28 10:04:06: 地区 河北 第 14 页 第 13 条 写入数据库完成
2019-04-28 10:04:06: 地区 河北 第 14 页 第 16 条 写入数据库完成
2019-04-28 10:04:06: 地区 河北 第 14 页 第 18 条 写入数据库完成
2019-04-28 10:04:08: 地区-河北-页码-38已经转成JSON文件
2019-04-28 10:04:08: 地区 河北 第 38 页 第 9 条 写入数据库完成
2019-04-28 10:04:08: 地区 河北 第 38 页 第 11 条 写入数据库完成
2019-04-28 10:04:08: 地区 河北 第 38 页 第 18 条 写入数据库完成
2019-04-28 10:04:11: 地区-河北-页码-40已经转成JSON文件
2019-04-28 10:04:11: 地区 河北 第 40 页 第 7 条 写入数据库完成
2019-04-28 10:04:11: 地区 河北 第 40 页 第 11 条 写入数据库完成
2019-04-28 10:04:11: IP入库任务完成
2019-04-28 10:04:12: 地区-河北-页码-34已经转成JSON文件
2019-04-28 10:04:12: 地区 河北 第 34 页 第 13 条 写入数据库完成
2019-04-28 10:04:12: 地区 河北 第 34 页 第 11 条 写入数据库完成
2019-04-28 10:04:12: 地区 河北 第 34 页 第 12 条 写入数据库完成
2019-04-28 10:04:12: 地区 河北 第 34 页 第 15 条 写入数据库完成
2019-04-28 10:04:12: 地区 河北 第 34 页 第 24 条 写入数据库完成
2019-04-28 10:04:13: 地区-河北-页码-43已经转成JSON文件
2019-04-28 10:04:13: 地区 河北 第 43 页 第 3 条 写入数据库完成
2019-04-28 10:04:13: 地区 河北 第 43 页 第 2 条 写入数据库完成
2019-04-28 10:04:13: 地区 河北 第 43 页 第 13 条 写入数据库完成
2019-04-28 10:04:13: 地区 河北 第 43 页 第 21 条 写入数据库完成
2019-04-28 10:04:14: 地区-河北-页码-44已经转成JSON文件
2019-04-28 10:04:14: 地区 河北 第 44 页 第 5 条 写入数据库完成
2019-04-28 10:04:14: 地区 河北 第 44 页 第 12 条 写入数据库完成
2019-04-28 10:04:14: 地区 河北 第 44 页 第 19 条 写入数据库完成
2019-04-28 10:04:14: 地区-河北-页码-39已经转成JSON文件
2019-04-28 10:04:14: 地区 河北 第 39 页 第 1 条 写入数据库完成
2019-04-28 10:04:14: 地区 河北 第 39 页 第 10 条 写入数据库完成
2019-04-28 10:04:14: 地区 河北 第 39 页 第 15 条 写入数据库完成
2019-04-28 10:04:14: 地区 河北 第 39 页 第 17 条 写入数据库完成
2019-04-28 10:04:17: 地区-河北-页码-33已经转成JSON文件
2019-04-28 10:04:17: 地区 河北 第 33 页 第 5 条 写入数据库完成
2019-04-28 10:04:17: 地区-河北-页码-47已经转成JSON文件
2019-04-28 10:04:17: 地区 河北 第 47 页 第 2 条 写入数据库完成
2019-04-28 10:04:17: 地区 河北 第 47 页 第 4 条 写入数据库完成
2019-04-28 10:04:17: 地区 河北 第 47 页 第 24 条 写入数据库完成
2019-04-28 10:04:17: 地区 河北 第 47 页 第 20 条 写入数据库完成
2019-04-28 10:04:18: 地区河北任务已经结束
2019-04-28 10:04:21: 地区-河北-页码-46已经转成JSON文件
2019-04-28 10:04:21: 地区 河北 第 46 页 第 17 条 写入数据库完成
2019-04-28 10:04:21: 地区 河北 第 46 页 第 19 条 写入数据库完成
2019-04-28 10:04:21: 地区 河北 第 46 页 第 24 条 写入数据库完成
2019-04-28 10:04:21: 地区 河北 第 46 页 第 21 条 写入数据库完成
2019-04-28 10:04:23: 地区-河北-页码-49已经转成JSON文件
2019-04-28 10:04:24: 地区 河北 第 49 页 第 3 条 写入数据库完成
2019-04-28 10:04:28: 地区山西任务已经开始
2019-04-28 10:04:32: 地区-山西-页码-2已经转成JSON文件
2019-04-28 10:04:32: 地区 山西 第 2 页 第 1 条 写入数据库完成
2019-04-28 10:04:32: 地区 山西 第 2 页 第 20 条 写入数据库完成
2019-04-28 10:04:33: 地区-山西-页码-3已经转成JSON文件
2019-04-28 10:04:33: 地区 山西 第 3 页 第 11 条 写入数据库完成
2019-04-28 10:04:33: 地区-山西-页码-1已经转成JSON文件
2019-04-28 10:04:34: 地区-山西-页码-5已经转成JSON文件
2019-04-28 10:04:34: 地区 山西 第 5 页 第 4 条 写入数据库完成
2019-04-28 10:04:34: 地区 山西 第 5 页 第 13 条 写入数据库完成
2019-04-28 10:04:35: 地区-山西-页码-6已经转成JSON文件
2019-04-28 10:04:35: 地区 山西 第 6 页 第 1 条 写入数据库完成
2019-04-28 10:04:35: 地区 山西 第 6 页 第 24 条 写入数据库完成
2019-04-28 10:04:39: 地区-山西-页码-10已经转成JSON文件
2019-04-28 10:04:39: 地区 山西 第 10 页 第 0 条 写入数据库完成
2019-04-28 10:04:39: 地区 山西 第 10 页 第 3 条 写入数据库完成
2019-04-28 10:04:39: 地区 山西 第 10 页 第 5 条 写入数据库完成
2019-04-28 10:04:39: 地区 山西 第 10 页 第 10 条 写入数据库完成
2019-04-28 10:04:39: 地区 山西 第 10 页 第 11 条 写入数据库完成
2019-04-28 10:04:39: 地区 山西 第 10 页 第 12 条 写入数据库完成
2019-04-28 10:04:39: 地区 山西 第 10 页 第 14 条 写入数据库完成
2019-04-28 10:04:39: 地区 山西 第 10 页 第 15 条 写入数据库完成
2019-04-28 10:04:39: 地区 山西 第 10 页 第 16 条 写入数据库完成
2019-04-28 10:04:39: 地区 山西 第 10 页 第 17 条 写入数据库完成
2019-04-28 10:04:39: 地区 山西 第 10 页 第 18 条 写入数据库完成
2019-04-28 10:04:39: 地区 山西 第 10 页 第 21 条 写入数据库完成
2019-04-28 10:04:39: 地区 山西 第 10 页 第 23 条 写入数据库完成
2019-04-28 10:04:40: 地区-山西-页码-8已经转成JSON文件
2019-04-28 10:04:40: 地区 山西 第 8 页 第 1 条 写入数据库完成
2019-04-28 10:04:43: 地区-山西-页码-11已经转成JSON文件
2019-04-28 10:04:43: 地区-山西-页码-13已经转成JSON文件
2019-04-28 10:04:43: 地区 山西 第 11 页 第 13 条 写入数据库完成
2019-04-28 10:04:43: 地区 山西 第 11 页 第 15 条 写入数据库完成
2019-04-28 10:04:43: 地区 山西 第 11 页 第 16 条 写入数据库完成
2019-04-28 10:04:43: 地区 山西 第 11 页 第 19 条 写入数据库完成
2019-04-28 10:04:43: 地区 山西 第 11 页 第 20 条 写入数据库完成
2019-04-28 10:04:43: 地区 山西 第 11 页 第 24 条 写入数据库完成
2019-04-28 10:04:43: 地区 山西 第 13 页 第 1 条 写入数据库完成
2019-04-28 10:04:43: 地区 山西 第 13 页 第 4 条 写入数据库完成
2019-04-28 10:04:43: 地区 山西 第 13 页 第 5 条 写入数据库完成
2019-04-28 10:04:43: 地区 山西 第 13 页 第 6 条 写入数据库完成
2019-04-28 10:04:43: 地区 山西 第 13 页 第 9 条 写入数据库完成
2019-04-28 10:04:43: 地区 山西 第 13 页 第 10 条 写入数据库完成
2019-04-28 10:04:43: 地区 山西 第 13 页 第 13 条 写入数据库完成
2019-04-28 10:04:43: 地区 山西 第 13 页 第 11 条 写入数据库完成
2019-04-28 10:04:43: 地区 山西 第 13 页 第 14 条 写入数据库完成
2019-04-28 10:04:43: 地区 山西 第 13 页 第 23 条 写入数据库完成
2019-04-28 10:04:43: 地区 山西 第 13 页 第 21 条 写入数据库完成
2019-04-28 10:04:43: 地区 山西 第 13 页 第 22 条 写入数据库完成
2019-04-28 10:04:52: 地区-山西-页码-17已经转成JSON文件
2019-04-28 10:04:52: 地区 山西 第 17 页 第 1 条 写入数据库完成
2019-04-28 10:04:52: 地区 山西 第 17 页 第 7 条 写入数据库完成
2019-04-28 10:04:52: 地区 山西 第 17 页 第 2 条 写入数据库完成
2019-04-28 10:04:52: 地区 山西 第 17 页 第 8 条 写入数据库完成
2019-04-28 10:04:52: 地区 山西 第 17 页 第 6 条 写入数据库完成
2019-04-28 10:04:52: 地区 山西 第 17 页 第 5 条 写入数据库完成
2019-04-28 10:04:52: 地区 山西 第 17 页 第 10 条 写入数据库完成
2019-04-28 10:04:52: 地区 山西 第 17 页 第 11 条 写入数据库完成
2019-04-28 10:04:52: 地区 山西 第 17 页 第 17 条 写入数据库完成
2019-04-28 10:04:52: 地区 山西 第 17 页 第 19 条 写入数据库完成
2019-04-28 10:04:52: 地区 山西 第 17 页 第 18 条 写入数据库完成
2019-04-28 10:04:52: 地区 山西 第 17 页 第 24 条 写入数据库完成
2019-04-28 10:04:52: 地区-山西-页码-19已经转成JSON文件
2019-04-28 10:04:52: 地区 山西 第 19 页 第 20 条 写入数据库完成
2019-04-28 10:04:52: 地区 山西 第 19 页 第 13 条 写入数据库完成
2019-04-28 10:04:52: 地区 山西 第 19 页 第 21 条 写入数据库完成
2019-04-28 10:04:53: 地区-山西-页码-21已经转成JSON文件
2019-04-28 10:04:53: 地区 山西 第 21 页 第 12 条 写入数据库完成
2019-04-28 10:04:56: 地区-山西-页码-20已经转成JSON文件
2019-04-28 10:04:56: 地区-山西-页码-25已经转成JSON文件
2019-04-28 10:04:56: 地区-山西-页码-26已经转成JSON文件
2019-04-28 10:04:56: 地区 山西 第 26 页 第 8 条 写入数据库完成
2019-04-28 10:04:59: 地区-山西-页码-16已经转成JSON文件
2019-04-28 10:04:59: 地区 山西 第 16 页 第 2 条 写入数据库完成
2019-04-28 10:04:59: 地区 山西 第 16 页 第 4 条 写入数据库完成
2019-04-28 10:04:59: 地区 山西 第 16 页 第 14 条 写入数据库完成
2019-04-28 10:04:59: 地区 山西 第 16 页 第 10 条 写入数据库完成
2019-04-28 10:04:59: 地区 山西 第 16 页 第 12 条 写入数据库完成
2019-04-28 10:04:59: 地区 山西 第 16 页 第 15 条 写入数据库完成
2019-04-28 10:04:59: 地区 山西 第 16 页 第 18 条 写入数据库完成
2019-04-28 10:04:59: 地区 山西 第 16 页 第 22 条 写入数据库完成
2019-04-28 10:05:01: 地区-山西-页码-14已经转成JSON文件
2019-04-28 10:05:01: 地区 山西 第 14 页 第 4 条 写入数据库完成
2019-04-28 10:05:01: 地区 山西 第 14 页 第 6 条 写入数据库完成
2019-04-28 10:05:01: 地区 山西 第 14 页 第 9 条 写入数据库完成
2019-04-28 10:05:01: 地区 山西 第 14 页 第 8 条 写入数据库完成
2019-04-28 10:05:01: 地区 山西 第 14 页 第 12 条 写入数据库完成
2019-04-28 10:05:01: 地区 山西 第 14 页 第 13 条 写入数据库完成
2019-04-28 10:05:01: 地区 山西 第 14 页 第 15 条 写入数据库完成
2019-04-28 10:05:02: 地区-山西-页码-33已经转成JSON文件
2019-04-28 10:05:03: 地区-山西-页码-28已经转成JSON文件
2019-04-28 10:05:03: 地区 山西 第 28 页 第 6 条 写入数据库完成
2019-04-28 10:05:03: 地区 山西 第 28 页 第 13 条 写入数据库完成
2019-04-28 10:05:03: 地区 山西 第 28 页 第 11 条 写入数据库完成
2019-04-28 10:05:03: 地区 山西 第 28 页 第 15 条 写入数据库完成
2019-04-28 10:05:03: 地区 山西 第 28 页 第 16 条 写入数据库完成
2019-04-28 10:05:05: 地区-山西-页码-35已经转成JSON文件
2019-04-28 10:05:05: 地区 山西 第 35 页 第 8 条 写入数据库完成
2019-04-28 10:05:05: 地区 山西 第 35 页 第 12 条 写入数据库完成
2019-04-28 10:05:05: 地区 山西 第 35 页 第 18 条 写入数据库完成
2019-04-28 10:05:05: 地区 山西 第 35 页 第 22 条 写入数据库完成
2019-04-28 10:05:08: 地区-山西-页码-34已经转成JSON文件
2019-04-28 10:05:08: 地区 山西 第 34 页 第 1 条 写入数据库完成
2019-04-28 10:05:12: 地区-山西-页码-40已经转成JSON文件
2019-04-28 10:05:12: 地区 山西 第 40 页 第 1 条 写入数据库完成
2019-04-28 10:05:12: 地区 山西 第 40 页 第 3 条 写入数据库完成
2019-04-28 10:05:12: 地区 山西 第 40 页 第 6 条 写入数据库完成
2019-04-28 10:05:12: 地区 山西 第 40 页 第 9 条 写入数据库完成
2019-04-28 10:05:12: 地区 山西 第 40 页 第 8 条 写入数据库完成
2019-04-28 10:05:12: 地区 山西 第 40 页 第 10 条 写入数据库完成
2019-04-28 10:05:12: 地区 山西 第 40 页 第 11 条 写入数据库完成
2019-04-28 10:05:12: 地区 山西 第 40 页 第 14 条 写入数据库完成
2019-04-28 10:05:12: 地区 山西 第 40 页 第 13 条 写入数据库完成
2019-04-28 10:05:12: 地区 山西 第 40 页 第 15 条 写入数据库完成
2019-04-28 10:05:12: 地区 山西 第 40 页 第 21 条 写入数据库完成
2019-04-28 10:05:12: 地区 山西 第 40 页 第 24 条 写入数据库完成
2019-04-28 10:05:12: 地区 山西 第 40 页 第 23 条 写入数据库完成
2019-04-28 10:05:13: 地区-山西-页码-42已经转成JSON文件
2019-04-28 10:05:13: 地区 山西 第 42 页 第 1 条 写入数据库完成
2019-04-28 10:05:13: 地区 山西 第 42 页 第 0 条 写入数据库完成
2019-04-28 10:05:13: 地区 山西 第 42 页 第 3 条 写入数据库完成
2019-04-28 10:05:13: 地区 山西 第 42 页 第 2 条 写入数据库完成
2019-04-28 10:05:13: 地区 山西 第 42 页 第 4 条 写入数据库完成
2019-04-28 10:05:13: 地区 山西 第 42 页 第 6 条 写入数据库完成
2019-04-28 10:05:13: 地区 山西 第 42 页 第 14 条 写入数据库完成
2019-04-28 10:05:13: 地区 山西 第 42 页 第 13 条 写入数据库完成
2019-04-28 10:05:13: 地区 山西 第 42 页 第 15 条 写入数据库完成
2019-04-28 10:05:13: 地区 山西 第 42 页 第 20 条 写入数据库完成
2019-04-28 10:05:13: 地区 山西 第 42 页 第 17 条 写入数据库完成
2019-04-28 10:05:13: 地区 山西 第 42 页 第 19 条 写入数据库完成
2019-04-28 10:05:13: 地区 山西 第 42 页 第 18 条 写入数据库完成
2019-04-28 10:05:13: 地区 山西 第 42 页 第 16 条 写入数据库完成
2019-04-28 10:05:13: 地区 山西 第 42 页 第 24 条 写入数据库完成
2019-04-28 10:05:13: 地区 山西 第 42 页 第 21 条 写入数据库完成
2019-04-28 10:05:14: 地区-山西-页码-44已经转成JSON文件
2019-04-28 10:05:15: 地区-山西-页码-41已经转成JSON文件
2019-04-28 10:05:15: 地区 山西 第 41 页 第 2 条 写入数据库完成
2019-04-28 10:05:15: 地区 山西 第 41 页 第 4 条 写入数据库完成
2019-04-28 10:05:15: 地区 山西 第 41 页 第 7 条 写入数据库完成
2019-04-28 10:05:15: 地区 山西 第 41 页 第 11 条 写入数据库完成
2019-04-28 10:05:15: 地区 山西 第 41 页 第 21 条 写入数据库完成
2019-04-28 10:05:16: 地区-山西-页码-45已经转成JSON文件
2019-04-28 10:05:16: 地区 山西 第 45 页 第 1 条 写入数据库完成
2019-04-28 10:05:16: 地区 山西 第 45 页 第 6 条 写入数据库完成
2019-04-28 10:05:16: 地区 山西 第 45 页 第 11 条 写入数据库完成
2019-04-28 10:05:16: 地区 山西 第 45 页 第 10 条 写入数据库完成
2019-04-28 10:05:16: 地区 山西 第 45 页 第 2 条 写入数据库完成
2019-04-28 10:05:16: 地区 山西 第 45 页 第 12 条 写入数据库完成
2019-04-28 10:05:16: 地区 山西 第 45 页 第 4 条 写入数据库完成
2019-04-28 10:05:16: 地区 山西 第 45 页 第 9 条 写入数据库完成
2019-04-28 10:05:16: 地区 山西 第 45 页 第 8 条 写入数据库完成
2019-04-28 10:05:16: 地区 山西 第 45 页 第 13 条 写入数据库完成
2019-04-28 10:05:16: 地区 山西 第 45 页 第 14 条 写入数据库完成
2019-04-28 10:05:16: 地区 山西 第 45 页 第 15 条 写入数据库完成
2019-04-28 10:05:16: 地区 山西 第 45 页 第 16 条 写入数据库完成
2019-04-28 10:05:16: 地区 山西 第 45 页 第 20 条 写入数据库完成
2019-04-28 10:05:16: 地区 山西 第 45 页 第 21 条 写入数据库完成
2019-04-28 10:05:16: 地区 山西 第 45 页 第 24 条 写入数据库完成
2019-04-28 10:05:16: 地区-山西-页码-46已经转成JSON文件
2019-04-28 10:05:16: 地区 山西 第 46 页 第 1 条 写入数据库完成
2019-04-28 10:05:16: 地区 山西 第 46 页 第 0 条 写入数据库完成
2019-04-28 10:05:16: 地区 山西 第 46 页 第 3 条 写入数据库完成
2019-04-28 10:05:16: 地区 山西 第 46 页 第 7 条 写入数据库完成
2019-04-28 10:05:16: 地区 山西 第 46 页 第 5 条 写入数据库完成
2019-04-28 10:05:16: 地区 山西 第 46 页 第 9 条 写入数据库完成
2019-04-28 10:05:16: 地区 山西 第 46 页 第 6 条 写入数据库完成
2019-04-28 10:05:16: 地区 山西 第 46 页 第 13 条 写入数据库完成
2019-04-28 10:05:16: 地区 山西 第 46 页 第 12 条 写入数据库完成
2019-04-28 10:05:16: 地区 山西 第 46 页 第 10 条 写入数据库完成
2019-04-28 10:05:16: 地区 山西 第 46 页 第 14 条 写入数据库完成
2019-04-28 10:05:17: 地区 山西 第 46 页 第 18 条 写入数据库完成
2019-04-28 10:05:17: 地区 山西 第 46 页 第 16 条 写入数据库完成
2019-04-28 10:05:17: 地区 山西 第 46 页 第 23 条 写入数据库完成
2019-04-28 10:05:17: 地区 山西 第 46 页 第 20 条 写入数据库完成
2019-04-28 10:05:17: 地区-山西-页码-48已经转成JSON文件
2019-04-28 10:05:18: 地区-山西-页码-49已经转成JSON文件
2019-04-28 10:05:18: 地区山西任务已经结束
2019-04-28 10:05:24: 地区-山西-页码-50已经转成JSON文件
2019-04-28 10:05:24: 地区 山西 第 50 页 第 1 条 写入数据库完成
2019-04-28 10:05:24: 地区 山西 第 50 页 第 8 条 写入数据库完成
2019-04-28 10:05:24: 地区 山西 第 50 页 第 0 条 写入数据库完成
2019-04-28 10:05:24: 地区 山西 第 50 页 第 5 条 写入数据库完成
2019-04-28 10:05:24: 地区 山西 第 50 页 第 3 条 写入数据库完成
2019-04-28 10:05:24: 地区 山西 第 50 页 第 6 条 写入数据库完成
2019-04-28 10:05:24: 地区 山西 第 50 页 第 13 条 写入数据库完成
2019-04-28 10:05:24: 地区 山西 第 50 页 第 14 条 写入数据库完成
2019-04-28 10:05:24: 地区 山西 第 50 页 第 17 条 写入数据库完成
2019-04-28 10:05:24: 地区 山西 第 50 页 第 16 条 写入数据库完成
2019-04-28 10:05:24: 地区 山西 第 50 页 第 20 条 写入数据库完成
2019-04-28 10:05:24: 地区 山西 第 50 页 第 22 条 写入数据库完成
2019-04-28 10:05:24: 地区 山西 第 50 页 第 24 条 写入数据库完成
2019-04-28 10:05:24: 地区 山西 第 50 页 第 21 条 写入数据库完成
2019-04-28 10:05:28: 地区内蒙古任务已经开始
2019-04-28 10:05:34: 地区-内蒙古-页码-1已经转成JSON文件
2019-04-28 10:05:34: 地区 内蒙古 第 1 页 第 0 条 写入数据库完成
2019-04-28 10:05:35: 地区-内蒙古-页码-5已经转成JSON文件
2019-04-28 10:05:40: 地区-内蒙古-页码-8已经转成JSON文件
2019-04-28 10:05:40: 地区 内蒙古 第 8 页 第 2 条 写入数据库完成
2019-04-28 10:05:40: 地区 内蒙古 第 8 页 第 4 条 写入数据库完成
2019-04-28 10:05:40: 地区 内蒙古 第 8 页 第 8 条 写入数据库完成
2019-04-28 10:05:40: 地区 内蒙古 第 8 页 第 7 条 写入数据库完成
2019-04-28 10:05:41: 地区 内蒙古 第 8 页 第 11 条 写入数据库完成
2019-04-28 10:05:41: 地区 内蒙古 第 8 页 第 16 条 写入数据库完成
2019-04-28 10:05:41: 地区 内蒙古 第 8 页 第 21 条 写入数据库完成
2019-04-28 10:05:42: 地区-内蒙古-页码-12已经转成JSON文件
2019-04-28 10:05:42: 地区 内蒙古 第 12 页 第 0 条 写入数据库完成
2019-04-28 10:05:42: 地区 内蒙古 第 12 页 第 5 条 写入数据库完成
2019-04-28 10:05:42: 地区 内蒙古 第 12 页 第 2 条 写入数据库完成
2019-04-28 10:05:42: 地区 内蒙古 第 12 页 第 6 条 写入数据库完成
2019-04-28 10:05:42: 地区 内蒙古 第 12 页 第 7 条 写入数据库完成
2019-04-28 10:05:42: 地区 内蒙古 第 12 页 第 4 条 写入数据库完成
2019-04-28 10:05:42: 地区 内蒙古 第 12 页 第 1 条 写入数据库完成
2019-04-28 10:05:42: 地区 内蒙古 第 12 页 第 9 条 写入数据库完成
2019-04-28 10:05:42: 地区 内蒙古 第 12 页 第 10 条 写入数据库完成
2019-04-28 10:05:42: 地区 内蒙古 第 12 页 第 11 条 写入数据库完成
2019-04-28 10:05:42: 地区 内蒙古 第 12 页 第 12 条 写入数据库完成
2019-04-28 10:05:42: 地区 内蒙古 第 12 页 第 13 条 写入数据库完成
2019-04-28 10:05:42: 地区 内蒙古 第 12 页 第 14 条 写入数据库完成
2019-04-28 10:05:42: 地区 内蒙古 第 12 页 第 15 条 写入数据库完成
2019-04-28 10:05:42: 地区 内蒙古 第 12 页 第 16 条 写入数据库完成
2019-04-28 10:05:42: 地区 内蒙古 第 12 页 第 18 条 写入数据库完成
2019-04-28 10:05:42: 地区 内蒙古 第 12 页 第 19 条 写入数据库完成
2019-04-28 10:05:42: 地区 内蒙古 第 12 页 第 21 条 写入数据库完成
2019-04-28 10:05:42: 地区 内蒙古 第 12 页 第 23 条 写入数据库完成
2019-04-28 10:05:43: 地区-内蒙古-页码-13已经转成JSON文件
2019-04-28 10:05:43: 地区 内蒙古 第 13 页 第 0 条 写入数据库完成
2019-04-28 10:05:43: 地区 内蒙古 第 13 页 第 5 条 写入数据库完成
2019-04-28 10:05:43: 地区 内蒙古 第 13 页 第 10 条 写入数据库完成
2019-04-28 10:05:43: 地区 内蒙古 第 13 页 第 6 条 写入数据库完成
2019-04-28 10:05:43: 地区 内蒙古 第 13 页 第 2 条 写入数据库完成
2019-04-28 10:05:43: 地区 内蒙古 第 13 页 第 7 条 写入数据库完成
2019-04-28 10:05:43: 地区 内蒙古 第 13 页 第 12 条 写入数据库完成
2019-04-28 10:05:43: 地区 内蒙古 第 13 页 第 22 条 写入数据库完成
2019-04-28 10:05:43: 地区 内蒙古 第 13 页 第 3 条 写入数据库完成
2019-04-28 10:05:43: 地区 内蒙古 第 13 页 第 8 条 写入数据库完成
2019-04-28 10:05:43: 地区 内蒙古 第 13 页 第 13 条 写入数据库完成
2019-04-28 10:05:43: 地区 内蒙古 第 13 页 第 18 条 写入数据库完成
2019-04-28 10:05:43: 地区 内蒙古 第 13 页 第 4 条 写入数据库完成
2019-04-28 10:05:43: 地区 内蒙古 第 13 页 第 9 条 写入数据库完成
2019-04-28 10:05:43: 地区 内蒙古 第 13 页 第 14 条 写入数据库完成
2019-04-28 10:05:49: 地区-内蒙古-页码-16已经转成JSON文件
2019-04-28 10:05:49: 地区 内蒙古 第 16 页 第 0 条 写入数据库完成
2019-04-28 10:05:49: 地区 内蒙古 第 16 页 第 5 条 写入数据库完成
2019-04-28 10:05:49: 地区 内蒙古 第 16 页 第 15 条 写入数据库完成
2019-04-28 10:05:49: 地区 内蒙古 第 16 页 第 1 条 写入数据库完成
2019-04-28 10:05:49: 地区 内蒙古 第 16 页 第 12 条 写入数据库完成
2019-04-28 10:05:49: 地区 内蒙古 第 16 页 第 2 条 写入数据库完成
2019-04-28 10:05:49: 地区 内蒙古 第 16 页 第 18 条 写入数据库完成
2019-04-28 10:05:49: 地区 内蒙古 第 16 页 第 3 条 写入数据库完成
2019-04-28 10:05:49: 地区 内蒙古 第 16 页 第 14 条 写入数据库完成
2019-04-28 10:05:49: 地区 内蒙古 第 16 页 第 19 条 写入数据库完成
2019-04-28 10:05:49: 地区 内蒙古 第 16 页 第 24 条 写入数据库完成
2019-04-28 10:05:49: 地区 内蒙古 第 16 页 第 4 条 写入数据库完成
2019-04-28 10:05:49: 地区 内蒙古 第 16 页 第 6 条 写入数据库完成
2019-04-28 10:05:49: 地区 内蒙古 第 16 页 第 11 条 写入数据库完成
2019-04-28 10:05:49: 地区-内蒙古-页码-17已经转成JSON文件
2019-04-28 10:05:49: 地区 内蒙古 第 17 页 第 24 条 写入数据库完成
2019-04-28 10:05:51: 地区-内蒙古-页码-15已经转成JSON文件
2019-04-28 10:05:51: 地区 内蒙古 第 15 页 第 4 条 写入数据库完成
2019-04-28 10:05:51: 地区 内蒙古 第 15 页 第 9 条 写入数据库完成
2019-04-28 10:05:51: 地区 内蒙古 第 15 页 第 5 条 写入数据库完成
2019-04-28 10:05:51: 地区 内蒙古 第 15 页 第 7 条 写入数据库完成
2019-04-28 10:05:51: 地区 内蒙古 第 15 页 第 6 条 写入数据库完成
2019-04-28 10:05:51: 地区 内蒙古 第 15 页 第 11 条 写入数据库完成
2019-04-28 10:05:51: 地区 内蒙古 第 15 页 第 10 条 写入数据库完成
2019-04-28 10:05:51: 地区 内蒙古 第 15 页 第 14 条 写入数据库完成
2019-04-28 10:05:51: 地区 内蒙古 第 15 页 第 13 条 写入数据库完成
2019-04-28 10:05:51: 地区 内蒙古 第 15 页 第 16 条 写入数据库完成
2019-04-28 10:05:51: 地区 内蒙古 第 15 页 第 15 条 写入数据库完成
2019-04-28 10:05:51: 地区 内蒙古 第 15 页 第 21 条 写入数据库完成
2019-04-28 10:05:51: 地区 内蒙古 第 15 页 第 24 条 写入数据库完成
2019-04-28 10:05:51: 地区 内蒙古 第 15 页 第 22 条 写入数据库完成
2019-04-28 10:05:52: 地区-内蒙古-页码-22已经转成JSON文件
2019-04-28 10:05:52: 地区-内蒙古-页码-23已经转成JSON文件
2019-04-28 10:05:52: 地区 内蒙古 第 23 页 第 11 条 写入数据库完成
2019-04-28 10:05:55: 地区-内蒙古-页码-18已经转成JSON文件
2019-04-28 10:06:02: 地区-内蒙古-页码-26已经转成JSON文件
2019-04-28 10:06:02: 地区 内蒙古 第 26 页 第 17 条 写入数据库完成
2019-04-28 10:06:02: 地区-内蒙古-页码-33已经转成JSON文件
2019-04-28 10:06:02: 地区 内蒙古 第 33 页 第 2 条 写入数据库完成
2019-04-28 10:06:02: 地区 内蒙古 第 33 页 第 3 条 写入数据库完成
2019-04-28 10:06:02: 地区 内蒙古 第 33 页 第 4 条 写入数据库完成
2019-04-28 10:06:02: 地区 内蒙古 第 33 页 第 8 条 写入数据库完成
2019-04-28 10:06:02: 地区 内蒙古 第 33 页 第 11 条 写入数据库完成
2019-04-28 10:06:02: 地区 内蒙古 第 33 页 第 14 条 写入数据库完成
2019-04-28 10:06:02: 地区 内蒙古 第 33 页 第 17 条 写入数据库完成
2019-04-28 10:06:02: 地区 内蒙古 第 33 页 第 18 条 写入数据库完成
2019-04-28 10:06:02: 地区 内蒙古 第 33 页 第 21 条 写入数据库完成
2019-04-28 10:06:02: 地区 内蒙古 第 33 页 第 22 条 写入数据库完成
2019-04-28 10:06:02: 地区 内蒙古 第 33 页 第 20 条 写入数据库完成
2019-04-28 10:06:02: 地区-内蒙古-页码-27已经转成JSON文件
2019-04-28 10:06:02: 地区 内蒙古 第 27 页 第 0 条 写入数据库完成
2019-04-28 10:06:02: 地区 内蒙古 第 27 页 第 6 条 写入数据库完成
2019-04-28 10:06:02: 地区 内蒙古 第 27 页 第 11 条 写入数据库完成
2019-04-28 10:06:02: 地区 内蒙古 第 27 页 第 13 条 写入数据库完成
2019-04-28 10:06:02: 地区 内蒙古 第 27 页 第 18 条 写入数据库完成
2019-04-28 10:06:02: 地区 内蒙古 第 27 页 第 23 条 写入数据库完成
2019-04-28 10:06:02: 地区-内蒙古-页码-29已经转成JSON文件
2019-04-28 10:06:02: 地区 内蒙古 第 29 页 第 5 条 写入数据库完成
2019-04-28 10:06:02: 地区 内蒙古 第 29 页 第 1 条 写入数据库完成
2019-04-28 10:06:02: 地区 内蒙古 第 29 页 第 8 条 写入数据库完成
2019-04-28 10:06:02: 地区 内蒙古 第 29 页 第 2 条 写入数据库完成
2019-04-28 10:06:02: 地区 内蒙古 第 29 页 第 6 条 写入数据库完成
2019-04-28 10:06:02: 地区 内蒙古 第 29 页 第 10 条 写入数据库完成
2019-04-28 10:06:02: 地区 内蒙古 第 29 页 第 14 条 写入数据库完成
2019-04-28 10:06:02: 地区 内蒙古 第 29 页 第 12 条 写入数据库完成
2019-04-28 10:06:02: 地区 内蒙古 第 29 页 第 18 条 写入数据库完成
2019-04-28 10:06:02: 地区 内蒙古 第 29 页 第 16 条 写入数据库完成
2019-04-28 10:06:02: 地区 内蒙古 第 29 页 第 17 条 写入数据库完成
2019-04-28 10:06:07: 地区-内蒙古-页码-34已经转成JSON文件
2019-04-28 10:06:07: 地区 内蒙古 第 34 页 第 1 条 写入数据库完成
2019-04-28 10:06:07: 地区 内蒙古 第 34 页 第 0 条 写入数据库完成
2019-04-28 10:06:07: 地区 内蒙古 第 34 页 第 2 条 写入数据库完成
2019-04-28 10:06:07: 地区 内蒙古 第 34 页 第 4 条 写入数据库完成
2019-04-28 10:06:07: 地区 内蒙古 第 34 页 第 15 条 写入数据库完成
2019-04-28 10:06:07: 地区 内蒙古 第 34 页 第 16 条 写入数据库完成
2019-04-28 10:06:07: 地区 内蒙古 第 34 页 第 17 条 写入数据库完成
2019-04-28 10:06:07: 地区 内蒙古 第 34 页 第 18 条 写入数据库完成
2019-04-28 10:06:07: 地区 内蒙古 第 34 页 第 24 条 写入数据库完成
2019-04-28 10:06:07: 地区 内蒙古 第 34 页 第 22 条 写入数据库完成
